2022-01-09 23:02:29,850 INFO - statictics.__init__() : Statistics initialized
2022-01-09 23:02:29,850 INFO - statictics.__init__() : Added link to history
2022-01-09 23:02:29,881 INFO - statictics.__init__() : History send to GIT
2022-01-09 23:02:31,475 INFO - data.__prepare() : Data prepared
2022-01-09 23:02:32,038 INFO - data.__augment() : Data augmented
2022-01-09 23:02:37,881 INFO - data.__copy() : Data copied
2022-01-09 23:02:43,741 INFO - data.__read() : Data prepared for algorithms
2022-01-09 23:02:44,147 INFO - data.__preprocess() : Data prepared for neural networks
2022-01-09 23:03:44,553 INFO - data.__pca() : Data processed by PCA
2022-01-09 23:03:44,553 INFO - discrete_nbc.__init__() : Algorithm initialized
2022-01-09 23:03:44,569 INFO - discrete_nbc.start() : Training started
2022-01-09 23:03:44,616 INFO - discrete_nbc.start() : Training completed
2022-01-09 23:03:44,616 INFO - discrete_nbc.start() : Prediction started
2022-01-09 23:03:44,631 INFO - discrete_nbc.start() : Prediction completed
2022-01-09 23:03:45,522 INFO - discrete_nbc.start() : Prediction results: method: DiscreteNBC, description: DiscreteNBC,  train_time: 0.046679019927978516, predict_time: 0.015629053115844727,  true_positive: 61, true_negative: 54, false_positive: 71, false_negative: 64, sensitivity: 0.488,  specificity: 0.432, precision: 0.4621212121212121,  accuracy: 0.46,  error: 0.54, f1: 0.47470817120622566, myScore1: 0.6067513920004193, myScore2: 10.169625924851404, myScore3: 30.37344410359491
2022-01-09 23:03:49,663 INFO - statictics.insert() : History send to GIT
2022-01-09 23:03:49,663 INFO - real_boost.__init__() : Algorithm initialized
2022-01-09 23:03:49,663 INFO - real_boost.start() : Training started
2022-01-09 23:03:50,131 INFO - real_boost.start() : Training completed
2022-01-09 23:03:50,131 INFO - real_boost.start() : Prediction started
2022-01-09 23:03:50,131 INFO - real_boost.start() : Prediction completed
2022-01-09 23:03:50,975 INFO - real_boost.start() : Prediction results: method: RealBoost, description: An RealBoost classifier,  train_time: 0.46871352195739746, predict_time: 0.0,  true_positive: 106, true_negative: 68, false_positive: 57, false_negative: 19, sensitivity: 0.848,  specificity: 0.544, precision: 0.6503067484662577,  accuracy: 0.696,  error: 0.30400000000000005, f1: 0.736111111111111, myScore1: 0.970833598823234, myScore2: 1.5704925858273362, myScore3: inf
2022-01-09 23:03:54,944 INFO - statictics.insert() : History send to GIT
2022-01-09 23:03:54,944 INFO - bernoulli_nbc.__init__() : Algorithm initialized
2022-01-09 23:03:54,944 INFO - bernoulli_nbc.start() : Training started
2022-01-09 23:03:54,944 INFO - bernoulli_nbc.start() : Training completed
2022-01-09 23:03:54,944 INFO - bernoulli_nbc.start() : Prediction started
2022-01-09 23:03:54,944 INFO - bernoulli_nbc.start() : Prediction completed
2022-01-09 23:03:55,725 INFO - bernoulli_nbc.start() : Prediction results: method: BernoulliNBC, description: Naive Bayes classifier for multivariate Bernoulli models,  train_time: 0.0, predict_time: 0.0,  true_positive: 110, true_negative: 51, false_positive: 74, false_negative: 15, sensitivity: 0.88,  specificity: 0.408, precision: 0.5978260869565217,  accuracy: 0.644,  error: 0.356, f1: 0.7119741100323623, myScore1: 0.8898685401163278, myScore2: inf, myScore3: inf
2022-01-09 23:03:59,803 INFO - statictics.insert() : History send to GIT
2022-01-09 23:03:59,803 INFO - gaussian_nbc.__init__() : Algorithm initialized
2022-01-09 23:03:59,803 INFO - gaussian_nbc.start() : Training started
2022-01-09 23:03:59,803 INFO - gaussian_nbc.start() : Training completed
2022-01-09 23:03:59,803 INFO - gaussian_nbc.start() : Prediction started
2022-01-09 23:03:59,803 INFO - gaussian_nbc.start() : Prediction completed
2022-01-09 23:04:00,631 INFO - gaussian_nbc.start() : Prediction results: method: GaussianNBC, description: Gaussian Naive Bayes (GaussianNB),  train_time: 0.0, predict_time: 0.0,  true_positive: 102, true_negative: 31, false_positive: 94, false_negative: 23, sensitivity: 0.816,  specificity: 0.248, precision: 0.5204081632653061,  accuracy: 0.532,  error: 0.46799999999999997, f1: 0.6355140186915887, myScore1: 0.7430730393475388, myScore2: inf, myScore3: inf
2022-01-09 23:04:05,475 INFO - statictics.insert() : History send to GIT
2022-01-09 23:04:05,475 INFO - k_neighbors.__init__() : Algorithm initialized
2022-01-09 23:04:05,475 INFO - k_neighbors.start() : Training started
2022-01-09 23:04:05,475 INFO - k_neighbors.start() : Training completed
2022-01-09 23:04:05,475 INFO - k_neighbors.start() : Prediction started
2022-01-09 23:04:05,491 INFO - k_neighbors.start() : Prediction completed
2022-01-09 23:04:06,506 INFO - k_neighbors.start() : Prediction results: method: KNeighborsClassifier, description: Classifier implementing the k-nearest neighbors vote,  train_time: 0.0, predict_time: 0.015622854232788086,  true_positive: 114, true_negative: 62, false_positive: 63, false_negative: 11, sensitivity: 0.912,  specificity: 0.496, precision: 0.6440677966101694,  accuracy: 0.704,  error: 0.29600000000000004, f1: 0.7549668874172186, myScore1: 0.9909280612074641, myScore2: inf, myScore3: 48.32451715722664
2022-01-09 23:04:10,772 INFO - statictics.insert() : History send to GIT
2022-01-09 23:04:10,772 INFO - linear_svm.__init__() : Algorithm initialized
2022-01-09 23:04:10,772 INFO - linear_svm.start() : Training started
2022-01-09 23:04:10,834 INFO - linear_svm.start() : Training completed
2022-01-09 23:04:10,834 INFO - linear_svm.start() : Prediction started
2022-01-09 23:04:10,834 INFO - linear_svm.start() : Prediction completed
2022-01-09 23:04:11,694 INFO - linear_svm.start() : Prediction results: method: LinearSVM, description: Linear Support Vector Classification,  train_time: 0.062494516372680664, predict_time: 0.0,  true_positive: 79, true_negative: 93, false_positive: 32, false_negative: 46, sensitivity: 0.632,  specificity: 0.744, precision: 0.7117117117117117,  accuracy: 0.688,  error: 0.31200000000000006, f1: 0.6694915254237288, myScore1: 0.932829754395856, myScore2: 10.712804327203267, myScore3: inf
2022-01-09 23:04:15,897 INFO - statictics.insert() : History send to GIT
2022-01-09 23:04:15,897 INFO - nonlinear_svm.__init__() : Algorithm initialized
2022-01-09 23:04:15,897 INFO - nonlinear_svm.start() : Training started
2022-01-09 23:04:15,913 INFO - nonlinear_svm.start() : Training completed
2022-01-09 23:04:15,913 INFO - nonlinear_svm.start() : Prediction started
2022-01-09 23:04:15,928 INFO - nonlinear_svm.start() : Prediction completed
2022-01-09 23:04:16,788 INFO - nonlinear_svm.start() : Prediction results: method: NonLinearSVM, description: Non Linear Support Vector Classification,  train_time: 0.01563119888305664, predict_time: 0.01562356948852539,  true_positive: 116, true_negative: 68, false_positive: 57, false_negative: 9, sensitivity: 0.928,  specificity: 0.544, precision: 0.6705202312138728,  accuracy: 0.736,  error: 0.264, f1: 0.7785234899328859, myScore1: 1.055901646875709, myScore2: 49.80574399681924, myScore3: 49.8300654344493
2022-01-09 23:04:21,131 INFO - statictics.insert() : History send to GIT
2022-01-09 23:04:21,131 INFO - lp.__init__() : Algorithm initialized
2022-01-09 23:04:21,131 INFO - lp.start() : Training started
2022-01-09 23:04:21,131 INFO - lp.start() : Training completed
2022-01-09 23:04:21,131 INFO - lp.start() : Prediction started
2022-01-09 23:04:21,131 INFO - lp.start() : Prediction completed
2022-01-09 23:04:21,959 INFO - lp.start() : Prediction results: method: LP, description: Linear perceptron classifier,  train_time: 0.0, predict_time: 0.0,  true_positive: 108, true_negative: 65, false_positive: 60, false_negative: 17, sensitivity: 0.864,  specificity: 0.52, precision: 0.6428571428571429,  accuracy: 0.692,  error: 0.30800000000000005, f1: 0.7372013651877134, myScore1: 0.9651617215548957, myScore2: inf, myScore3: inf
2022-01-09 23:04:26,256 INFO - statictics.insert() : History send to GIT
2022-01-09 23:04:26,256 INFO - mlp.__init__() : Algorithm initialized
2022-01-09 23:04:26,256 INFO - mlp.start() : Training started
2022-01-09 23:04:27,178 INFO - mlp.start() : Training completed
2022-01-09 23:04:27,178 INFO - mlp.start() : Prediction started
2022-01-09 23:04:27,178 INFO - mlp.start() : Prediction completed
2022-01-09 23:04:27,975 INFO - mlp.start() : Prediction results: method: MLP, description: Multi-layer Perceptron classifier.,  train_time: 0.9218370914459229, predict_time: 0.0,  true_positive: 97, true_negative: 93, false_positive: 32, false_negative: 28, sensitivity: 0.776,  specificity: 0.744, precision: 0.751937984496124,  accuracy: 0.76,  error: 0.24, f1: 0.7637795275590551, myScore1: 1.1017502288958068, myScore2: 0.8285406767057389, myScore3: inf
2022-01-09 23:04:32,803 INFO - statictics.insert() : History send to GIT
2022-01-09 23:04:32,803 INFO - ada_boost.__init__() : Algorithm initialized
2022-01-09 23:04:32,803 INFO - ada_boost.start() : Training started
2022-01-09 23:04:32,959 INFO - ada_boost.start() : Training completed
2022-01-09 23:04:32,959 INFO - ada_boost.start() : Prediction started
2022-01-09 23:04:32,959 INFO - ada_boost.start() : Prediction completed
2022-01-09 23:04:33,803 INFO - ada_boost.start() : Prediction results: method: AdaBoostClassifier, description: An AdaBoost classifier,  train_time: 0.1562821865081787, predict_time: 0.0,  true_positive: 107, true_negative: 71, false_positive: 54, false_negative: 18, sensitivity: 0.856,  specificity: 0.568, precision: 0.6645962732919255,  accuracy: 0.712,  error: 0.28800000000000003, f1: 0.7482517482517483, myScore1: 1.001407723677289, myScore2: 4.787824927267639, myScore3: inf
2022-01-09 23:04:38,366 INFO - statictics.insert() : History send to GIT
2022-01-09 23:04:38,366 INFO - gradient_boost.__init__() : Algorithm initialized
2022-01-09 23:04:38,366 INFO - gradient_boost.start() : Training started
2022-01-09 23:04:38,584 INFO - gradient_boost.start() : Training completed
2022-01-09 23:04:38,584 INFO - gradient_boost.start() : Prediction started
2022-01-09 23:04:38,584 INFO - gradient_boost.start() : Prediction completed
2022-01-09 23:04:39,428 INFO - gradient_boost.start() : Prediction results: method: GradientBoostingClassifier, description: An GradientBoost classifier,  train_time: 0.21841168403625488, predict_time: 0.0,  true_positive: 109, true_negative: 57, false_positive: 68, false_negative: 16, sensitivity: 0.872,  specificity: 0.456, precision: 0.615819209039548,  accuracy: 0.664,  error: 0.33599999999999997, f1: 0.7218543046357616, myScore1: 0.9193281208408832, myScore2: 3.3050168896456045, myScore3: inf
