2022-01-09 23:04:43,959 INFO - statictics.__init__() : Statistics initialized
2022-01-09 23:04:43,959 INFO - statictics.__init__() : Added link to history
2022-01-09 23:04:43,991 INFO - statictics.__init__() : History send to GIT
2022-01-09 23:04:46,163 INFO - data.__prepare() : Data prepared
2022-01-09 23:04:47,163 INFO - data.__augment() : Data augmented
2022-01-09 23:04:55,975 INFO - data.__copy() : Data copied
2022-01-09 23:05:01,881 INFO - data.__read() : Data prepared for algorithms
2022-01-09 23:05:02,225 INFO - data.__preprocess() : Data prepared for neural networks
2022-01-09 23:06:02,163 INFO - data.__pca() : Data processed by PCA
2022-01-09 23:06:02,163 INFO - discrete_nbc.__init__() : Algorithm initialized
2022-01-09 23:06:02,163 INFO - discrete_nbc.start() : Training started
2022-01-09 23:06:02,241 INFO - discrete_nbc.start() : Training completed
2022-01-09 23:06:02,241 INFO - discrete_nbc.start() : Prediction started
2022-01-09 23:06:02,272 INFO - discrete_nbc.start() : Prediction completed
2022-01-09 23:06:03,288 INFO - discrete_nbc.start() : Prediction results: method: DiscreteNBC, description: DiscreteNBC,  train_time: 0.07814717292785645, predict_time: 0.031248092651367188,  true_positive: 60, true_negative: 61, false_positive: 64, false_negative: 65, sensitivity: 0.48,  specificity: 0.488, precision: 0.4838709677419355,  accuracy: 0.484,  error: 0.516, f1: 0.4819277108433735, myScore1: 0.6283494018082834, myScore2: 6.1669244425294485, myScore3: 15.42262806950196
2022-01-09 23:06:07,459 INFO - statictics.insert() : History send to GIT
2022-01-09 23:06:07,459 INFO - real_boost.__init__() : Algorithm initialized
2022-01-09 23:06:07,459 INFO - real_boost.start() : Training started
2022-01-09 23:06:08,585 INFO - real_boost.start() : Training completed
2022-01-09 23:06:08,585 INFO - real_boost.start() : Prediction started
2022-01-09 23:06:08,585 INFO - real_boost.start() : Prediction completed
2022-01-09 23:06:09,506 INFO - real_boost.start() : Prediction results: method: RealBoost, description: An RealBoost classifier,  train_time: 1.1252899169921875, predict_time: 0.0,  true_positive: 104, true_negative: 64, false_positive: 61, false_negative: 21, sensitivity: 0.832,  specificity: 0.512, precision: 0.6303030303030303,  accuracy: 0.672,  error: 0.32799999999999996, f1: 0.7172413793103447, myScore1: 0.9281290414659632, myScore2: 0.6373836364120947, myScore3: inf
2022-01-09 23:06:13,569 INFO - statictics.insert() : History send to GIT
2022-01-09 23:06:13,569 INFO - bernoulli_nbc.__init__() : Algorithm initialized
2022-01-09 23:06:13,569 INFO - bernoulli_nbc.start() : Training started
2022-01-09 23:06:13,569 INFO - bernoulli_nbc.start() : Training completed
2022-01-09 23:06:13,569 INFO - bernoulli_nbc.start() : Prediction started
2022-01-09 23:06:13,569 INFO - bernoulli_nbc.start() : Prediction completed
2022-01-09 23:06:14,397 INFO - bernoulli_nbc.start() : Prediction results: method: BernoulliNBC, description: Naive Bayes classifier for multivariate Bernoulli models,  train_time: 0.0, predict_time: 0.0,  true_positive: 109, true_negative: 61, false_positive: 64, false_negative: 16, sensitivity: 0.872,  specificity: 0.488, precision: 0.630057803468208,  accuracy: 0.68,  error: 0.31999999999999995, f1: 0.7315436241610737, myScore1: 0.9452775924273578, myScore2: inf, myScore3: inf
