2022-01-10 10:54:06,897 INFO - statictics.__init__() : Statistics initialized
2022-01-10 10:54:06,897 INFO - statictics.__init__() : Added link to history
2022-01-10 10:54:06,928 INFO - statictics.__init__() : History send to GIT
2022-01-10 10:54:08,616 INFO - data.__prepare() : Data prepared
2022-01-10 10:54:09,167 INFO - data.__augment() : Data augmented
2022-01-10 10:54:15,069 INFO - data.__copy() : Data copied
2022-01-10 10:54:20,944 INFO - data.__read() : Data prepared for algorithms
2022-01-10 10:54:21,288 INFO - data.__preprocess() : Data prepared for neural networks
2022-01-10 10:55:19,381 INFO - data.__pca() : Data processed by PCA
2022-01-10 10:55:19,397 INFO - discrete_nbc.__init__() : Algorithm initialized
2022-01-10 10:55:19,397 INFO - discrete_nbc.start() : Training started
2022-01-10 10:55:19,506 INFO - discrete_nbc.start() : Training completed
2022-01-10 10:55:19,506 INFO - discrete_nbc.start() : Prediction started
2022-01-10 10:55:19,569 INFO - discrete_nbc.start() : Prediction completed
2022-01-10 10:55:20,538 INFO - discrete_nbc.start() : Prediction results: method: DiscreteNBC, description: DiscreteNBC,  train_time: 0.10926556587219238, predict_time: 0.062494516372680664,  true_positive: 60, true_negative: 61, false_positive: 64, false_negative: 65, sensitivity: 0.48,  specificity: 0.488, precision: 0.4838709677419355,  accuracy: 0.484,  error: 0.516, f1: 0.4819277108433735, myScore1: 0.6283494018082834, myScore2: 4.410609206994662, myScore3: 7.71151996711902
2022-01-10 10:55:24,662 INFO - statictics.insert() : History send to GIT
2022-01-10 10:55:24,662 INFO - real_boost.__init__() : Algorithm initialized
2022-01-10 10:55:24,662 INFO - real_boost.start() : Training started
2022-01-10 10:55:31,600 INFO - real_boost.start() : Training completed
2022-01-10 10:55:31,600 INFO - real_boost.start() : Prediction started
2022-01-10 10:55:31,600 INFO - real_boost.start() : Prediction completed
2022-01-10 10:55:32,397 INFO - real_boost.start() : Prediction results: method: RealBoost, description: An RealBoost classifier,  train_time: 6.937621116638184, predict_time: 0.0,  true_positive: 102, true_negative: 61, false_positive: 64, false_negative: 23, sensitivity: 0.816,  specificity: 0.488, precision: 0.6144578313253012,  accuracy: 0.652,  error: 0.348, f1: 0.7010309278350515, myScore1: 0.8949175688891364, myScore2: 0.10104773899424987, myScore3: inf
2022-01-10 10:55:36,491 INFO - statictics.insert() : History send to GIT
2022-01-10 10:55:36,491 INFO - bernoulli_nbc.__init__() : Algorithm initialized
2022-01-10 10:55:36,491 INFO - bernoulli_nbc.start() : Training started
2022-01-10 10:55:36,491 INFO - bernoulli_nbc.start() : Training completed
2022-01-10 10:55:36,506 INFO - bernoulli_nbc.start() : Prediction started
2022-01-10 10:55:36,506 INFO - bernoulli_nbc.start() : Prediction completed
2022-01-10 10:55:37,350 INFO - bernoulli_nbc.start() : Prediction results: method: BernoulliNBC, description: Naive Bayes classifier for multivariate Bernoulli models,  train_time: 0.0, predict_time: 0.0,  true_positive: 109, true_negative: 61, false_positive: 64, false_negative: 16, sensitivity: 0.872,  specificity: 0.488, precision: 0.630057803468208,  accuracy: 0.68,  error: 0.31999999999999995, f1: 0.7315436241610737, myScore1: 0.9452775924273578, myScore2: inf, myScore3: inf
2022-01-10 10:55:41,131 INFO - statictics.insert() : History send to GIT
2022-01-10 10:55:41,131 INFO - gaussian_nbc.__init__() : Algorithm initialized
2022-01-10 10:55:41,131 INFO - gaussian_nbc.start() : Training started
2022-01-10 10:55:41,131 INFO - gaussian_nbc.start() : Training completed
2022-01-10 10:55:41,131 INFO - gaussian_nbc.start() : Prediction started
2022-01-10 10:55:41,131 INFO - gaussian_nbc.start() : Prediction completed
2022-01-10 10:55:41,913 INFO - gaussian_nbc.start() : Prediction results: method: GaussianNBC, description: Gaussian Naive Bayes (GaussianNB),  train_time: 0.0, predict_time: 0.0,  true_positive: 108, true_negative: 30, false_positive: 95, false_negative: 17, sensitivity: 0.864,  specificity: 0.24, precision: 0.5320197044334976,  accuracy: 0.552,  error: 0.44799999999999995, f1: 0.6585365853658536, myScore1: 0.7712845488405623, myScore2: inf, myScore3: inf
2022-01-10 10:55:46,381 INFO - statictics.insert() : History send to GIT
2022-01-10 10:55:46,381 INFO - k_neighbors.__init__() : Algorithm initialized
2022-01-10 10:55:46,381 INFO - k_neighbors.start() : Training started
2022-01-10 10:55:46,381 INFO - k_neighbors.start() : Training completed
2022-01-10 10:55:46,381 INFO - k_neighbors.start() : Prediction started
2022-01-10 10:55:46,413 INFO - k_neighbors.start() : Prediction completed
2022-01-10 10:55:47,256 INFO - k_neighbors.start() : Prediction results: method: KNeighborsClassifier, description: Classifier implementing the k-nearest neighbors vote,  train_time: 0.0, predict_time: 0.03121018409729004,  true_positive: 111, true_negative: 57, false_positive: 68, false_negative: 14, sensitivity: 0.888,  specificity: 0.456, precision: 0.6201117318435754,  accuracy: 0.672,  error: 0.32799999999999996, f1: 0.7302631578947367, myScore1: 0.9336208009122138, myScore2: inf, myScore3: 23.39823294916562
2022-01-10 10:55:51,459 INFO - statictics.insert() : History send to GIT
2022-01-10 10:55:51,459 INFO - linear_svm.__init__() : Algorithm initialized
2022-01-10 10:55:51,459 INFO - linear_svm.start() : Training started
2022-01-10 10:55:51,522 INFO - linear_svm.start() : Training completed
2022-01-10 10:55:51,522 INFO - linear_svm.start() : Prediction started
2022-01-10 10:55:51,522 INFO - linear_svm.start() : Prediction completed
2022-01-10 10:55:52,428 INFO - linear_svm.start() : Prediction results: method: LinearSVM, description: Linear Support Vector Classification,  train_time: 0.06252908706665039, predict_time: 0.0,  true_positive: 106, true_negative: 54, false_positive: 71, false_negative: 19, sensitivity: 0.848,  specificity: 0.432, precision: 0.5988700564971752,  accuracy: 0.64,  error: 0.36, f1: 0.7019867549668874, myScore1: 0.8806581609109391, myScore2: 11.226563314743947, myScore3: inf
2022-01-10 10:55:56,756 INFO - statictics.insert() : History send to GIT
2022-01-10 10:55:56,756 INFO - nonlinear_svm.__init__() : Algorithm initialized
2022-01-10 10:55:56,756 INFO - nonlinear_svm.start() : Training started
2022-01-10 10:55:56,788 INFO - nonlinear_svm.start() : Training completed
2022-01-10 10:55:56,788 INFO - nonlinear_svm.start() : Prediction started
2022-01-10 10:55:56,788 INFO - nonlinear_svm.start() : Prediction completed
2022-01-10 10:55:57,631 INFO - nonlinear_svm.start() : Prediction results: method: NonLinearSVM, description: Non Linear Support Vector Classification,  train_time: 0.031198978424072266, predict_time: 0.0,  true_positive: 117, true_negative: 65, false_positive: 60, false_negative: 8, sensitivity: 0.936,  specificity: 0.52, precision: 0.6610169491525424,  accuracy: 0.728,  error: 0.272, f1: 0.7748344370860928, myScore1: 1.03956597228183, myScore2: 24.83525026217692, myScore3: inf
2022-01-10 10:56:02,147 INFO - statictics.insert() : History send to GIT
2022-01-10 10:56:02,147 INFO - lp.__init__() : Algorithm initialized
2022-01-10 10:56:02,147 INFO - lp.start() : Training started
2022-01-10 10:56:02,147 INFO - lp.start() : Training completed
2022-01-10 10:56:02,147 INFO - lp.start() : Prediction started
2022-01-10 10:56:02,147 INFO - lp.start() : Prediction completed
2022-01-10 10:56:03,147 INFO - lp.start() : Prediction results: method: LP, description: Linear perceptron classifier,  train_time: 0.0, predict_time: 0.0,  true_positive: 100, true_negative: 82, false_positive: 43, false_negative: 25, sensitivity: 0.8,  specificity: 0.656, precision: 0.6993006993006993,  accuracy: 0.728,  error: 0.272, f1: 0.746268656716418, myScore1: 1.0291114571118083, myScore2: inf, myScore3: inf
2022-01-10 10:56:07,428 INFO - statictics.insert() : History send to GIT
2022-01-10 10:56:07,428 INFO - mlp.__init__() : Algorithm initialized
2022-01-10 10:56:07,428 INFO - mlp.start() : Training started
2022-01-10 10:56:08,069 INFO - mlp.start() : Training completed
2022-01-10 10:56:08,069 INFO - mlp.start() : Prediction started
2022-01-10 10:56:08,069 INFO - mlp.start() : Prediction completed
2022-01-10 10:56:08,834 INFO - mlp.start() : Prediction results: method: MLP, description: Multi-layer Perceptron classifier.,  train_time: 0.6405994892120361, predict_time: 0.0,  true_positive: 106, true_negative: 82, false_positive: 43, false_negative: 19, sensitivity: 0.848,  specificity: 0.656, precision: 0.7114093959731543,  accuracy: 0.752,  error: 0.248, f1: 0.7737226277372262, myScore1: 1.0868280599175415, myScore2: 1.207810247693043, myScore3: inf
2022-01-10 10:56:13,522 INFO - statictics.insert() : History send to GIT
2022-01-10 10:56:13,522 INFO - ada_boost.__init__() : Algorithm initialized
2022-01-10 10:56:13,522 INFO - ada_boost.start() : Training started
2022-01-10 10:56:15,522 INFO - ada_boost.start() : Training completed
2022-01-10 10:56:15,522 INFO - ada_boost.start() : Prediction started
2022-01-10 10:56:15,600 INFO - ada_boost.start() : Prediction completed
2022-01-10 10:56:16,491 INFO - ada_boost.start() : Prediction results: method: AdaBoostClassifier, description: An AdaBoost classifier,  train_time: 2.000049591064453, predict_time: 0.0780482292175293,  true_positive: 111, true_negative: 76, false_positive: 49, false_negative: 14, sensitivity: 0.888,  specificity: 0.608, precision: 0.69375,  accuracy: 0.748,  error: 0.252, f1: 0.7789473684210526, myScore1: 1.080074081035923, myScore2: 0.38946402724268775, myScore3: 9.98033365049241
2022-01-10 10:56:21,069 INFO - statictics.insert() : History send to GIT
2022-01-10 10:56:21,069 INFO - gradient_boost.__init__() : Algorithm initialized
2022-01-10 10:56:21,069 INFO - gradient_boost.start() : Training started
2022-01-10 10:56:24,428 INFO - gradient_boost.start() : Training completed
2022-01-10 10:56:24,428 INFO - gradient_boost.start() : Prediction started
2022-01-10 10:56:24,428 INFO - gradient_boost.start() : Prediction completed
2022-01-10 10:56:25,210 INFO - gradient_boost.start() : Prediction results: method: GradientBoostingClassifier, description: An GradientBoost classifier,  train_time: 3.359344244003296, predict_time: 0.0,  true_positive: 113, true_negative: 68, false_positive: 57, false_negative: 12, sensitivity: 0.904,  specificity: 0.544, precision: 0.6647058823529411,  accuracy: 0.724,  error: 0.276, f1: 0.7661016949152543, myScore1: 1.0290402762726314, myScore2: 0.22805096449487378, myScore3: inf
