2021-11-27 15:46:42,769 INFO - data.__prepare() : Data prepared
2021-11-27 15:46:42,834 INFO - data.__augment() : Data augmented
2021-11-27 15:46:42,903 INFO - data.__copy() : Data copied
2021-11-27 15:46:42,972 INFO - data.__read() : Data prepared for algorithms
2021-11-27 15:46:43,067 INFO - data.__preprocess() : Data prepared for neural networks
2021-11-27 15:46:43,068 INFO - discrete_nbc.__init__() : Algorithm initialized
2021-11-27 15:46:43,300 INFO - discrete_nbc.start() : Training started
2021-11-27 15:47:00,101 INFO - discrete_nbc.start() : Training completed
2021-11-27 15:47:00,101 INFO - discrete_nbc.start() : Prediction started
2021-11-27 15:47:02,756 INFO - discrete_nbc.start() : Prediction completed
2021-11-27 15:47:06,404 INFO - discrete_nbc.start() : Prediction results: method: DiscreteNBC, description: DiscreteNBC,  train_time: 16.8008930683136, predict_time: 2.6544227600097656,  true_positive: 2, true_negative: 1, false_positive: 1, false_negative: 0, sensitivity: 1.0,  specificity: 0.5, precision: 0.6666666666666666,  accuracy: 0.75,  error: 0.25, f1: 0.8
2021-11-27 15:47:09,832 INFO - bernoulli_nbc.__init__() : Algorithm initialized
2021-11-27 15:47:09,832 INFO - bernoulli_nbc.start() : Training started
2021-11-27 15:47:09,953 INFO - bernoulli_nbc.start() : Training completed
2021-11-27 15:47:09,954 INFO - bernoulli_nbc.start() : Prediction started
2021-11-27 15:47:10,002 INFO - bernoulli_nbc.start() : Prediction completed
2021-11-27 15:47:13,414 INFO - bernoulli_nbc.start() : Prediction results: method: BernoulliNBC, description: Naive Bayes classifier for multivariate Bernoulli models,  train_time: 0.12038540840148926, predict_time: 0.04720330238342285,  true_positive: 2, true_negative: 1, false_positive: 1, false_negative: 0, sensitivity: 1.0,  specificity: 0.5, precision: 0.6666666666666666,  accuracy: 0.75,  error: 0.25, f1: 0.8
2021-11-27 15:47:16,064 INFO - complement_nbc.__init__() : Algorithm initialized
2021-11-27 15:47:16,064 INFO - complement_nbc.start() : Training started
2021-11-27 15:47:16,180 INFO - complement_nbc.start() : Training completed
2021-11-27 15:47:16,181 INFO - complement_nbc.start() : Prediction started
2021-11-27 15:47:16,192 INFO - complement_nbc.start() : Prediction completed
2021-11-27 15:47:18,537 INFO - complement_nbc.start() : Prediction results: method: ComplementNBC, description: The Complement Naive Bayes classifier described in Rennie et al,  train_time: 0.11391329765319824, predict_time: 0.010997295379638672,  true_positive: 2, true_negative: 1, false_positive: 1, false_negative: 0, sensitivity: 1.0,  specificity: 0.5, precision: 0.6666666666666666,  accuracy: 0.75,  error: 0.25, f1: 0.8
2021-11-27 15:47:21,279 INFO - gaussian_nbc.__init__() : Algorithm initialized
2021-11-27 15:47:21,279 INFO - gaussian_nbc.start() : Training started
2021-11-27 15:47:21,461 INFO - gaussian_nbc.start() : Training completed
2021-11-27 15:47:21,464 INFO - gaussian_nbc.start() : Prediction started
2021-11-27 15:47:21,534 INFO - gaussian_nbc.start() : Prediction completed
2021-11-27 15:47:24,019 INFO - gaussian_nbc.start() : Prediction results: method: GaussianNBC, description: Gaussian Naive Bayes (GaussianNB),  train_time: 0.18056821823120117, predict_time: 0.07043290138244629,  true_positive: 2, true_negative: 2, false_positive: 0, false_negative: 0, sensitivity: 1.0,  specificity: 1.0, precision: 1.0,  accuracy: 1.0,  error: 0.0, f1: 1.0
