2022-01-10 10:59:04,850 INFO - statictics.__init__() : Statistics initialized
2022-01-10 10:59:04,850 INFO - statictics.__init__() : Added link to history
2022-01-10 10:59:04,882 INFO - statictics.__init__() : History send to GIT
2022-01-10 10:59:06,459 INFO - data.__prepare() : Data prepared
2022-01-10 10:59:06,991 INFO - data.__augment() : Data augmented
2022-01-10 10:59:12,698 INFO - data.__copy() : Data copied
2022-01-10 10:59:19,073 INFO - data.__read() : Data prepared for algorithms
2022-01-10 10:59:19,397 INFO - data.__preprocess() : Data prepared for neural networks
2022-01-10 11:00:17,163 INFO - data.__pca() : Data processed by PCA
2022-01-10 11:00:17,194 INFO - discrete_nbc.__init__() : Algorithm initialized
2022-01-10 11:00:17,194 INFO - discrete_nbc.start() : Training started
2022-01-10 11:00:17,522 INFO - discrete_nbc.start() : Training completed
2022-01-10 11:00:17,522 INFO - discrete_nbc.start() : Prediction started
2022-01-10 11:00:17,678 INFO - discrete_nbc.start() : Prediction completed
2022-01-10 11:00:18,647 INFO - discrete_nbc.start() : Prediction results: method: DiscreteNBC, description: DiscreteNBC,  train_time: 0.32814526557922363, predict_time: 0.15624213218688965,  true_positive: 72, true_negative: 68, false_positive: 57, false_negative: 53, sensitivity: 0.576,  specificity: 0.544, precision: 0.5581395348837209,  accuracy: 0.56,  error: 0.43999999999999995, f1: 0.5669291338582677, myScore1: 0.7345512476902332, myScore2: 1.7276773225953943, myScore3: 3.6285291676647957
2022-01-10 11:00:22,991 INFO - statictics.insert() : History send to GIT
2022-01-10 11:00:22,991 INFO - real_boost.__init__() : Algorithm initialized
2022-01-10 11:00:22,991 INFO - real_boost.start() : Training started
2022-01-10 11:00:51,913 INFO - real_boost.start() : Training completed
2022-01-10 11:00:51,913 INFO - real_boost.start() : Prediction started
2022-01-10 11:00:51,928 INFO - real_boost.start() : Prediction completed
2022-01-10 11:00:52,803 INFO - real_boost.start() : Prediction results: method: RealBoost, description: An RealBoost classifier,  train_time: 28.92193579673767, predict_time: 0.01554560661315918,  true_positive: 107, true_negative: 57, false_positive: 68, false_negative: 18, sensitivity: 0.856,  specificity: 0.456, precision: 0.6114285714285714,  accuracy: 0.656,  error: 0.344, f1: 0.7133333333333333, myScore1: 0.9053071982281284, myScore2: 0.024664093660487125, myScore3: 45.88649070339299
2022-01-10 11:00:57,162 INFO - statictics.insert() : History send to GIT
2022-01-10 11:00:57,162 INFO - bernoulli_nbc.__init__() : Algorithm initialized
2022-01-10 11:00:57,162 INFO - bernoulli_nbc.start() : Training started
2022-01-10 11:00:57,162 INFO - bernoulli_nbc.start() : Training completed
2022-01-10 11:00:57,162 INFO - bernoulli_nbc.start() : Prediction started
2022-01-10 11:00:57,162 INFO - bernoulli_nbc.start() : Prediction completed
2022-01-10 11:00:57,975 INFO - bernoulli_nbc.start() : Prediction results: method: BernoulliNBC, description: Naive Bayes classifier for multivariate Bernoulli models,  train_time: 0.0, predict_time: 0.0,  true_positive: 103, true_negative: 60, false_positive: 65, false_negative: 22, sensitivity: 0.824,  specificity: 0.48, precision: 0.6130952380952381,  accuracy: 0.652,  error: 0.348, f1: 0.7030716723549488, myScore1: 0.8958016818260788, myScore2: inf, myScore3: inf
2022-01-10 11:01:02,194 INFO - statictics.insert() : History send to GIT
2022-01-10 11:01:02,194 INFO - gaussian_nbc.__init__() : Algorithm initialized
2022-01-10 11:01:02,194 INFO - gaussian_nbc.start() : Training started
2022-01-10 11:01:02,194 INFO - gaussian_nbc.start() : Training completed
2022-01-10 11:01:02,194 INFO - gaussian_nbc.start() : Prediction started
2022-01-10 11:01:02,194 INFO - gaussian_nbc.start() : Prediction completed
2022-01-10 11:01:02,944 INFO - gaussian_nbc.start() : Prediction results: method: GaussianNBC, description: Gaussian Naive Bayes (GaussianNB),  train_time: 0.0, predict_time: 0.0,  true_positive: 114, true_negative: 23, false_positive: 102, false_negative: 11, sensitivity: 0.912,  specificity: 0.184, precision: 0.5277777777777778,  accuracy: 0.548,  error: 0.45199999999999996, f1: 0.6686217008797654, myScore1: 0.7727275662707579, myScore2: inf, myScore3: inf
2022-01-10 11:01:07,256 INFO - statictics.insert() : History send to GIT
2022-01-10 11:01:07,256 INFO - k_neighbors.__init__() : Algorithm initialized
2022-01-10 11:01:07,256 INFO - k_neighbors.start() : Training started
2022-01-10 11:01:07,256 INFO - k_neighbors.start() : Training completed
2022-01-10 11:01:07,256 INFO - k_neighbors.start() : Prediction started
2022-01-10 11:01:07,272 INFO - k_neighbors.start() : Prediction completed
2022-01-10 11:01:08,163 INFO - k_neighbors.start() : Prediction results: method: KNeighborsClassifier, description: Classifier implementing the k-nearest neighbors vote,  train_time: 0.0, predict_time: 0.015540361404418945,  true_positive: 115, true_negative: 52, false_positive: 73, false_negative: 10, sensitivity: 0.92,  specificity: 0.416, precision: 0.6117021276595744,  accuracy: 0.668,  error: 0.33199999999999996, f1: 0.7348242811501596, myScore1: 0.9301871726181457, myScore2: inf, myScore3: 47.28489010179714
2022-01-10 11:01:12,209 INFO - statictics.insert() : History send to GIT
2022-01-10 11:01:12,209 INFO - linear_svm.__init__() : Algorithm initialized
2022-01-10 11:01:12,209 INFO - linear_svm.start() : Training started
2022-01-10 11:01:12,366 INFO - linear_svm.start() : Training completed
2022-01-10 11:01:12,366 INFO - linear_svm.start() : Prediction started
2022-01-10 11:01:12,366 INFO - linear_svm.start() : Prediction completed
2022-01-10 11:01:13,444 INFO - linear_svm.start() : Prediction results: method: LinearSVM, description: Linear Support Vector Classification,  train_time: 0.15627503395080566, predict_time: 0.0,  true_positive: 100, true_negative: 82, false_positive: 43, false_negative: 25, sensitivity: 0.8,  specificity: 0.656, precision: 0.6993006993006993,  accuracy: 0.728,  error: 0.272, f1: 0.746268656716418, myScore1: 1.0291114571118083, myScore2: 4.775354308682079, myScore3: inf
2022-01-10 11:01:18,084 INFO - statictics.insert() : History send to GIT
2022-01-10 11:01:18,084 INFO - nonlinear_svm.__init__() : Algorithm initialized
2022-01-10 11:01:18,084 INFO - nonlinear_svm.start() : Training started
2022-01-10 11:01:18,131 INFO - nonlinear_svm.start() : Training completed
2022-01-10 11:01:18,131 INFO - nonlinear_svm.start() : Prediction started
2022-01-10 11:01:18,163 INFO - nonlinear_svm.start() : Prediction completed
2022-01-10 11:01:18,960 INFO - nonlinear_svm.start() : Prediction results: method: NonLinearSVM, description: Non Linear Support Vector Classification,  train_time: 0.04689669609069824, predict_time: 0.03125262260437012,  true_positive: 118, true_negative: 66, false_positive: 59, false_negative: 7, sensitivity: 0.944,  specificity: 0.528, precision: 0.6666666666666666,  accuracy: 0.736,  error: 0.264, f1: 0.7814569536423842, myScore1: 1.0569830222757375, myScore2: 16.663369038429614, myScore3: 25.004524053386533
2022-01-10 11:01:23,209 INFO - statictics.insert() : History send to GIT
2022-01-10 11:01:23,209 INFO - lp.__init__() : Algorithm initialized
2022-01-10 11:01:23,209 INFO - lp.start() : Training started
2022-01-10 11:01:23,225 INFO - lp.start() : Training completed
2022-01-10 11:01:23,225 INFO - lp.start() : Prediction started
2022-01-10 11:01:23,225 INFO - lp.start() : Prediction completed
2022-01-10 11:01:24,069 INFO - lp.start() : Prediction results: method: LP, description: Linear perceptron classifier,  train_time: 0.01562190055847168, predict_time: 0.0,  true_positive: 101, true_negative: 83, false_positive: 42, false_negative: 24, sensitivity: 0.808,  specificity: 0.664, precision: 0.7062937062937062,  accuracy: 0.736,  error: 0.264, f1: 0.753731343283582, myScore1: 1.0470829210590407, myScore2: 48.248376723588684, myScore3: inf
2022-01-10 11:01:28,491 INFO - statictics.insert() : History send to GIT
2022-01-10 11:01:28,491 INFO - mlp.__init__() : Algorithm initialized
2022-01-10 11:01:28,491 INFO - mlp.start() : Training started
2022-01-10 11:01:29,116 INFO - mlp.start() : Training completed
2022-01-10 11:01:29,116 INFO - mlp.start() : Prediction started
2022-01-10 11:01:29,116 INFO - mlp.start() : Prediction completed
2022-01-10 11:01:29,928 INFO - mlp.start() : Prediction results: method: MLP, description: Multi-layer Perceptron classifier.,  train_time: 0.624657154083252, predict_time: 0.0,  true_positive: 109, true_negative: 81, false_positive: 44, false_negative: 16, sensitivity: 0.872,  specificity: 0.648, precision: 0.7124183006535948,  accuracy: 0.76,  error: 0.24, f1: 0.7841726618705036, myScore1: 1.107994827667278, myScore2: 1.2553648937573714, myScore3: inf
2022-01-10 11:01:34,397 INFO - statictics.insert() : History send to GIT
2022-01-10 11:01:34,397 INFO - ada_boost.__init__() : Algorithm initialized
2022-01-10 11:01:34,397 INFO - ada_boost.start() : Training started
2022-01-10 11:01:40,303 INFO - ada_boost.start() : Training completed
2022-01-10 11:01:40,303 INFO - ada_boost.start() : Prediction started
2022-01-10 11:01:40,397 INFO - ada_boost.start() : Prediction completed
2022-01-10 11:01:41,319 INFO - ada_boost.start() : Prediction results: method: AdaBoostClassifier, description: An AdaBoost classifier,  train_time: 5.906250476837158, predict_time: 0.09374475479125977,  true_positive: 111, true_negative: 78, false_positive: 47, false_negative: 14, sensitivity: 0.888,  specificity: 0.624, precision: 0.7025316455696202,  accuracy: 0.756,  error: 0.244, f1: 0.784452296819788, myScore1: 1.0991153785406265, myScore2: 0.13281730937355507, myScore3: 8.36795934414163
