2022-01-10 11:13:04,007 INFO - statictics.__init__() : Statistics initialized
2022-01-10 11:13:04,007 INFO - statictics.__init__() : Added link to history
2022-01-10 11:13:04,038 INFO - statictics.__init__() : History send to GIT
2022-01-10 11:13:05,678 INFO - data.__prepare() : Data prepared
2022-01-10 11:13:06,194 INFO - data.__augment() : Data augmented
2022-01-10 11:13:13,819 INFO - data.__copy() : Data copied
2022-01-10 11:13:19,725 INFO - data.__read() : Data prepared for algorithms
2022-01-10 11:13:20,053 INFO - data.__preprocess() : Data prepared for neural networks
2022-01-10 11:14:17,944 INFO - data.__pca() : Data processed by PCA
2022-01-10 11:14:17,944 INFO - discrete_nbc.__init__() : Algorithm initialized
2022-01-10 11:14:17,959 INFO - discrete_nbc.start() : Training started
2022-01-10 11:14:18,069 INFO - discrete_nbc.start() : Training completed
2022-01-10 11:14:18,069 INFO - discrete_nbc.start() : Prediction started
2022-01-10 11:14:18,178 INFO - discrete_nbc.start() : Prediction completed
2022-01-10 11:14:19,022 INFO - discrete_nbc.start() : Prediction results: method: DiscreteNBC, description: DiscreteNBC,  train_time: 0.1094048023223877, predict_time: 0.10936546325683594,  true_positive: 56, true_negative: 66, false_positive: 59, false_negative: 69, sensitivity: 0.448,  specificity: 0.528, precision: 0.48695652173913045,  accuracy: 0.488,  error: 0.512, f1: 0.4666666666666667, myScore1: 0.6237414855072464, myScore2: 4.265504408951999, myScore3: 4.267038722916921
2022-01-10 11:14:23,241 INFO - statictics.insert() : History send to GIT
2022-01-10 11:14:23,241 INFO - real_boost.__init__() : Algorithm initialized
2022-01-10 11:14:23,241 INFO - real_boost.start() : Training started
2022-01-10 11:15:21,006 INFO - real_boost.start() : Training completed
2022-01-10 11:15:21,006 INFO - real_boost.start() : Prediction started
2022-01-10 11:15:21,022 INFO - real_boost.start() : Prediction completed
2022-01-10 11:15:21,850 INFO - real_boost.start() : Prediction results: method: RealBoost, description: An RealBoost classifier,  train_time: 57.76557779312134, predict_time: 0.01563858985900879,  true_positive: 105, true_negative: 60, false_positive: 65, false_negative: 20, sensitivity: 0.84,  specificity: 0.48, precision: 0.6176470588235294,  accuracy: 0.66,  error: 0.33999999999999997, f1: 0.711864406779661, myScore1: 0.9098145563310069, myScore2: 0.012323332233066127, myScore3: 45.51973120323143
2022-01-10 11:15:26,038 INFO - statictics.insert() : History send to GIT
2022-01-10 11:15:26,038 INFO - bernoulli_nbc.__init__() : Algorithm initialized
2022-01-10 11:15:26,038 INFO - bernoulli_nbc.start() : Training started
2022-01-10 11:15:26,038 INFO - bernoulli_nbc.start() : Training completed
2022-01-10 11:15:26,038 INFO - bernoulli_nbc.start() : Prediction started
2022-01-10 11:15:26,038 INFO - bernoulli_nbc.start() : Prediction completed
2022-01-10 11:15:26,944 INFO - bernoulli_nbc.start() : Prediction results: method: BernoulliNBC, description: Naive Bayes classifier for multivariate Bernoulli models,  train_time: 0.0, predict_time: 0.0,  true_positive: 108, true_negative: 60, false_positive: 65, false_negative: 17, sensitivity: 0.864,  specificity: 0.48, precision: 0.6242774566473989,  accuracy: 0.672,  error: 0.32799999999999996, f1: 0.7248322147651007, myScore1: 0.9313219018277781, myScore2: inf, myScore3: inf
2022-01-10 11:15:31,199 INFO - statictics.insert() : History send to GIT
2022-01-10 11:15:31,199 INFO - gaussian_nbc.__init__() : Algorithm initialized
2022-01-10 11:15:31,199 INFO - gaussian_nbc.start() : Training started
2022-01-10 11:15:31,199 INFO - gaussian_nbc.start() : Training completed
2022-01-10 11:15:31,199 INFO - gaussian_nbc.start() : Prediction started
2022-01-10 11:15:31,199 INFO - gaussian_nbc.start() : Prediction completed
2022-01-10 11:15:31,991 INFO - gaussian_nbc.start() : Prediction results: method: GaussianNBC, description: Gaussian Naive Bayes (GaussianNB),  train_time: 0.0, predict_time: 0.0,  true_positive: 122, true_negative: 36, false_positive: 89, false_negative: 3, sensitivity: 0.976,  specificity: 0.288, precision: 0.5781990521327014,  accuracy: 0.632,  error: 0.368, f1: 0.7261904761904762, myScore1: 0.882254273743291, myScore2: inf, myScore3: inf
2022-01-10 11:15:35,913 INFO - statictics.insert() : History send to GIT
2022-01-10 11:15:35,913 INFO - k_neighbors.__init__() : Algorithm initialized
2022-01-10 11:15:35,913 INFO - k_neighbors.start() : Training started
2022-01-10 11:15:35,913 INFO - k_neighbors.start() : Training completed
2022-01-10 11:15:35,913 INFO - k_neighbors.start() : Prediction started
2022-01-10 11:15:35,928 INFO - k_neighbors.start() : Prediction completed
2022-01-10 11:15:36,756 INFO - k_neighbors.start() : Prediction results: method: KNeighborsClassifier, description: Classifier implementing the k-nearest neighbors vote,  train_time: 0.0, predict_time: 0.015624046325683594,  true_positive: 115, true_negative: 52, false_positive: 73, false_negative: 10, sensitivity: 0.92,  specificity: 0.416, precision: 0.6117021276595744,  accuracy: 0.668,  error: 0.33199999999999996, f1: 0.7348242811501596, myScore1: 0.9301871726181457, myScore2: inf, myScore3: 47.031624576164916
2022-01-10 11:15:41,444 INFO - statictics.insert() : History send to GIT
2022-01-10 11:15:41,444 INFO - linear_svm.__init__() : Algorithm initialized
2022-01-10 11:15:41,444 INFO - linear_svm.start() : Training started
2022-01-10 11:15:41,522 INFO - linear_svm.start() : Training completed
2022-01-10 11:15:41,522 INFO - linear_svm.start() : Prediction started
2022-01-10 11:15:41,522 INFO - linear_svm.start() : Prediction completed
2022-01-10 11:15:42,413 INFO - linear_svm.start() : Prediction results: method: LinearSVM, description: Linear Support Vector Classification,  train_time: 0.07800936698913574, predict_time: 0.0,  true_positive: 100, true_negative: 85, false_positive: 40, false_negative: 25, sensitivity: 0.8,  specificity: 0.68, precision: 0.7142857142857143,  accuracy: 0.74,  error: 0.26, f1: 0.7547169811320756, myScore1: 1.0554024466099938, myScore2: 9.67469690193979, myScore3: inf
