2021-11-27 15:48:43,470 INFO - data.__prepare() : Data prepared
2021-11-27 15:48:43,530 INFO - data.__augment() : Data augmented
2021-11-27 15:48:43,575 INFO - data.__copy() : Data copied
2021-11-27 15:48:43,647 INFO - data.__read() : Data prepared for algorithms
2021-11-27 15:48:43,741 INFO - data.__preprocess() : Data prepared for neural networks
2021-11-27 15:48:43,741 INFO - discrete_nbc.__init__() : Algorithm initialized
2021-11-27 15:48:43,967 INFO - discrete_nbc.start() : Training started
2021-11-27 15:49:00,977 INFO - discrete_nbc.start() : Training completed
2021-11-27 15:49:00,978 INFO - discrete_nbc.start() : Prediction started
2021-11-27 15:49:03,612 INFO - discrete_nbc.start() : Prediction completed
2021-11-27 15:49:07,149 INFO - discrete_nbc.start() : Prediction results: method: DiscreteNBC, description: DiscreteNBC,  train_time: 17.010122299194336, predict_time: 2.634516477584839,  true_positive: 2, true_negative: 1, false_positive: 1, false_negative: 0, sensitivity: 1.0,  specificity: 0.5, precision: 0.6666666666666666,  accuracy: 0.75,  error: 0.25, f1: 0.8
2021-11-27 15:49:10,640 INFO - bernoulli_nbc.__init__() : Algorithm initialized
2021-11-27 15:49:10,641 INFO - bernoulli_nbc.start() : Training started
2021-11-27 15:49:10,757 INFO - bernoulli_nbc.start() : Training completed
2021-11-27 15:49:10,757 INFO - bernoulli_nbc.start() : Prediction started
2021-11-27 15:49:10,791 INFO - bernoulli_nbc.start() : Prediction completed
2021-11-27 15:49:13,528 INFO - bernoulli_nbc.start() : Prediction results: method: BernoulliNBC, description: Naive Bayes classifier for multivariate Bernoulli models,  train_time: 0.1161336898803711, predict_time: 0.03446459770202637,  true_positive: 2, true_negative: 1, false_positive: 1, false_negative: 0, sensitivity: 1.0,  specificity: 0.5, precision: 0.6666666666666666,  accuracy: 0.75,  error: 0.25, f1: 0.8
2021-11-27 15:49:16,526 INFO - complement_nbc.__init__() : Algorithm initialized
2021-11-27 15:49:16,527 INFO - complement_nbc.start() : Training started
2021-11-27 15:49:16,647 INFO - complement_nbc.start() : Training completed
2021-11-27 15:49:16,648 INFO - complement_nbc.start() : Prediction started
2021-11-27 15:49:16,660 INFO - complement_nbc.start() : Prediction completed
2021-11-27 15:49:18,508 INFO - complement_nbc.start() : Prediction results: method: ComplementNBC, description: The Complement Naive Bayes classifier described in Rennie et al,  train_time: 0.11988067626953125, predict_time: 0.011989831924438477,  true_positive: 2, true_negative: 1, false_positive: 1, false_negative: 0, sensitivity: 1.0,  specificity: 0.5, precision: 0.6666666666666666,  accuracy: 0.75,  error: 0.25, f1: 0.8
2021-11-27 15:49:23,941 INFO - gaussian_nbc.__init__() : Algorithm initialized
2021-11-27 15:49:23,941 INFO - gaussian_nbc.start() : Training started
2021-11-27 15:49:24,173 INFO - gaussian_nbc.start() : Training completed
2021-11-27 15:49:24,174 INFO - gaussian_nbc.start() : Prediction started
2021-11-27 15:49:24,257 INFO - gaussian_nbc.start() : Prediction completed
2021-11-27 15:49:25,119 INFO - gaussian_nbc.start() : Prediction results: method: GaussianNBC, description: Gaussian Naive Bayes (GaussianNB),  train_time: 0.23128843307495117, predict_time: 0.08241844177246094,  true_positive: 2, true_negative: 2, false_positive: 0, false_negative: 0, sensitivity: 1.0,  specificity: 1.0, precision: 1.0,  accuracy: 1.0,  error: 0.0, f1: 1.0
