2022-01-06 22:53:21,872 INFO - statictics.__init__() : Statistics initialized
2022-01-06 22:53:21,872 INFO - statictics.__init__() : Added link to history
2022-01-06 22:53:21,880 INFO - statictics.__init__() : History send to GIT
2022-01-06 22:53:43,657 INFO - data.__prepare() : Data prepared
2022-01-06 22:53:43,880 INFO - data.__augment() : Data augmented
2022-01-06 22:54:03,066 INFO - data.__copy() : Data copied
2022-01-06 22:54:22,505 INFO - data.__read() : Data prepared for algorithms
2022-01-06 22:54:23,128 INFO - data.__preprocess() : Data prepared for neural networks
2022-01-06 22:54:23,128 INFO - discrete_nbc.__init__() : Algorithm initialized
2022-01-06 22:54:42,525 INFO - discrete_nbc.start() : Training started
2022-01-06 23:17:51,847 INFO - discrete_nbc.start() : Training completed
2022-01-06 23:17:51,849 INFO - discrete_nbc.start() : Prediction started
2022-01-06 23:30:35,336 INFO - discrete_nbc.start() : Prediction completed
2022-01-06 23:43:01,589 INFO - discrete_nbc.start() : Prediction results: method: DiscreteNBC, description: DiscreteNBC,  train_time: 1389.3218791484833, predict_time: 763.4870181083679,  true_positive: 283, true_negative: 319, false_positive: 56, false_negative: 92, sensitivity: 0.7546666666666667,  specificity: 0.8506666666666667, precision: 0.8348082595870207,  accuracy: 0.8026666666666666,  error: 0.19733333333333336, f1: 0.792717086834734, myScore1: 1.2273961261328257, myScore2: 0.000570578422993375, myScore3: 0.001038284958398883
2022-01-06 23:43:06,077 INFO - statictics.insert() : History send to GIT
2022-01-06 23:43:06,077 INFO - real_boost.__init__() : Algorithm initialized
2022-01-06 23:43:06,077 INFO - real_boost.start() : Training started
2022-01-07 01:44:14,752 INFO - real_boost.start() : Training completed
2022-01-07 01:44:14,752 INFO - real_boost.start() : Prediction started
2022-01-07 01:44:14,868 INFO - real_boost.start() : Prediction completed
2022-01-07 01:44:16,028 INFO - real_boost.start() : Prediction results: method: RealBoost, description: An RealBoost classifier,  train_time: 7268.674560070038, predict_time: 0.11570358276367188,  true_positive: 314, true_negative: 347, false_positive: 28, false_negative: 61, sensitivity: 0.8373333333333334,  specificity: 0.9253333333333333, precision: 0.9181286549707602,  accuracy: 0.8813333333333333,  error: 0.1186666666666667, f1: 0.8758716875871687, myScore1: 1.6368453385041433, myScore2: 0.00012049950515032127, myScore3: 7.569961678508811
