2021-11-29 19:41:24,890 INFO - statictics.__init__() : Statistics initialized
2021-11-29 19:41:24,892 INFO - statictics.__init__() : Added link to history
2021-11-29 19:41:24,895 INFO - statictics.__init__() : History send to GIT
2021-11-29 19:41:29,745 INFO - data.__prepare() : Data prepared
2021-11-29 19:41:29,826 INFO - data.__augment() : Data augmented
2021-11-29 19:41:36,582 INFO - data.__copy() : Data copied
2021-11-29 19:41:44,901 INFO - data.__read() : Data prepared for algorithms
2021-11-29 19:41:45,255 INFO - data.__preprocess() : Data prepared for neural networks
2021-11-29 19:41:45,256 INFO - discrete_nbc.__init__() : Algorithm initialized
2021-11-29 19:42:15,479 INFO - discrete_nbc.start() : Training started
2021-11-29 19:53:17,770 INFO - discrete_nbc.start() : Training completed
2021-11-29 19:53:17,770 INFO - discrete_nbc.start() : Prediction started
2021-11-29 19:59:35,811 INFO - discrete_nbc.start() : Prediction completed
2021-11-29 20:04:57,461 INFO - discrete_nbc.start() : Prediction results: method: DiscreteNBC, description: DiscreteNBC,  train_time: 662.2896556854248, predict_time: 378.0406346321106,  true_positive: 200, true_negative: 170, false_positive: 80, false_negative: 50, sensitivity: 0.8,  specificity: 0.68, precision: 0.7142857142857143,  accuracy: 0.74,  error: 0.26, f1: 0.7547169811320756, myScore1: 1.0554024466099938, myScore2: 0.001139557253617369, myScore3: 0.0019963911600839597
2021-11-29 20:05:01,542 INFO - statictics.insert() : History send to GIT
2021-11-29 20:05:01,542 INFO - real_boost.__init__() : Algorithm initialized
2021-11-29 20:05:01,543 INFO - real_boost.start() : Training started
2021-11-29 22:00:19,638 INFO - real_boost.start() : Training completed
2021-11-29 22:00:19,807 INFO - real_boost.start() : Prediction started
2021-11-29 22:00:21,005 INFO - real_boost.start() : Prediction completed
2021-11-29 22:00:23,688 INFO - real_boost.start() : Prediction results: method: RealBoost, description: An RealBoost classifier,  train_time: 6918.043571949005, predict_time: 1.1868736743927002,  true_positive: 207, true_negative: 203, false_positive: 47, false_negative: 43, sensitivity: 0.828,  specificity: 0.812, precision: 0.8149606299212598,  accuracy: 0.82,  error: 0.18000000000000005, f1: 0.8214285714285714, myScore1: 1.2937659042619671, myScore2: 0.00011873712024007275, myScore3: 0.6920943560812234
2021-11-29 22:00:28,935 INFO - statictics.insert() : History send to GIT
2021-11-29 22:00:28,946 INFO - bernoulli_nbc.__init__() : Algorithm initialized
2021-11-29 22:00:28,955 INFO - bernoulli_nbc.start() : Training started
2021-11-29 22:00:42,751 INFO - bernoulli_nbc.start() : Training completed
2021-11-29 22:00:42,752 INFO - bernoulli_nbc.start() : Prediction started
2021-11-29 22:00:45,289 INFO - bernoulli_nbc.start() : Prediction completed
2021-11-29 22:00:48,064 INFO - bernoulli_nbc.start() : Prediction results: method: BernoulliNBC, description: Naive Bayes classifier for multivariate Bernoulli models,  train_time: 13.795478343963623, predict_time: 2.537731170654297,  true_positive: 203, true_negative: 71, false_positive: 179, false_negative: 47, sensitivity: 0.812,  specificity: 0.284, precision: 0.5314136125654451,  accuracy: 0.548,  error: 0.45199999999999996, f1: 0.6424050632911393, myScore1: 0.7599828309552116, myScore2: 0.04656634929750235, myScore3: 0.2531414953324271
2021-11-29 22:00:51,596 INFO - statictics.insert() : History send to GIT
2021-11-29 22:00:51,598 INFO - complement_nbc.__init__() : Algorithm initialized
2021-11-29 22:00:51,598 INFO - complement_nbc.start() : Training started
2021-11-29 22:00:57,188 INFO - complement_nbc.start() : Training completed
2021-11-29 22:00:57,188 INFO - complement_nbc.start() : Prediction started
2021-11-29 22:00:58,222 INFO - complement_nbc.start() : Prediction completed
2021-11-29 22:01:00,273 INFO - complement_nbc.start() : Prediction results: method: ComplementNBC, description: The Complement Naive Bayes classifier described in Rennie et al,  train_time: 5.587936639785767, predict_time: 1.033963680267334,  true_positive: 192, true_negative: 136, false_positive: 114, false_negative: 58, sensitivity: 0.768,  specificity: 0.544, precision: 0.6274509803921569,  accuracy: 0.656,  error: 0.344, f1: 0.6906474820143885, myScore1: 0.8955665134650146, myScore2: 0.12359615481267643, myScore3: 0.6679610659397822
2021-11-29 22:01:03,935 INFO - statictics.insert() : History send to GIT
2021-11-29 22:01:03,936 INFO - gaussian_nbc.__init__() : Algorithm initialized
2021-11-29 22:01:03,947 INFO - gaussian_nbc.start() : Training started
2021-11-29 22:01:20,815 INFO - gaussian_nbc.start() : Training completed
2021-11-29 22:01:20,823 INFO - gaussian_nbc.start() : Prediction started
2021-11-29 22:01:32,235 INFO - gaussian_nbc.start() : Prediction completed
2021-11-29 22:01:38,623 INFO - gaussian_nbc.start() : Prediction results: method: GaussianNBC, description: Gaussian Naive Bayes (GaussianNB),  train_time: 16.866846323013306, predict_time: 11.412570714950562,  true_positive: 206, true_negative: 154, false_positive: 96, false_negative: 44, sensitivity: 0.824,  specificity: 0.616, precision: 0.6821192052980133,  accuracy: 0.72,  error: 0.28, f1: 0.7463768115942029, myScore1: 1.01454318346976, myScore2: 0.04425111827667739, myScore3: 0.06539953444638404
2021-11-29 22:01:41,886 INFO - statictics.insert() : History send to GIT
2021-11-29 22:01:41,887 INFO - multinomial_nbc.__init__() : Algorithm initialized
2021-11-29 22:01:41,889 INFO - multinomial_nbc.start() : Training started
2021-11-29 22:01:47,107 INFO - multinomial_nbc.start() : Training completed
2021-11-29 22:01:47,107 INFO - multinomial_nbc.start() : Prediction started
2021-11-29 22:01:48,159 INFO - multinomial_nbc.start() : Prediction completed
2021-11-29 22:01:49,727 INFO - multinomial_nbc.start() : Prediction results: method: MultinomialNBC, description: Naive Bayes classifier for multinomial models,  train_time: 5.218324184417725, predict_time: 1.0515270233154297,  true_positive: 192, true_negative: 136, false_positive: 114, false_negative: 58, sensitivity: 0.768,  specificity: 0.544, precision: 0.6274509803921569,  accuracy: 0.656,  error: 0.344, f1: 0.6906474820143885, myScore1: 0.8955665134650146, myScore2: 0.13235043619495881, myScore3: 0.6568043109693938
2021-11-29 22:01:52,882 INFO - statictics.insert() : History send to GIT
2021-11-29 22:01:52,891 INFO - k_neighbors.__init__() : Algorithm initialized
2021-11-29 22:01:52,892 INFO - k_neighbors.start() : Training started
2021-11-29 22:01:53,162 INFO - k_neighbors.start() : Training completed
2021-11-29 22:01:53,162 INFO - k_neighbors.start() : Prediction started
2021-11-29 22:02:05,214 INFO - k_neighbors.start() : Prediction completed
2021-11-29 22:02:19,251 INFO - k_neighbors.start() : Prediction results: method: KNeighborsClassifier, description: Classifier implementing the k-nearest neighbors vote,  train_time: 0.2687356472015381, predict_time: 12.05286169052124,  true_positive: 211, true_negative: 193, false_positive: 57, false_negative: 39, sensitivity: 0.844,  specificity: 0.772, precision: 0.7873134328358209,  accuracy: 0.808,  error: 0.19199999999999995, f1: 0.8146718146718146, myScore1: 1.2493005839528228, myScore2: 3.0314988843324238, myScore3: 0.0675915675123443
2021-11-29 22:02:22,378 INFO - statictics.insert() : History send to GIT
2021-11-29 22:02:22,388 INFO - linear_svm.__init__() : Algorithm initialized
2021-11-29 22:02:22,388 INFO - linear_svm.start() : Training started
2021-11-29 22:20:12,475 INFO - linear_svm.start() : Training completed
2021-11-29 22:20:12,499 INFO - linear_svm.start() : Prediction started
2021-11-29 22:20:15,185 INFO - linear_svm.start() : Prediction completed
2021-11-29 22:20:18,388 INFO - linear_svm.start() : Prediction results: method: LinearSVM, description: Linear Support Vector Classification,  train_time: 1070.0591912269592, predict_time: 2.6859583854675293,  true_positive: 203, true_negative: 204, false_positive: 46, false_negative: 47, sensitivity: 0.812,  specificity: 0.816, precision: 0.8152610441767069,  accuracy: 0.814,  error: 0.18600000000000005, f1: 0.8136272545090181, myScore1: 1.2701741402743303, myScore2: 0.0007603572411504552, myScore3: 0.30291878642319126
2021-11-29 22:20:23,930 INFO - statictics.insert() : History send to GIT
2021-11-29 22:20:23,942 INFO - nonlinear_svm.__init__() : Algorithm initialized
2021-11-29 22:20:23,942 INFO - nonlinear_svm.start() : Training started
2021-11-29 22:25:37,321 INFO - nonlinear_svm.start() : Training completed
2021-11-29 22:25:37,322 INFO - nonlinear_svm.start() : Prediction started
2021-11-29 22:29:06,598 INFO - nonlinear_svm.start() : Prediction completed
2021-11-29 22:33:04,004 INFO - nonlinear_svm.start() : Prediction results: method: NonLinearSVM, description: Non Linear Support Vector Classification,  train_time: 313.3787031173706, predict_time: 209.27587985992432,  true_positive: 215, true_negative: 199, false_positive: 51, false_negative: 35, sensitivity: 0.86,  specificity: 0.796, precision: 0.8082706766917294,  accuracy: 0.828,  error: 0.17200000000000004, f1: 0.8333333333333333, myScore1: 1.3272890831730488, myScore2: 0.002659189424947051, myScore3: 0.003981984612326621
2021-11-29 22:33:07,483 INFO - statictics.insert() : History send to GIT
2021-11-29 22:33:07,484 INFO - ada_boost.__init__() : Algorithm initialized
2021-11-29 22:33:07,485 INFO - ada_boost.start() : Training started
2021-11-29 23:12:11,822 INFO - ada_boost.start() : Training completed
2021-11-29 23:12:11,823 INFO - ada_boost.start() : Prediction started
2021-11-29 23:12:42,728 INFO - ada_boost.start() : Prediction completed
2021-11-29 23:13:17,263 INFO - ada_boost.start() : Prediction results: method: AdaBoostClassifier, description: An AdaBoost classifier,  train_time: 2344.3362514972687, predict_time: 30.90525197982788,  true_positive: 217, true_negative: 194, false_positive: 56, false_negative: 33, sensitivity: 0.868,  specificity: 0.776, precision: 0.7948717948717948,  accuracy: 0.822,  error: 0.17800000000000005, f1: 0.8298279158699808, myScore1: 1.3027988902311587, myScore2: 0.00035397137050625335, myScore3: 0.026850708624269318
2021-11-29 23:13:21,012 INFO - statictics.insert() : History send to GIT
2021-11-29 23:13:21,013 INFO - gradient_boost.__init__() : Algorithm initialized
2021-11-29 23:13:21,013 INFO - gradient_boost.start() : Training started
2021-11-30 01:58:52,366 INFO - gradient_boost.start() : Training completed
2021-11-30 01:58:52,367 INFO - gradient_boost.start() : Prediction started
2021-11-30 01:58:53,072 INFO - gradient_boost.start() : Prediction completed
2021-11-30 01:58:54,309 INFO - gradient_boost.start() : Prediction results: method: GradientBoostingClassifier, description: An GradientBoost classifier,  train_time: 9931.35180234909, predict_time: 0.7051217555999756,  true_positive: 213, true_negative: 204, false_positive: 46, false_negative: 37, sensitivity: 0.852,  specificity: 0.816, precision: 0.8223938223938224,  accuracy: 0.834,  error: 0.16600000000000004, f1: 0.8369351669941061, myScore1: 1.3533166042906521, myScore2: 8.427202898966316e-05, myScore3: 1.1869370932711796
