2022-01-10 11:16:58,428 INFO - statictics.__init__() : Statistics initialized
2022-01-10 11:16:58,428 INFO - statictics.__init__() : Added link to history
2022-01-10 11:16:58,444 INFO - statictics.__init__() : History send to GIT
2022-01-10 11:17:00,209 INFO - data.__prepare() : Data prepared
2022-01-10 11:17:00,725 INFO - data.__augment() : Data augmented
2022-01-10 11:17:10,022 INFO - data.__copy() : Data copied
2022-01-10 11:17:16,022 INFO - data.__read() : Data prepared for algorithms
2022-01-10 11:17:16,350 INFO - data.__preprocess() : Data prepared for neural networks
2022-01-10 11:18:14,319 INFO - data.__pca() : Data processed by PCA
2022-01-10 11:18:14,334 INFO - discrete_nbc.__init__() : Algorithm initialized
2022-01-10 11:18:14,334 INFO - discrete_nbc.start() : Training started
2022-01-10 11:18:14,663 INFO - discrete_nbc.start() : Training completed
2022-01-10 11:18:14,663 INFO - discrete_nbc.start() : Prediction started
2022-01-10 11:18:14,866 INFO - discrete_nbc.start() : Prediction completed
2022-01-10 11:18:15,835 INFO - discrete_nbc.start() : Prediction results: method: DiscreteNBC, description: DiscreteNBC,  train_time: 0.32810544967651367, predict_time: 0.20307421684265137,  true_positive: 72, true_negative: 68, false_positive: 57, false_negative: 53, sensitivity: 0.576,  specificity: 0.544, precision: 0.5581395348837209,  accuracy: 0.56,  error: 0.43999999999999995, f1: 0.5669291338582677, myScore1: 0.7345512476902332, myScore2: 1.7278869778518324, myScore3: 2.791733695555961
2022-01-10 11:18:19,819 INFO - statictics.insert() : History send to GIT
2022-01-10 11:18:19,819 INFO - real_boost.__init__() : Algorithm initialized
2022-01-10 11:18:19,819 INFO - real_boost.start() : Training started
2022-01-10 11:20:12,256 INFO - real_boost.start() : Training completed
2022-01-10 11:20:12,256 INFO - real_boost.start() : Prediction started
2022-01-10 11:20:12,272 INFO - real_boost.start() : Prediction completed
2022-01-10 11:20:13,100 INFO - real_boost.start() : Prediction results: method: RealBoost, description: An RealBoost classifier,  train_time: 112.43751311302185, predict_time: 0.015626192092895508,  true_positive: 104, true_negative: 60, false_positive: 65, false_negative: 21, sensitivity: 0.832,  specificity: 0.48, precision: 0.6153846153846154,  accuracy: 0.656,  error: 0.344, f1: 0.707482993197279, myScore1: 0.9027776325557058, myScore2: 0.00629223266870123, myScore3: 45.27545732136098
2022-01-10 11:20:17,491 INFO - statictics.insert() : History send to GIT
2022-01-10 11:20:17,491 INFO - bernoulli_nbc.__init__() : Algorithm initialized
2022-01-10 11:20:17,491 INFO - bernoulli_nbc.start() : Training started
2022-01-10 11:20:17,491 INFO - bernoulli_nbc.start() : Training completed
2022-01-10 11:20:17,491 INFO - bernoulli_nbc.start() : Prediction started
2022-01-10 11:20:17,506 INFO - bernoulli_nbc.start() : Prediction completed
2022-01-10 11:20:18,303 INFO - bernoulli_nbc.start() : Prediction results: method: BernoulliNBC, description: Naive Bayes classifier for multivariate Bernoulli models,  train_time: 0.0, predict_time: 0.015639305114746094,  true_positive: 103, true_negative: 60, false_positive: 65, false_negative: 22, sensitivity: 0.824,  specificity: 0.48, precision: 0.6130952380952381,  accuracy: 0.652,  error: 0.348, f1: 0.7030716723549488, myScore1: 0.8958016818260788, myScore2: inf, myScore3: 44.95542910612006
2022-01-10 11:20:22,397 INFO - statictics.insert() : History send to GIT
2022-01-10 11:20:22,397 INFO - gaussian_nbc.__init__() : Algorithm initialized
2022-01-10 11:20:22,397 INFO - gaussian_nbc.start() : Training started
2022-01-10 11:20:22,397 INFO - gaussian_nbc.start() : Training completed
2022-01-10 11:20:22,397 INFO - gaussian_nbc.start() : Prediction started
2022-01-10 11:20:22,397 INFO - gaussian_nbc.start() : Prediction completed
2022-01-10 11:20:23,288 INFO - gaussian_nbc.start() : Prediction results: method: GaussianNBC, description: Gaussian Naive Bayes (GaussianNB),  train_time: 0.0, predict_time: 0.0,  true_positive: 114, true_negative: 23, false_positive: 102, false_negative: 11, sensitivity: 0.912,  specificity: 0.184, precision: 0.5277777777777778,  accuracy: 0.548,  error: 0.45199999999999996, f1: 0.6686217008797654, myScore1: 0.7727275662707579, myScore2: inf, myScore3: inf
2022-01-10 11:20:27,428 INFO - statictics.insert() : History send to GIT
2022-01-10 11:20:27,428 INFO - k_neighbors.__init__() : Algorithm initialized
2022-01-10 11:20:27,428 INFO - k_neighbors.start() : Training started
2022-01-10 11:20:27,428 INFO - k_neighbors.start() : Training completed
2022-01-10 11:20:27,428 INFO - k_neighbors.start() : Prediction started
2022-01-10 11:20:27,444 INFO - k_neighbors.start() : Prediction completed
2022-01-10 11:20:28,459 INFO - k_neighbors.start() : Prediction results: method: KNeighborsClassifier, description: Classifier implementing the k-nearest neighbors vote,  train_time: 0.0, predict_time: 0.015665054321289062,  true_positive: 115, true_negative: 52, false_positive: 73, false_negative: 10, sensitivity: 0.92,  specificity: 0.416, precision: 0.6117021276595744,  accuracy: 0.668,  error: 0.33199999999999996, f1: 0.7348242811501596, myScore1: 0.9301871726181457, myScore2: inf, myScore3: 46.90850514010165
2022-01-10 11:20:32,709 INFO - statictics.insert() : History send to GIT
2022-01-10 11:20:32,709 INFO - linear_svm.__init__() : Algorithm initialized
2022-01-10 11:20:32,709 INFO - linear_svm.start() : Training started
2022-01-10 11:20:32,819 INFO - linear_svm.start() : Training completed
2022-01-10 11:20:32,819 INFO - linear_svm.start() : Prediction started
2022-01-10 11:20:32,819 INFO - linear_svm.start() : Prediction completed
2022-01-10 11:20:33,616 INFO - linear_svm.start() : Prediction results: method: LinearSVM, description: Linear Support Vector Classification,  train_time: 0.10953307151794434, predict_time: 0.0,  true_positive: 100, true_negative: 82, false_positive: 43, false_negative: 25, sensitivity: 0.8,  specificity: 0.656, precision: 0.6993006993006993,  accuracy: 0.728,  error: 0.272, f1: 0.746268656716418, myScore1: 1.0291114571118083, myScore2: 6.813181136750647, myScore3: inf
2022-01-10 11:20:41,053 INFO - statictics.insert() : History send to GIT
2022-01-10 11:20:41,053 INFO - nonlinear_svm.__init__() : Algorithm initialized
2022-01-10 11:20:41,053 INFO - nonlinear_svm.start() : Training started
2022-01-10 11:20:41,084 INFO - nonlinear_svm.start() : Training completed
2022-01-10 11:20:41,084 INFO - nonlinear_svm.start() : Prediction started
2022-01-10 11:20:41,100 INFO - nonlinear_svm.start() : Prediction completed
2022-01-10 11:20:41,944 INFO - nonlinear_svm.start() : Prediction results: method: NonLinearSVM, description: Non Linear Support Vector Classification,  train_time: 0.03124713897705078, predict_time: 0.015622615814208984,  true_positive: 118, true_negative: 66, false_positive: 59, false_negative: 7, sensitivity: 0.944,  specificity: 0.528, precision: 0.6666666666666666,  accuracy: 0.736,  error: 0.264, f1: 0.7814569536423842, myScore1: 1.0569830222757375, myScore2: 25.00891215084745, myScore3: 50.020877613314816
2022-01-10 11:20:46,106 INFO - statictics.insert() : History send to GIT
2022-01-10 11:20:46,106 INFO - lp.__init__() : Algorithm initialized
2022-01-10 11:20:46,106 INFO - lp.start() : Training started
2022-01-10 11:20:46,115 INFO - lp.start() : Training completed
2022-01-10 11:20:46,118 INFO - lp.start() : Prediction started
2022-01-10 11:20:46,118 INFO - lp.start() : Prediction completed
2022-01-10 11:20:46,987 INFO - lp.start() : Prediction results: method: LP, description: Linear perceptron classifier,  train_time: 0.008794546127319336, predict_time: 0.0,  true_positive: 101, true_negative: 83, false_positive: 42, false_negative: 24, sensitivity: 0.808,  specificity: 0.664, precision: 0.7062937062937062,  accuracy: 0.736,  error: 0.264, f1: 0.753731343283582, myScore1: 1.0470829210590407, myScore2: 85.7044050223575, myScore3: inf
