2022-01-10 13:57:29,475 INFO - statictics.__init__() : Statistics initialized
2022-01-10 13:57:29,475 INFO - statictics.__init__() : Added link to history
2022-01-10 13:57:29,475 INFO - statictics.__init__() : History send to GIT
2022-01-10 13:58:07,131 INFO - data.__prepare() : Data prepared
2022-01-10 13:58:10,100 INFO - data.__augment() : Data augmented
2022-01-10 13:58:50,319 INFO - data.__copy() : Data copied
2022-01-10 13:59:30,174 INFO - data.__read() : Data prepared for algorithms
2022-01-10 13:59:31,112 INFO - data.__preprocess() : Data prepared for neural networks
2022-01-10 14:00:31,553 INFO - data.__pca() : Data processed by PCA
2022-01-10 14:00:31,569 INFO - discrete_nbc.__init__() : Algorithm initialized
2022-01-10 14:00:31,616 INFO - discrete_nbc.start() : Training started
2022-01-10 14:00:33,819 INFO - discrete_nbc.start() : Training completed
2022-01-10 14:00:33,819 INFO - discrete_nbc.start() : Prediction started
2022-01-10 14:00:34,959 INFO - discrete_nbc.start() : Prediction completed
2022-01-10 14:00:37,319 INFO - discrete_nbc.start() : Prediction results: method: DiscreteNBC, description: DiscreteNBC,  train_time: 2.2031612396240234, predict_time: 1.1406121253967285,  true_positive: 154, true_negative: 800, false_positive: 75, false_negative: 721, sensitivity: 0.176,  specificity: 0.9142857142857143, precision: 0.6724890829694323,  accuracy: 0.5451428571428572,  error: 0.45485714285714285, f1: 0.27898550724637683, myScore1: 0.5901337652941446, myScore2: 0.12662963664610702, myScore3: 0.2445927945482255
2022-01-10 14:00:42,475 INFO - statictics.insert() : History send to GIT
2022-01-10 14:00:42,475 INFO - real_boost.__init__() : Algorithm initialized
2022-01-10 14:00:42,475 INFO - real_boost.start() : Training started
2022-01-10 14:00:49,459 INFO - real_boost.start() : Training completed
2022-01-10 14:00:49,459 INFO - real_boost.start() : Prediction started
2022-01-10 14:00:49,491 INFO - real_boost.start() : Prediction completed
2022-01-10 14:00:50,303 INFO - real_boost.start() : Prediction results: method: RealBoost, description: An RealBoost classifier,  train_time: 6.98405647277832, predict_time: 0.03128767013549805,  true_positive: 740, true_negative: 685, false_positive: 190, false_negative: 135, sensitivity: 0.8457142857142858,  specificity: 0.7828571428571428, precision: 0.7956989247311828,  accuracy: 0.8142857142857143,  error: 0.18571428571428572, f1: 0.8199445983379501, myScore1: 1.272289444389346, myScore2: 0.11740234368577045, myScore3: 26.206636505275146
2022-01-10 14:00:54,616 INFO - statictics.insert() : History send to GIT
2022-01-10 14:00:54,616 INFO - bernoulli_nbc.__init__() : Algorithm initialized
2022-01-10 14:00:54,616 INFO - bernoulli_nbc.start() : Training started
2022-01-10 14:00:54,647 INFO - bernoulli_nbc.start() : Training completed
2022-01-10 14:00:54,647 INFO - bernoulli_nbc.start() : Prediction started
2022-01-10 14:00:54,663 INFO - bernoulli_nbc.start() : Prediction completed
2022-01-10 14:00:55,491 INFO - bernoulli_nbc.start() : Prediction results: method: BernoulliNBC, description: Naive Bayes classifier for multivariate Bernoulli models,  train_time: 0.031248092651367188, predict_time: 0.015626192092895508,  true_positive: 673, true_negative: 596, false_positive: 279, false_negative: 202, sensitivity: 0.7691428571428571,  specificity: 0.6811428571428572, precision: 0.7069327731092437,  accuracy: 0.7251428571428571,  error: 0.2748571428571429, f1: 0.7367268746579091, myScore1: 1.0204249356080999, myScore2: 23.576698996560204, myScore3: 47.14692295334473
2022-01-10 14:00:59,569 INFO - statictics.insert() : History send to GIT
2022-01-10 14:00:59,569 INFO - gaussian_nbc.__init__() : Algorithm initialized
2022-01-10 14:00:59,569 INFO - gaussian_nbc.start() : Training started
2022-01-10 14:00:59,600 INFO - gaussian_nbc.start() : Training completed
2022-01-10 14:00:59,600 INFO - gaussian_nbc.start() : Prediction started
2022-01-10 14:00:59,616 INFO - gaussian_nbc.start() : Prediction completed
2022-01-10 14:01:00,522 INFO - gaussian_nbc.start() : Prediction results: method: GaussianNBC, description: Gaussian Naive Bayes (GaussianNB),  train_time: 0.031253814697265625, predict_time: 0.015626907348632812,  true_positive: 671, true_negative: 660, false_positive: 215, false_negative: 204, sensitivity: 0.7668571428571429,  specificity: 0.7542857142857143, precision: 0.7573363431151241,  accuracy: 0.7605714285714286,  error: 0.23942857142857144, f1: 0.7620670073821693, myScore1: 1.1025996644260543, myScore2: 24.383167775319343, myScore3: 48.766335550638686
2022-01-10 14:01:04,741 INFO - statictics.insert() : History send to GIT
2022-01-10 14:01:04,741 INFO - k_neighbors.__init__() : Algorithm initialized
2022-01-10 14:01:04,741 INFO - k_neighbors.start() : Training started
2022-01-10 14:01:04,741 INFO - k_neighbors.start() : Training completed
2022-01-10 14:01:04,741 INFO - k_neighbors.start() : Prediction started
2022-01-10 14:01:05,116 INFO - k_neighbors.start() : Prediction completed
2022-01-10 14:01:06,319 INFO - k_neighbors.start() : Prediction results: method: KNeighborsClassifier, description: Classifier implementing the k-nearest neighbors vote,  train_time: 0.0, predict_time: 0.37497687339782715,  true_positive: 792, true_negative: 768, false_positive: 107, false_negative: 83, sensitivity: 0.9051428571428571,  specificity: 0.8777142857142857, precision: 0.8809788654060067,  accuracy: 0.8914285714285715,  error: 0.10857142857142854, f1: 0.8928974069898534, myScore1: 1.7230277930430464, myScore2: inf, myScore3: 2.38120660322042
