2021-11-28 21:15:00,081 INFO - statictics.__init__() : Statistics initialized
2021-11-28 21:15:00,084 INFO - statictics.__init__() : Added link to history
2021-11-28 21:15:00,090 INFO - statictics.__init__() : History send to GIT
2021-11-28 21:15:06,430 INFO - data.__prepare() : Data prepared
2021-11-28 21:15:06,535 INFO - data.__augment() : Data augmented
2021-11-28 21:15:13,936 INFO - data.__copy() : Data copied
2021-11-28 21:15:20,916 INFO - data.__read() : Data prepared for algorithms
2021-11-28 21:15:21,168 INFO - data.__preprocess() : Data prepared for neural networks
2021-11-28 21:15:21,168 INFO - discrete_nbc.__init__() : Algorithm initialized
2021-11-28 21:15:45,550 INFO - discrete_nbc.start() : Training started
2021-11-28 21:27:12,165 INFO - discrete_nbc.start() : Training completed
2021-11-28 21:27:12,165 INFO - discrete_nbc.start() : Prediction started
2021-11-28 21:33:36,990 INFO - discrete_nbc.start() : Prediction completed
2021-11-28 21:39:37,810 INFO - discrete_nbc.start() : Prediction results: method: DiscreteNBC, description: DiscreteNBC,  train_time: 686.6142339706421, predict_time: 384.8234553337097,  true_positive: 200, true_negative: 170, false_positive: 80, false_negative: 50, sensitivity: 0.8,  specificity: 0.68, precision: 0.7142857142857143,  accuracy: 0.74,  error: 0.26, f1: 0.7547169811320756, myScore1: 1.0554024466099938, myScore2: 0.0010991863317012817, myScore3: 0.0019612031716663503
2021-11-28 21:39:43,725 INFO - statictics.insert() : History send to GIT
2021-11-28 21:39:43,727 INFO - real_boost.__init__() : Algorithm initialized
2021-11-28 21:39:43,727 INFO - real_boost.start() : Training started
2021-11-28 23:19:35,094 INFO - real_boost.start() : Training completed
2021-11-28 23:19:35,096 INFO - real_boost.start() : Prediction started
2021-11-28 23:19:36,070 INFO - real_boost.start() : Prediction completed
2021-11-28 23:19:36,862 INFO - real_boost.start() : Prediction results: method: RealBoost, description: An RealBoost classifier,  train_time: 5991.366187334061, predict_time: 0.9732990264892578,  true_positive: 207, true_negative: 203, false_positive: 47, false_negative: 43, sensitivity: 0.828,  specificity: 0.812, precision: 0.8149606299212598,  accuracy: 0.82,  error: 0.18000000000000005, f1: 0.8214285714285714, myScore1: 1.2937659042619671, myScore2: 0.00013710204747042462, myScore3: 0.8439632107632006
2021-11-28 23:19:39,963 INFO - statictics.insert() : History send to GIT
2021-11-28 23:19:39,976 INFO - bernoulli_nbc.__init__() : Algorithm initialized
2021-11-28 23:19:39,977 INFO - bernoulli_nbc.start() : Training started
2021-11-28 23:19:47,421 INFO - bernoulli_nbc.start() : Training completed
2021-11-28 23:19:47,421 INFO - bernoulli_nbc.start() : Prediction started
2021-11-28 23:19:49,142 INFO - bernoulli_nbc.start() : Prediction completed
2021-11-28 23:19:51,510 INFO - bernoulli_nbc.start() : Prediction results: method: BernoulliNBC, description: Naive Bayes classifier for multivariate Bernoulli models,  train_time: 7.444075107574463, predict_time: 1.7200391292572021,  true_positive: 203, true_negative: 71, false_positive: 179, false_negative: 47, sensitivity: 0.812,  specificity: 0.284, precision: 0.5314136125654451,  accuracy: 0.548,  error: 0.45199999999999996, f1: 0.6424050632911393, myScore1: 0.7599828309552116, myScore2: 0.08629749888437882, myScore3: 0.37348281929409455
2021-11-28 23:19:54,574 INFO - statictics.insert() : History send to GIT
2021-11-28 23:19:54,577 INFO - complement_nbc.__init__() : Algorithm initialized
2021-11-28 23:19:54,577 INFO - complement_nbc.start() : Training started
2021-11-28 23:19:59,535 INFO - complement_nbc.start() : Training completed
2021-11-28 23:19:59,536 INFO - complement_nbc.start() : Prediction started
2021-11-28 23:20:00,656 INFO - complement_nbc.start() : Prediction completed
2021-11-28 23:20:02,272 INFO - complement_nbc.start() : Prediction results: method: ComplementNBC, description: The Complement Naive Bayes classifier described in Rennie et al,  train_time: 4.957724571228027, predict_time: 1.120225429534912,  true_positive: 192, true_negative: 136, false_positive: 114, false_negative: 58, sensitivity: 0.768,  specificity: 0.544, precision: 0.6274509803921569,  accuracy: 0.656,  error: 0.344, f1: 0.6906474820143885, myScore1: 0.8955665134650146, myScore2: 0.13930735201034278, myScore3: 0.6165254455088803
2021-11-28 23:20:05,440 INFO - statictics.insert() : History send to GIT
2021-11-28 23:20:05,443 INFO - gaussian_nbc.__init__() : Algorithm initialized
2021-11-28 23:20:05,443 INFO - gaussian_nbc.start() : Training started
2021-11-28 23:20:15,150 INFO - gaussian_nbc.start() : Training completed
2021-11-28 23:20:15,150 INFO - gaussian_nbc.start() : Prediction started
2021-11-28 23:20:20,899 INFO - gaussian_nbc.start() : Prediction completed
2021-11-28 23:20:27,198 INFO - gaussian_nbc.start() : Prediction results: method: GaussianNBC, description: Gaussian Naive Bayes (GaussianNB),  train_time: 9.706174373626709, predict_time: 5.7482078075408936,  true_positive: 206, true_negative: 154, false_positive: 96, false_negative: 44, sensitivity: 0.824,  specificity: 0.616, precision: 0.6821192052980133,  accuracy: 0.72,  error: 0.28, f1: 0.7463768115942029, myScore1: 1.01454318346976, myScore2: 0.07689711547138828, myScore3: 0.12984513375021942
2021-11-28 23:20:30,432 INFO - statictics.insert() : History send to GIT
2021-11-28 23:20:30,433 INFO - multinomial_nbc.__init__() : Algorithm initialized
2021-11-28 23:20:30,434 INFO - multinomial_nbc.start() : Training started
2021-11-28 23:20:35,727 INFO - multinomial_nbc.start() : Training completed
2021-11-28 23:20:35,728 INFO - multinomial_nbc.start() : Prediction started
2021-11-28 23:20:37,173 INFO - multinomial_nbc.start() : Prediction completed
2021-11-28 23:20:39,487 INFO - multinomial_nbc.start() : Prediction results: method: MultinomialNBC, description: Naive Bayes classifier for multinomial models,  train_time: 5.293262243270874, predict_time: 1.4457125663757324,  true_positive: 192, true_negative: 136, false_positive: 114, false_negative: 58, sensitivity: 0.768,  specificity: 0.544, precision: 0.6274509803921569,  accuracy: 0.656,  error: 0.344, f1: 0.6906474820143885, myScore1: 0.8955665134650146, myScore2: 0.13047671743306932, myScore3: 0.4777211584635927
2021-11-28 23:20:42,984 INFO - statictics.insert() : History send to GIT
2021-11-28 23:20:42,995 INFO - k_neighbors.__init__() : Algorithm initialized
2021-11-28 23:20:42,995 INFO - k_neighbors.start() : Training started
2021-11-28 23:20:43,288 INFO - k_neighbors.start() : Training completed
2021-11-28 23:20:43,288 INFO - k_neighbors.start() : Prediction started
2021-11-28 23:20:54,716 INFO - k_neighbors.start() : Prediction completed
2021-11-28 23:21:10,194 INFO - k_neighbors.start() : Prediction results: method: KNeighborsClassifier, description: Classifier implementing the k-nearest neighbors vote,  train_time: 0.2926332950592041, predict_time: 11.427538871765137,  true_positive: 211, true_negative: 193, false_positive: 57, false_negative: 39, sensitivity: 0.844,  specificity: 0.772, precision: 0.7873134328358209,  accuracy: 0.808,  error: 0.19199999999999995, f1: 0.8146718146718146, myScore1: 1.2493005839528228, myScore2: 2.7839341196872156, myScore3: 0.071290224764379
2021-11-28 23:21:13,199 INFO - statictics.insert() : History send to GIT
2021-11-28 23:21:13,206 INFO - linear_svm.__init__() : Algorithm initialized
2021-11-28 23:21:13,206 INFO - linear_svm.start() : Training started
2021-11-28 23:34:35,680 INFO - linear_svm.start() : Training completed
2021-11-28 23:34:35,689 INFO - linear_svm.start() : Prediction started
2021-11-28 23:34:37,362 INFO - linear_svm.start() : Prediction completed
2021-11-28 23:34:39,569 INFO - linear_svm.start() : Prediction results: method: LinearSVM, description: Linear Support Vector Classification,  train_time: 802.452553987503, predict_time: 1.671403169631958,  true_positive: 209, true_negative: 203, false_positive: 47, false_negative: 41, sensitivity: 0.836,  specificity: 0.812, precision: 0.81640625,  accuracy: 0.824,  error: 0.17600000000000005, f1: 0.8260869565217391, myScore1: 1.3100659214426877, myScore2: 0.001029452710215443, myScore3: 0.4942475708620578
2021-11-28 23:34:42,971 INFO - statictics.insert() : History send to GIT
2021-11-28 23:34:42,976 INFO - nonlinear_svm.__init__() : Algorithm initialized
2021-11-28 23:34:42,977 INFO - nonlinear_svm.start() : Training started
2021-11-28 23:38:30,446 INFO - nonlinear_svm.start() : Training completed
2021-11-28 23:38:30,446 INFO - nonlinear_svm.start() : Prediction started
2021-11-28 23:41:31,324 INFO - nonlinear_svm.start() : Prediction completed
2021-11-28 23:44:37,377 INFO - nonlinear_svm.start() : Prediction results: method: NonLinearSVM, description: Non Linear Support Vector Classification,  train_time: 227.46939992904663, predict_time: 180.87746262550354,  true_positive: 215, true_negative: 199, false_positive: 51, false_negative: 35, sensitivity: 0.86,  specificity: 0.796, precision: 0.8082706766917294,  accuracy: 0.828,  error: 0.17200000000000004, f1: 0.8333333333333333, myScore1: 1.3272890831730488, myScore2: 0.0036634964245444474, myScore3: 0.004607170629426079
2021-11-28 23:44:40,879 INFO - statictics.insert() : History send to GIT
2021-11-28 23:44:40,880 INFO - ada_boost.__init__() : Algorithm initialized
2021-11-28 23:44:40,880 INFO - ada_boost.start() : Training started
2021-11-29 00:14:39,605 INFO - ada_boost.start() : Training completed
2021-11-29 00:14:39,606 INFO - ada_boost.start() : Prediction started
2021-11-29 00:15:05,064 INFO - ada_boost.start() : Prediction completed
2021-11-29 00:15:31,186 INFO - ada_boost.start() : Prediction results: method: AdaBoostClassifier, description: An AdaBoost classifier,  train_time: 1798.7239835262299, predict_time: 25.45801091194153,  true_positive: 217, true_negative: 194, false_positive: 56, false_negative: 33, sensitivity: 0.868,  specificity: 0.776, precision: 0.7948717948717948,  accuracy: 0.822,  error: 0.17800000000000005, f1: 0.8298279158699808, myScore1: 1.3027988902311587, myScore2: 0.0004613425536491602, myScore3: 0.03259594470048465
2021-11-29 00:15:34,446 INFO - statictics.insert() : History send to GIT
2021-11-29 00:15:34,446 INFO - gradient_boost.__init__() : Algorithm initialized
2021-11-29 00:15:34,447 INFO - gradient_boost.start() : Training started
2021-11-29 02:42:26,241 INFO - gradient_boost.start() : Training completed
2021-11-29 02:42:26,241 INFO - gradient_boost.start() : Prediction started
2021-11-29 02:42:26,876 INFO - gradient_boost.start() : Prediction completed
2021-11-29 02:42:28,212 INFO - gradient_boost.start() : Prediction results: method: GradientBoostingClassifier, description: An GradientBoost classifier,  train_time: 8811.794743776321, predict_time: 0.6334531307220459,  true_positive: 213, true_negative: 204, false_positive: 46, false_negative: 37, sensitivity: 0.852,  specificity: 0.816, precision: 0.8223938223938224,  accuracy: 0.834,  error: 0.16600000000000004, f1: 0.8369351669941061, myScore1: 1.3533166042906521, myScore2: 9.497896754633608e-05, myScore3: 1.3212266644575894
2021-11-29 02:42:51,135 INFO - statictics.insert() : History send to GIT
2021-11-29 02:42:56,194 INFO - densenet121.__init__() : Algorithm initialized
2021-11-29 02:42:56,194 INFO - densenet121.start() : Training started
2021-11-29 02:46:54,306 WARNING - data_adapter.catch_stop_iteration() : Your input ran out of data; interrupting training. Make sure that your dataset or generator can generate at least `steps_per_epoch * epochs` batches (in this case, 1472 batches). You may need to use the repeat() function when building your dataset.
2021-11-29 02:47:52,907 INFO - densenet121.start() : Training completed
2021-11-29 02:47:52,907 INFO - densenet121.start() : Training results: {'verbose': 1, 'epochs': 32, 'steps': 46}{'loss': [0.7222065329551697, 0.46498987078666687], 'accuracy': [0.7629076242446899, 0.8214285969734192], 'val_loss': [0.8438820838928223, 0.6484373807907104], 'val_accuracy': [0.6859999895095825, 0.7620000243186951]}
2021-11-29 02:47:53,869 INFO - densenet121.start() : Model saved
2021-11-29 02:47:53,869 INFO - densenet121.start() : Prediction started
2021-11-29 02:48:55,953 INFO - densenet121.start() : Prediction completed
2021-11-29 02:48:56,545 INFO - densenet121.start() : Prediction results: method: DenseNet121, description: ,  train_time: 296.7114107608795, predict_time: 62.083518505096436,  true_positive: 214, true_negative: 167, false_positive: 83, false_negative: 36, sensitivity: 0.856,  specificity: 0.668, precision: 0.7205387205387206,  accuracy: 0.762,  error: 0.238, f1: 0.7824497257769653, myScore1: 1.1120468021692456, myScore2: 0.002637073255020662, myScore3: 0.01260317946884299
2021-11-29 02:49:19,496 INFO - statictics.insert() : History send to GIT
2021-11-29 02:49:26,583 INFO - densenet169.__init__() : Algorithm initialized
2021-11-29 02:49:26,584 INFO - densenet169.start() : Training started
2021-11-29 02:54:12,600 WARNING - data_adapter.catch_stop_iteration() : Your input ran out of data; interrupting training. Make sure that your dataset or generator can generate at least `steps_per_epoch * epochs` batches (in this case, 1472 batches). You may need to use the repeat() function when building your dataset.
2021-11-29 02:55:22,126 INFO - densenet169.start() : Training completed
2021-11-29 02:55:22,126 INFO - densenet169.start() : Training results: {'verbose': 1, 'epochs': 32, 'steps': 46}{'loss': [1.019485354423523, 0.5502199530601501], 'accuracy': [0.6875, 0.8214285969734192], 'val_loss': [0.6374809741973877, 0.814854621887207], 'val_accuracy': [0.7319999933242798, 0.6840000152587891]}
2021-11-29 02:55:23,143 INFO - densenet169.start() : Model saved
2021-11-29 02:55:23,144 INFO - densenet169.start() : Prediction started
2021-11-29 02:56:37,385 INFO - densenet169.start() : Prediction completed
2021-11-29 02:56:37,931 INFO - densenet169.start() : Prediction results: method: DenseNet169, description: ,  train_time: 355.5417947769165, predict_time: 74.24145197868347,  true_positive: 222, true_negative: 120, false_positive: 130, false_negative: 28, sensitivity: 0.888,  specificity: 0.48, precision: 0.6306818181818182,  accuracy: 0.684,  error: 0.31599999999999995, f1: 0.7375415282392027, myScore1: 0.953494642140315, myScore2: 0.002074415832608289, myScore3: 0.009934362927747815
2021-11-29 02:57:00,837 INFO - statictics.insert() : History send to GIT
2021-11-29 02:57:09,034 INFO - densenet201.__init__() : Algorithm initialized
2021-11-29 02:57:09,035 INFO - densenet201.start() : Training started
2021-11-29 03:03:19,370 WARNING - data_adapter.catch_stop_iteration() : Your input ran out of data; interrupting training. Make sure that your dataset or generator can generate at least `steps_per_epoch * epochs` batches (in this case, 1472 batches). You may need to use the repeat() function when building your dataset.
2021-11-29 03:04:47,858 INFO - densenet201.start() : Training completed
2021-11-29 03:04:47,859 INFO - densenet201.start() : Training results: {'verbose': 1, 'epochs': 32, 'steps': 46}{'loss': [0.6666520833969116, 0.51600182056427], 'accuracy': [0.703125, 0.7857142686843872], 'val_loss': [0.5328953266143799, 0.5335100293159485], 'val_accuracy': [0.7440000176429749, 0.7300000190734863]}
2021-11-29 03:04:49,147 INFO - densenet201.start() : Model saved
2021-11-29 03:04:49,147 INFO - densenet201.start() : Prediction started
2021-11-29 03:06:24,950 INFO - densenet201.start() : Prediction completed
2021-11-29 03:06:25,517 INFO - densenet201.start() : Prediction results: method: DenseNet201, description: ,  train_time: 458.8231530189514, predict_time: 95.80235028266907,  true_positive: 202, true_negative: 163, false_positive: 87, false_negative: 48, sensitivity: 0.808,  specificity: 0.652, precision: 0.698961937716263,  accuracy: 0.73,  error: 0.27, f1: 0.7495361781076066, myScore1: 1.0340346531958, myScore2: 0.001633605830864964, myScore3: 0.007823776513791854
2021-11-29 03:06:48,504 INFO - statictics.insert() : History send to GIT
2021-11-29 03:06:52,128 INFO - efficientnetb0.__init__() : Algorithm initialized
2021-11-29 03:06:52,128 INFO - efficientnetb0.start() : Training started
2021-11-29 03:08:45,403 WARNING - data_adapter.catch_stop_iteration() : Your input ran out of data; interrupting training. Make sure that your dataset or generator can generate at least `steps_per_epoch * epochs` batches (in this case, 1472 batches). You may need to use the repeat() function when building your dataset.
2021-11-29 03:09:11,324 INFO - efficientnetb0.start() : Training completed
2021-11-29 03:09:11,324 INFO - efficientnetb0.start() : Training results: {'verbose': 1, 'epochs': 32, 'steps': 46}{'loss': [0.32379764318466187, 0.3585297167301178], 'accuracy': [0.8620923757553101, 0.8571428656578064], 'val_loss': [0.3593241274356842, 0.3627583980560303], 'val_accuracy': [0.843999981880188, 0.8460000157356262]}
2021-11-29 03:09:11,741 INFO - efficientnetb0.start() : Model saved
2021-11-29 03:09:11,741 INFO - efficientnetb0.start() : Prediction started
2021-11-29 03:09:41,231 INFO - efficientnetb0.start() : Prediction completed
2021-11-29 03:09:41,860 INFO - efficientnetb0.start() : Prediction results: method: EfficientNetB0, description: ,  train_time: 139.19486737251282, predict_time: 29.48864459991455,  true_positive: 195, true_negative: 228, false_positive: 22, false_negative: 55, sensitivity: 0.78,  specificity: 0.912, precision: 0.8986175115207373,  accuracy: 0.846,  error: 0.15400000000000003, f1: 0.8351177730192719, myScore1: 1.410571287012359, myScore2: 0.005999630509250981, myScore3: 0.028319978227201798
