2022-01-09 23:07:00,913 INFO - statictics.__init__() : Statistics initialized
2022-01-09 23:07:00,913 INFO - statictics.__init__() : Added link to history
2022-01-09 23:07:00,944 INFO - statictics.__init__() : History send to GIT
2022-01-09 23:07:02,631 INFO - data.__prepare() : Data prepared
2022-01-09 23:07:03,678 INFO - data.__augment() : Data augmented
2022-01-09 23:07:12,225 INFO - data.__copy() : Data copied
2022-01-09 23:07:18,084 INFO - data.__read() : Data prepared for algorithms
2022-01-09 23:07:18,413 INFO - data.__preprocess() : Data prepared for neural networks
2022-01-09 23:08:18,397 INFO - data.__pca() : Data processed by PCA
2022-01-09 23:08:18,412 INFO - discrete_nbc.__init__() : Algorithm initialized
2022-01-09 23:08:18,412 INFO - discrete_nbc.start() : Training started
2022-01-09 23:08:18,584 INFO - discrete_nbc.start() : Training completed
2022-01-09 23:08:18,584 INFO - discrete_nbc.start() : Prediction started
2022-01-09 23:08:18,663 INFO - discrete_nbc.start() : Prediction completed
2022-01-09 23:08:19,475 INFO - discrete_nbc.start() : Prediction results: method: DiscreteNBC, description: DiscreteNBC,  train_time: 0.17186546325683594, predict_time: 0.07848167419433594,  true_positive: 56, true_negative: 66, false_positive: 59, false_negative: 69, sensitivity: 0.448,  specificity: 0.528, precision: 0.48695652173913045,  accuracy: 0.488,  error: 0.512, f1: 0.4666666666666667, myScore1: 0.6237414855072464, myScore2: 2.7153021777812305, myScore3: 5.9461864372453235
2022-01-09 23:08:23,584 INFO - statictics.insert() : History send to GIT
2022-01-09 23:08:23,584 INFO - real_boost.__init__() : Algorithm initialized
2022-01-09 23:08:23,584 INFO - real_boost.start() : Training started
2022-01-09 23:08:25,725 INFO - real_boost.start() : Training completed
2022-01-09 23:08:25,725 INFO - real_boost.start() : Prediction started
2022-01-09 23:08:25,725 INFO - real_boost.start() : Prediction completed
2022-01-09 23:08:26,475 INFO - real_boost.start() : Prediction results: method: RealBoost, description: An RealBoost classifier,  train_time: 2.140608072280884, predict_time: 0.0,  true_positive: 102, true_negative: 61, false_positive: 64, false_negative: 23, sensitivity: 0.816,  specificity: 0.488, precision: 0.6144578313253012,  accuracy: 0.652,  error: 0.348, f1: 0.7010309278350515, myScore1: 0.8949175688891364, myScore2: 0.3274914903446484, myScore3: inf
