2022-01-10 11:10:03,803 INFO - statictics.__init__() : Statistics initialized
2022-01-10 11:10:03,803 INFO - statictics.__init__() : Added link to history
2022-01-10 11:10:03,819 INFO - statictics.__init__() : History send to GIT
2022-01-10 11:10:05,475 INFO - data.__prepare() : Data prepared
2022-01-10 11:10:06,022 INFO - data.__augment() : Data augmented
2022-01-10 11:10:11,647 INFO - data.__copy() : Data copied
2022-01-10 11:10:18,288 INFO - data.__read() : Data prepared for algorithms
2022-01-10 11:10:18,756 INFO - data.__preprocess() : Data prepared for neural networks
2022-01-10 11:11:16,944 INFO - data.__pca() : Data processed by PCA
2022-01-10 11:11:16,960 INFO - discrete_nbc.__init__() : Algorithm initialized
2022-01-10 11:11:16,960 INFO - discrete_nbc.start() : Training started
2022-01-10 11:11:17,022 INFO - discrete_nbc.start() : Training completed
2022-01-10 11:11:17,022 INFO - discrete_nbc.start() : Prediction started
2022-01-10 11:11:17,053 INFO - discrete_nbc.start() : Prediction completed
2022-01-10 11:11:17,882 INFO - discrete_nbc.start() : Prediction results: method: DiscreteNBC, description: DiscreteNBC,  train_time: 0.062415122985839844, predict_time: 0.031211376190185547,  true_positive: 60, true_negative: 61, false_positive: 64, false_negative: 65, sensitivity: 0.48,  specificity: 0.488, precision: 0.4838709677419355,  accuracy: 0.484,  error: 0.516, f1: 0.4819277108433735, myScore1: 0.6283494018082834, myScore2: 7.721329187362311, myScore3: 15.44077095180815
2022-01-10 11:11:22,147 INFO - statictics.insert() : History send to GIT
2022-01-10 11:11:22,147 INFO - real_boost.__init__() : Algorithm initialized
2022-01-10 11:11:22,147 INFO - real_boost.start() : Training started
2022-01-10 11:11:50,069 INFO - real_boost.start() : Training completed
2022-01-10 11:11:50,069 INFO - real_boost.start() : Prediction started
2022-01-10 11:11:50,069 INFO - real_boost.start() : Prediction completed
2022-01-10 11:11:50,834 INFO - real_boost.start() : Prediction results: method: RealBoost, description: An RealBoost classifier,  train_time: 27.921649932861328, predict_time: 0.0,  true_positive: 101, true_negative: 60, false_positive: 65, false_negative: 24, sensitivity: 0.808,  specificity: 0.48, precision: 0.608433734939759,  accuracy: 0.644,  error: 0.356, f1: 0.6941580756013745, myScore1: 0.8820212876991576, myScore2: 0.024860926101090162, myScore3: inf
2022-01-10 11:11:55,069 INFO - statictics.insert() : History send to GIT
2022-01-10 11:11:55,069 INFO - bernoulli_nbc.__init__() : Algorithm initialized
2022-01-10 11:11:55,069 INFO - bernoulli_nbc.start() : Training started
2022-01-10 11:11:55,069 INFO - bernoulli_nbc.start() : Training completed
2022-01-10 11:11:55,069 INFO - bernoulli_nbc.start() : Prediction started
2022-01-10 11:11:55,069 INFO - bernoulli_nbc.start() : Prediction completed
2022-01-10 11:11:55,897 INFO - bernoulli_nbc.start() : Prediction results: method: BernoulliNBC, description: Naive Bayes classifier for multivariate Bernoulli models,  train_time: 0.0, predict_time: 0.0,  true_positive: 109, true_negative: 61, false_positive: 64, false_negative: 16, sensitivity: 0.872,  specificity: 0.488, precision: 0.630057803468208,  accuracy: 0.68,  error: 0.31999999999999995, f1: 0.7315436241610737, myScore1: 0.9452775924273578, myScore2: inf, myScore3: inf
2022-01-10 11:11:59,959 INFO - statictics.insert() : History send to GIT
2022-01-10 11:11:59,959 INFO - gaussian_nbc.__init__() : Algorithm initialized
2022-01-10 11:11:59,959 INFO - gaussian_nbc.start() : Training started
2022-01-10 11:11:59,975 INFO - gaussian_nbc.start() : Training completed
2022-01-10 11:11:59,975 INFO - gaussian_nbc.start() : Prediction started
2022-01-10 11:11:59,975 INFO - gaussian_nbc.start() : Prediction completed
2022-01-10 11:12:00,850 INFO - gaussian_nbc.start() : Prediction results: method: GaussianNBC, description: Gaussian Naive Bayes (GaussianNB),  train_time: 0.015613079071044922, predict_time: 0.0,  true_positive: 108, true_negative: 30, false_positive: 95, false_negative: 17, sensitivity: 0.864,  specificity: 0.24, precision: 0.5320197044334976,  accuracy: 0.552,  error: 0.44799999999999995, f1: 0.6585365853658536, myScore1: 0.7712845488405623, myScore2: 42.1785211212525, myScore3: inf
2022-01-10 11:12:05,084 INFO - statictics.insert() : History send to GIT
2022-01-10 11:12:05,084 INFO - k_neighbors.__init__() : Algorithm initialized
2022-01-10 11:12:05,084 INFO - k_neighbors.start() : Training started
2022-01-10 11:12:05,084 INFO - k_neighbors.start() : Training completed
2022-01-10 11:12:05,084 INFO - k_neighbors.start() : Prediction started
2022-01-10 11:12:05,100 INFO - k_neighbors.start() : Prediction completed
2022-01-10 11:12:05,928 INFO - k_neighbors.start() : Prediction results: method: KNeighborsClassifier, description: Classifier implementing the k-nearest neighbors vote,  train_time: 0.0, predict_time: 0.015623331069946289,  true_positive: 111, true_negative: 57, false_positive: 68, false_negative: 14, sensitivity: 0.888,  specificity: 0.456, precision: 0.6201117318435754,  accuracy: 0.672,  error: 0.32799999999999996, f1: 0.7302631578947367, myScore1: 0.9336208009122138, myScore2: inf, myScore3: 46.74183467183271
2022-01-10 11:12:09,850 INFO - statictics.insert() : History send to GIT
2022-01-10 11:12:09,850 INFO - linear_svm.__init__() : Algorithm initialized
2022-01-10 11:12:09,850 INFO - linear_svm.start() : Training started
2022-01-10 11:12:09,928 INFO - linear_svm.start() : Training completed
2022-01-10 11:12:09,928 INFO - linear_svm.start() : Prediction started
2022-01-10 11:12:09,928 INFO - linear_svm.start() : Prediction completed
2022-01-10 11:12:10,772 INFO - linear_svm.start() : Prediction results: method: LinearSVM, description: Linear Support Vector Classification,  train_time: 0.07811999320983887, predict_time: 0.0,  true_positive: 112, true_negative: 67, false_positive: 58, false_negative: 13, sensitivity: 0.896,  specificity: 0.536, precision: 0.6588235294117647,  accuracy: 0.716,  error: 0.28400000000000003, f1: 0.7593220338983051, myScore1: 1.0124560459466672, myScore2: 9.71994495517534, myScore3: inf
2022-01-10 11:12:14,959 INFO - statictics.insert() : History send to GIT
2022-01-10 11:12:14,959 INFO - nonlinear_svm.__init__() : Algorithm initialized
2022-01-10 11:12:14,959 INFO - nonlinear_svm.start() : Training started
2022-01-10 11:12:14,975 INFO - nonlinear_svm.start() : Training completed
2022-01-10 11:12:14,975 INFO - nonlinear_svm.start() : Prediction started
2022-01-10 11:12:14,991 INFO - nonlinear_svm.start() : Prediction completed
2022-01-10 11:12:15,975 INFO - nonlinear_svm.start() : Prediction results: method: NonLinearSVM, description: Non Linear Support Vector Classification,  train_time: 0.015622854232788086, predict_time: 0.01562976837158203,  true_positive: 117, true_negative: 65, false_positive: 60, false_negative: 8, sensitivity: 0.936,  specificity: 0.52, precision: 0.6610169491525424,  accuracy: 0.728,  error: 0.272, f1: 0.7748344370860928, myScore1: 1.03956597228183, myScore2: 49.59621497715365, myScore3: 49.57427510537475
2022-01-10 11:12:20,256 INFO - statictics.insert() : History send to GIT
2022-01-10 11:12:20,256 INFO - lp.__init__() : Algorithm initialized
2022-01-10 11:12:20,256 INFO - lp.start() : Training started
2022-01-10 11:12:20,256 INFO - lp.start() : Training completed
2022-01-10 11:12:20,256 INFO - lp.start() : Prediction started
2022-01-10 11:12:20,256 INFO - lp.start() : Prediction completed
2022-01-10 11:12:21,147 INFO - lp.start() : Prediction results: method: LP, description: Linear perceptron classifier,  train_time: 0.0, predict_time: 0.0,  true_positive: 100, true_negative: 82, false_positive: 43, false_negative: 25, sensitivity: 0.8,  specificity: 0.656, precision: 0.6993006993006993,  accuracy: 0.728,  error: 0.272, f1: 0.746268656716418, myScore1: 1.0291114571118083, myScore2: inf, myScore3: inf
2022-01-10 11:12:25,522 INFO - statictics.insert() : History send to GIT
2022-01-10 11:12:25,522 INFO - mlp.__init__() : Algorithm initialized
2022-01-10 11:12:25,522 INFO - mlp.start() : Training started
2022-01-10 11:12:26,366 INFO - mlp.start() : Training completed
2022-01-10 11:12:26,366 INFO - mlp.start() : Prediction started
2022-01-10 11:12:26,381 INFO - mlp.start() : Prediction completed
2022-01-10 11:12:27,163 INFO - mlp.start() : Prediction results: method: MLP, description: Multi-layer Perceptron classifier.,  train_time: 0.8436801433563232, predict_time: 0.0156710147857666,  true_positive: 90, true_negative: 84, false_positive: 41, false_negative: 35, sensitivity: 0.72,  specificity: 0.672, precision: 0.6870229007633588,  accuracy: 0.696,  error: 0.30400000000000005, f1: 0.703125, myScore1: 0.9580121584973884, myScore2: 0.8334023332620255, myScore3: 44.86786654292626
2022-01-10 11:12:31,507 INFO - statictics.insert() : History send to GIT
2022-01-10 11:12:31,507 INFO - ada_boost.__init__() : Algorithm initialized
2022-01-10 11:12:31,507 INFO - ada_boost.start() : Training started
2022-01-10 11:12:38,834 INFO - ada_boost.start() : Training completed
2022-01-10 11:12:38,834 INFO - ada_boost.start() : Prediction started
2022-01-10 11:12:39,131 INFO - ada_boost.start() : Prediction completed
2022-01-10 11:12:40,131 INFO - ada_boost.start() : Prediction results: method: AdaBoostClassifier, description: An AdaBoost classifier,  train_time: 7.327696084976196, predict_time: 0.29692888259887695,  true_positive: 107, true_negative: 77, false_positive: 48, false_negative: 18, sensitivity: 0.856,  specificity: 0.616, precision: 0.6903225806451613,  accuracy: 0.736,  error: 0.264, f1: 0.7642857142857142, myScore1: 1.050762993995252, myScore2: 0.10430095700239415, myScore3: 2.5739689167193363
2022-01-10 11:12:44,616 INFO - statictics.insert() : History send to GIT
2022-01-10 11:12:44,616 INFO - gradient_boost.__init__() : Algorithm initialized
2022-01-10 11:12:44,616 INFO - gradient_boost.start() : Training started
2022-01-10 11:12:58,475 INFO - gradient_boost.start() : Training completed
2022-01-10 11:12:58,475 INFO - gradient_boost.start() : Prediction started
2022-01-10 11:12:58,491 INFO - gradient_boost.start() : Prediction completed
2022-01-10 11:12:59,303 INFO - gradient_boost.start() : Prediction results: method: GradientBoostingClassifier, description: An GradientBoost classifier,  train_time: 13.859408617019653, predict_time: 0.015618085861206055,  true_positive: 111, true_negative: 67, false_positive: 58, false_negative: 14, sensitivity: 0.888,  specificity: 0.536, precision: 0.6568047337278107,  accuracy: 0.712,  error: 0.28800000000000003, f1: 0.7551020408163266, myScore1: 1.0040537160031666, myScore2: 0.0544829914235334, myScore3: 48.34792480504498
