2022-01-10 14:09:57,363 INFO - statictics.__init__() : Statistics initialized
2022-01-10 14:09:57,363 INFO - statictics.__init__() : Added link to history
2022-01-10 14:09:57,379 INFO - statictics.__init__() : History send to GIT
2022-01-10 14:10:15,905 INFO - data.__prepare() : Data prepared
2022-01-10 14:10:21,696 INFO - data.__augment() : Data augmented
2022-01-10 14:11:23,729 INFO - data.__copy() : Data copied
2022-01-10 14:12:23,637 INFO - data.__read() : Data prepared for algorithms
2022-01-10 14:12:24,653 INFO - data.__preprocess() : Data prepared for neural networks
2022-01-10 14:12:24,653 INFO - discrete_nbc.__init__() : Algorithm initialized
2022-01-10 14:13:50,562 INFO - discrete_nbc.start() : Training started
2022-01-10 15:11:38,989 INFO - discrete_nbc.start() : Training completed
2022-01-10 15:11:38,989 INFO - discrete_nbc.start() : Prediction started
2022-01-10 15:43:45,243 INFO - discrete_nbc.start() : Prediction completed
2022-01-10 16:15:31,890 INFO - discrete_nbc.start() : Prediction results: method: DiscreteNBC, description: DiscreteNBC,  train_time: 3468.427319049835, predict_time: 1926.2541251182556,  true_positive: 727, true_negative: 1410, false_positive: 340, false_negative: 148, sensitivity: 0.8308571428571428,  specificity: 0.8057142857142857, precision: 0.6813495782567948,  accuracy: 0.8140952380952381,  error: 0.1859047619047619, f1: 0.748712667353244, myScore1: 1.225467794234542, myScore2: 0.0002158651741788124, myScore3: 0.0003886884173744622
2022-01-10 16:15:38,275 INFO - statictics.insert() : History send to GIT
2022-01-10 16:15:38,275 INFO - real_boost.__init__() : Algorithm initialized
2022-01-10 16:15:38,275 INFO - real_boost.start() : Training started
2022-01-10 19:36:05,775 INFO - real_boost.start() : Training completed
2022-01-10 19:36:05,775 INFO - real_boost.start() : Prediction started
2022-01-10 19:36:06,119 INFO - real_boost.start() : Prediction completed
2022-01-10 19:36:07,437 INFO - real_boost.start() : Prediction results: method: RealBoost, description: An RealBoost classifier,  train_time: 12027.500432491302, predict_time: 0.34368467330932617,  true_positive: 661, true_negative: 1624, false_positive: 126, false_negative: 214, sensitivity: 0.7554285714285714,  specificity: 0.928, precision: 0.8398983481575604,  accuracy: 0.8704761904761905,  error: 0.12952380952380949, f1: 0.795427196149218, myScore1: 1.5091527326102532, myScore2: 6.613404012029274e-05, myScore3: 2.314409858577867
2022-01-10 19:36:12,430 INFO - statictics.insert() : History send to GIT
2022-01-10 19:36:12,430 INFO - bernoulli_nbc.__init__() : Algorithm initialized
2022-01-10 19:36:12,430 INFO - bernoulli_nbc.start() : Training started
2022-01-10 19:37:28,291 INFO - bernoulli_nbc.start() : Training completed
2022-01-10 19:37:28,291 INFO - bernoulli_nbc.start() : Prediction started
2022-01-10 19:37:33,520 INFO - bernoulli_nbc.start() : Prediction completed
2022-01-10 19:37:39,389 INFO - bernoulli_nbc.start() : Prediction results: method: BernoulliNBC, description: Naive Bayes classifier for multivariate Bernoulli models,  train_time: 75.86048674583435, predict_time: 5.2291882038116455,  true_positive: 704, true_negative: 1157, false_positive: 593, false_negative: 171, sensitivity: 0.8045714285714286,  specificity: 0.6611428571428571, precision: 0.5427910562837317,  accuracy: 0.708952380952381,  error: 0.291047619047619, f1: 0.6482504604051564, myScore1: 0.9394573899321731, myScore2: 0.008545297930622007, myScore3: 0.12396770495516599
2022-01-10 19:37:43,898 INFO - statictics.insert() : History send to GIT
2022-01-10 19:37:43,898 INFO - gaussian_nbc.__init__() : Algorithm initialized
2022-01-10 19:37:43,898 INFO - gaussian_nbc.start() : Training started
2022-01-10 19:38:19,771 INFO - gaussian_nbc.start() : Training completed
2022-01-10 19:38:19,771 INFO - gaussian_nbc.start() : Prediction started
2022-01-10 19:38:36,837 INFO - gaussian_nbc.start() : Prediction completed
2022-01-10 19:38:54,794 INFO - gaussian_nbc.start() : Prediction results: method: GaussianNBC, description: Gaussian Naive Bayes (GaussianNB),  train_time: 35.87284517288208, predict_time: 17.06582474708557,  true_positive: 703, true_negative: 1228, false_positive: 522, false_negative: 172, sensitivity: 0.8034285714285714,  specificity: 0.7017142857142857, precision: 0.5738775510204082,  accuracy: 0.7356190476190476,  error: 0.2643809523809524, f1: 0.6695238095238095, myScore1: 0.99446792526809, myScore2: 0.018663805625039553, myScore3: 0.03923184606932917
2022-01-10 19:38:59,013 INFO - statictics.insert() : History send to GIT
2022-01-10 19:38:59,013 INFO - k_neighbors.__init__() : Algorithm initialized
2022-01-10 19:38:59,013 INFO - k_neighbors.start() : Training started
2022-01-10 19:38:59,682 INFO - k_neighbors.start() : Training completed
2022-01-10 19:38:59,682 INFO - k_neighbors.start() : Prediction started
2022-01-10 19:39:49,084 INFO - k_neighbors.start() : Prediction completed
2022-01-10 19:40:39,491 INFO - k_neighbors.start() : Prediction results: method: KNeighborsClassifier, description: Classifier implementing the k-nearest neighbors vote,  train_time: 0.6688687801361084, predict_time: 49.4018611907959,  true_positive: 671, true_negative: 1634, false_positive: 116, false_negative: 204, sensitivity: 0.7668571428571429,  specificity: 0.9337142857142857, precision: 0.8526048284625158,  accuracy: 0.878095238095238,  error: 0.12190476190476196, f1: 0.8074608904933814, myScore1: 1.5671700947596086, myScore2: 1.20720373632788, myScore3: 0.01634474635226537
2022-01-10 19:40:44,346 INFO - statictics.insert() : History send to GIT
2022-01-10 19:40:44,346 INFO - linear_svm.__init__() : Algorithm initialized
2022-01-10 19:40:44,346 INFO - linear_svm.start() : Training started
2022-01-10 20:44:06,191 INFO - linear_svm.start() : Training completed
2022-01-10 20:44:06,191 INFO - linear_svm.start() : Prediction started
2022-01-10 20:44:08,607 INFO - linear_svm.start() : Prediction completed
2022-01-10 20:44:11,845 INFO - linear_svm.start() : Prediction results: method: LinearSVM, description: Linear Support Vector Classification,  train_time: 3801.8444740772247, predict_time: 2.4156687259674072,  true_positive: 766, true_negative: 1435, false_positive: 315, false_negative: 109, sensitivity: 0.8754285714285714,  specificity: 0.82, precision: 0.7086031452358927,  accuracy: 0.8384761904761905,  error: 0.16152380952380951, f1: 0.7832310838445807, myScore1: 1.3349701062212618, myScore2: 0.00020601344667963694, myScore3: 0.3242295085518892
2022-01-10 20:44:16,995 INFO - statictics.insert() : History send to GIT
2022-01-10 20:44:16,995 INFO - nonlinear_svm.__init__() : Algorithm initialized
2022-01-10 20:44:16,995 INFO - nonlinear_svm.start() : Training started
2022-01-11 02:16:31,743 INFO - nonlinear_svm.start() : Training completed
2022-01-11 02:16:31,743 INFO - nonlinear_svm.start() : Prediction started
2022-01-11 06:23:36,545 INFO - nonlinear_svm.start() : Prediction completed
2022-01-11 10:30:26,757 INFO - nonlinear_svm.start() : Prediction results: method: NonLinearSVM, description: Non Linear Support Vector Classification,  train_time: 19934.748004198074, predict_time: 14824.801495790482,  true_positive: 754, true_negative: 1665, false_positive: 85, false_negative: 121, sensitivity: 0.8617142857142858,  specificity: 0.9514285714285714, precision: 0.8986889153754469,  accuracy: 0.9215238095238095,  error: 0.07847619047619048, f1: 0.8798133022170362, myScore1: 2.0775140539729238, myScore2: 4.413465883951759e-05, myScore3: 5.934739176553967e-05
2022-01-11 10:30:42,645 INFO - statictics.insert() : History send to GIT
2022-01-11 10:30:42,645 INFO - lp.__init__() : Algorithm initialized
2022-01-11 10:30:42,645 INFO - lp.start() : Training started
2022-01-11 10:33:37,010 INFO - lp.start() : Training completed
2022-01-11 10:33:37,010 INFO - lp.start() : Prediction started
2022-01-11 10:33:39,813 INFO - lp.start() : Prediction completed
2022-01-11 10:33:43,386 INFO - lp.start() : Prediction results: method: LP, description: Linear perceptron classifier,  train_time: 174.3647494316101, predict_time: 2.8025896549224854,  true_positive: 853, true_negative: 824, false_positive: 926, false_negative: 22, sensitivity: 0.9748571428571429,  specificity: 0.47085714285714286, precision: 0.47948285553681846,  accuracy: 0.6388571428571429,  error: 0.3611428571428571, f1: 0.6428033157498116, myScore1: 0.8547058204629459, myScore2: 0.003686543970872587, myScore3: 0.22936048258823336
2022-01-11 10:33:54,280 INFO - statictics.insert() : History send to GIT
2022-01-11 10:33:54,280 INFO - mlp.__init__() : Algorithm initialized
2022-01-11 10:33:54,280 INFO - mlp.start() : Training started
2022-01-11 11:35:00,147 INFO - mlp.start() : Training completed
2022-01-11 11:35:00,147 INFO - mlp.start() : Prediction started
2022-01-11 11:35:04,262 INFO - mlp.start() : Prediction completed
2022-01-11 11:35:09,116 INFO - mlp.start() : Prediction results: method: MLP, description: Multi-layer Perceptron classifier.,  train_time: 3665.8666648864746, predict_time: 4.114904880523682,  true_positive: 0, true_negative: 1750, false_positive: 0, false_negative: 875, sensitivity: 0.0,  specificity: 1.0, precision: 0.0,  accuracy: 0.6666666666666666,  error: 0.33333333333333337, f1: 0.0, myScore1: 0.4666666666666667, myScore2: 0.0, myScore3: 0.0
2022-01-11 11:35:14,626 INFO - statictics.insert() : History send to GIT
2022-01-11 11:35:14,626 INFO - ada_boost.__init__() : Algorithm initialized
2022-01-11 11:35:14,626 INFO - ada_boost.start() : Training started
2022-01-11 13:02:40,070 INFO - ada_boost.start() : Training completed
2022-01-11 13:02:40,070 INFO - ada_boost.start() : Prediction started
2022-01-11 13:03:43,327 INFO - ada_boost.start() : Prediction completed
2022-01-11 13:04:46,811 INFO - ada_boost.start() : Prediction results: method: AdaBoostClassifier, description: An AdaBoost classifier,  train_time: 5245.443798780441, predict_time: 63.25687575340271,  true_positive: 698, true_negative: 1622, false_positive: 128, false_negative: 177, sensitivity: 0.7977142857142857,  specificity: 0.9268571428571428, precision: 0.8450363196125908,  accuracy: 0.8838095238095238,  error: 0.11619047619047618, f1: 0.8206937095825985, myScore1: 1.6163443196955718, myScore2: 0.0001564583934296291, myScore3: 0.012973984247687916
