2022-01-09 11:53:49,536 INFO - statictics.__init__() : Statistics initialized
2022-01-09 11:53:49,536 INFO - statictics.__init__() : Added link to history
2022-01-09 11:53:49,552 INFO - statictics.__init__() : History send to GIT
2022-01-09 11:55:40,739 INFO - data.__prepare() : Data prepared
2022-01-09 11:55:40,849 INFO - data.__augment() : Data augmented
2022-01-09 11:56:46,192 INFO - data.__copy() : Data copied
2022-01-09 11:58:05,364 INFO - data.__read() : Data prepared for algorithms
2022-01-09 11:58:06,880 INFO - data.__preprocess() : Data prepared for neural networks
2022-01-09 11:58:06,880 INFO - discrete_nbc.__init__() : Algorithm initialized
2022-01-09 11:59:43,479 INFO - discrete_nbc.start() : Training started
2022-01-09 13:15:51,182 INFO - discrete_nbc.start() : Training completed
2022-01-09 13:15:51,182 INFO - discrete_nbc.start() : Prediction started
2022-01-09 13:58:36,797 INFO - discrete_nbc.start() : Prediction completed
2022-01-09 14:43:03,052 INFO - discrete_nbc.start() : Prediction results: method: DiscreteNBC, description: DiscreteNBC,  train_time: 4567.702761411667, predict_time: 2565.6151406764984,  true_positive: 749, true_negative: 2067, false_positive: 480, false_negative: 154, sensitivity: 0.8294573643410853,  specificity: 0.8115429917550059, precision: 0.6094385679414158,  accuracy: 0.816231884057971,  error: 0.18376811594202902, f1: 0.7026266416510321, myScore1: 1.2021444394899534, myScore2: 0.0001538249484154005, myScore3: 0.00027386283722420044
2022-01-09 14:43:09,395 INFO - statictics.insert() : History send to GIT
2022-01-09 14:43:09,395 INFO - real_boost.__init__() : Algorithm initialized
2022-01-09 14:43:09,395 INFO - real_boost.start() : Training started
2022-01-09 18:40:20,553 INFO - real_boost.start() : Training completed
2022-01-09 18:40:20,553 INFO - real_boost.start() : Prediction started
2022-01-09 18:40:22,272 INFO - real_boost.start() : Prediction completed
2022-01-09 18:40:23,428 INFO - real_boost.start() : Prediction results: method: RealBoost, description: An RealBoost classifier,  train_time: 14231.157861948013, predict_time: 1.7189357280731201,  true_positive: 672, true_negative: 2428, false_positive: 119, false_negative: 231, sensitivity: 0.7441860465116279,  specificity: 0.9532783667059286, precision: 0.8495575221238938,  accuracy: 0.8985507246376812,  error: 0.10144927536231885, f1: 0.7933884297520661, myScore1: 1.7269657665882319, myScore2: 5.5750096896435116e-05, myScore3: 0.4615579377371095
