2021-12-09 23:05:27,978 INFO - statictics.__init__() : Statistics initialized
2021-12-09 23:05:27,980 INFO - statictics.__init__() : Added link to history
2021-12-09 23:05:27,983 INFO - statictics.__init__() : History send to GIT
2021-12-09 23:05:31,755 INFO - data.__prepare() : Data prepared
2021-12-09 23:05:31,772 INFO - data.__augment() : Data augmented
2021-12-09 23:05:37,083 INFO - data.__copy() : Data copied
2021-12-09 23:05:46,412 INFO - data.__read() : Data prepared for algorithms
2021-12-09 23:05:46,850 INFO - data.__preprocess() : Data prepared for neural networks
2021-12-09 23:05:46,850 INFO - discrete_nbc.__init__() : Algorithm initialized
2021-12-09 23:06:17,349 INFO - discrete_nbc.start() : Training started
2021-12-09 23:15:22,877 INFO - discrete_nbc.start() : Training completed
2021-12-09 23:15:22,878 INFO - discrete_nbc.start() : Prediction started
2021-12-09 23:19:53,752 INFO - discrete_nbc.start() : Prediction completed
2021-12-09 23:24:26,787 INFO - discrete_nbc.start() : Prediction results: method: DiscreteNBC, description: DiscreteNBC,  train_time: 545.5276443958282, predict_time: 270.87376165390015,  true_positive: 200, true_negative: 170, false_positive: 80, false_negative: 50, sensitivity: 0.8,  specificity: 0.68, precision: 0.7142857142857143,  accuracy: 0.74,  error: 0.26, f1: 0.7547169811320756, myScore1: 1.0554024466099938, myScore2: 0.0013834623944088563, myScore3: 0.0027862314036026493
2021-12-09 23:24:30,770 INFO - statictics.insert() : History send to GIT
2021-12-09 23:24:30,770 INFO - real_boost.__init__() : Algorithm initialized
2021-12-09 23:24:30,770 INFO - real_boost.start() : Training started
2021-12-10 00:36:09,906 INFO - real_boost.start() : Training completed
2021-12-10 00:36:09,906 INFO - real_boost.start() : Prediction started
2021-12-10 00:36:10,036 INFO - real_boost.start() : Prediction completed
2021-12-10 00:36:10,702 INFO - real_boost.start() : Prediction results: method: RealBoost, description: An RealBoost classifier,  train_time: 4299.135280609131, predict_time: 0.1303696632385254,  true_positive: 207, true_negative: 203, false_positive: 47, false_negative: 43, sensitivity: 0.828,  specificity: 0.812, precision: 0.8149606299212598,  accuracy: 0.82,  error: 0.18000000000000005, f1: 0.8214285714285714, myScore1: 1.2937659042619671, myScore2: 0.00019106832370071076, myScore3: 6.300764694971092
2021-12-10 00:36:15,238 INFO - statictics.insert() : History send to GIT
2021-12-10 00:36:15,238 INFO - bernoulli_nbc.__init__() : Algorithm initialized
2021-12-10 00:36:15,238 INFO - bernoulli_nbc.start() : Training started
2021-12-10 00:36:21,738 INFO - bernoulli_nbc.start() : Training completed
2021-12-10 00:36:21,738 INFO - bernoulli_nbc.start() : Prediction started
2021-12-10 00:36:23,187 INFO - bernoulli_nbc.start() : Prediction completed
2021-12-10 00:36:25,203 INFO - bernoulli_nbc.start() : Prediction results: method: BernoulliNBC, description: Naive Bayes classifier for multivariate Bernoulli models,  train_time: 6.499290704727173, predict_time: 1.4490840435028076,  true_positive: 203, true_negative: 71, false_positive: 179, false_negative: 47, sensitivity: 0.812,  specificity: 0.284, precision: 0.5314136125654451,  accuracy: 0.548,  error: 0.45199999999999996, f1: 0.6424050632911393, myScore1: 0.7599828309552116, myScore2: 0.09884233410638095, myScore3: 0.4433180160746796
2021-12-10 00:36:27,957 INFO - statictics.insert() : History send to GIT
2021-12-10 00:36:27,957 INFO - complement_nbc.__init__() : Algorithm initialized
2021-12-10 00:36:27,958 INFO - complement_nbc.start() : Training started
2021-12-10 00:36:32,910 INFO - complement_nbc.start() : Training completed
2021-12-10 00:36:32,910 INFO - complement_nbc.start() : Prediction started
2021-12-10 00:36:33,783 INFO - complement_nbc.start() : Prediction completed
2021-12-10 00:36:35,168 INFO - complement_nbc.start() : Prediction results: method: ComplementNBC, description: The Complement Naive Bayes classifier described in Rennie et al,  train_time: 4.952245235443115, predict_time: 0.8727226257324219,  true_positive: 192, true_negative: 136, false_positive: 114, false_negative: 58, sensitivity: 0.768,  specificity: 0.544, precision: 0.6274509803921569,  accuracy: 0.656,  error: 0.344, f1: 0.6906474820143885, myScore1: 0.8955665134650146, myScore2: 0.1394614864933261, myScore3: 0.791371120274063
2021-12-10 00:36:38,005 INFO - statictics.insert() : History send to GIT
2021-12-10 00:36:38,005 INFO - gaussian_nbc.__init__() : Algorithm initialized
2021-12-10 00:36:38,005 INFO - gaussian_nbc.start() : Training started
2021-12-10 00:36:47,246 INFO - gaussian_nbc.start() : Training completed
2021-12-10 00:36:47,246 INFO - gaussian_nbc.start() : Prediction started
2021-12-10 00:36:52,056 INFO - gaussian_nbc.start() : Prediction completed
2021-12-10 00:36:57,712 INFO - gaussian_nbc.start() : Prediction results: method: GaussianNBC, description: Gaussian Naive Bayes (GaussianNB),  train_time: 9.24139952659607, predict_time: 4.80908727645874,  true_positive: 206, true_negative: 154, false_positive: 96, false_negative: 44, sensitivity: 0.824,  specificity: 0.616, precision: 0.6821192052980133,  accuracy: 0.72,  error: 0.28, f1: 0.7463768115942029, myScore1: 1.01454318346976, myScore2: 0.08076447830722881, myScore3: 0.155201344597724
2021-12-10 00:37:00,536 INFO - statictics.insert() : History send to GIT
2021-12-10 00:37:00,536 INFO - multinomial_nbc.__init__() : Algorithm initialized
2021-12-10 00:37:00,537 INFO - multinomial_nbc.start() : Training started
2021-12-10 00:37:05,398 INFO - multinomial_nbc.start() : Training completed
2021-12-10 00:37:05,398 INFO - multinomial_nbc.start() : Prediction started
2021-12-10 00:37:06,248 INFO - multinomial_nbc.start() : Prediction completed
2021-12-10 00:37:07,610 INFO - multinomial_nbc.start() : Prediction results: method: MultinomialNBC, description: Naive Bayes classifier for multinomial models,  train_time: 4.861337661743164, predict_time: 0.8491878509521484,  true_positive: 192, true_negative: 136, false_positive: 114, false_negative: 58, sensitivity: 0.768,  specificity: 0.544, precision: 0.6274509803921569,  accuracy: 0.656,  error: 0.344, f1: 0.6906474820143885, myScore1: 0.8955665134650146, myScore2: 0.14206943233948044, myScore3: 0.8133035361257263
2021-12-10 00:37:10,336 INFO - statictics.insert() : History send to GIT
2021-12-10 00:37:10,336 INFO - k_neighbors.__init__() : Algorithm initialized
2021-12-10 00:37:10,336 INFO - k_neighbors.start() : Training started
2021-12-10 00:37:10,589 INFO - k_neighbors.start() : Training completed
2021-12-10 00:37:10,590 INFO - k_neighbors.start() : Prediction started
2021-12-10 00:37:20,867 INFO - k_neighbors.start() : Prediction completed
2021-12-10 00:37:31,384 INFO - k_neighbors.start() : Prediction results: method: KNeighborsClassifier, description: Classifier implementing the k-nearest neighbors vote,  train_time: 0.2525289058685303, predict_time: 10.27678108215332,  true_positive: 211, true_negative: 193, false_positive: 57, false_negative: 39, sensitivity: 0.844,  specificity: 0.772, precision: 0.7873134328358209,  accuracy: 0.808,  error: 0.19199999999999995, f1: 0.8146718146718146, myScore1: 1.2493005839528228, myScore2: 3.226053714009053, myScore3: 0.07927305331886221
2021-12-10 00:37:34,405 INFO - statictics.insert() : History send to GIT
2021-12-10 00:37:34,406 INFO - linear_svm.__init__() : Algorithm initialized
2021-12-10 00:37:34,406 INFO - linear_svm.start() : Training started
2021-12-10 00:48:09,039 INFO - linear_svm.start() : Training completed
2021-12-10 00:48:09,042 INFO - linear_svm.start() : Prediction started
2021-12-10 00:48:10,304 INFO - linear_svm.start() : Prediction completed
2021-12-10 00:48:12,293 INFO - linear_svm.start() : Prediction results: method: LinearSVM, description: Linear Support Vector Classification,  train_time: 634.6298673152924, predict_time: 1.261373519897461,  true_positive: 205, true_negative: 204, false_positive: 46, false_negative: 45, sensitivity: 0.82,  specificity: 0.816, precision: 0.8167330677290837,  accuracy: 0.818,  error: 0.18200000000000005, f1: 0.8183632734530939, myScore1: 1.2857054929500047, myScore2: 0.0012895126996071875, myScore3: 0.6487874214448548
2021-12-10 00:48:15,457 INFO - statictics.insert() : History send to GIT
2021-12-10 00:48:15,458 INFO - nonlinear_svm.__init__() : Algorithm initialized
2021-12-10 00:48:15,458 INFO - nonlinear_svm.start() : Training started
2021-12-10 00:50:59,234 INFO - nonlinear_svm.start() : Training completed
2021-12-10 00:50:59,234 INFO - nonlinear_svm.start() : Prediction started
2021-12-10 00:53:29,087 INFO - nonlinear_svm.start() : Prediction completed
2021-12-10 00:55:59,802 INFO - nonlinear_svm.start() : Prediction results: method: NonLinearSVM, description: Non Linear Support Vector Classification,  train_time: 163.77465653419495, predict_time: 149.85255789756775,  true_positive: 215, true_negative: 199, false_positive: 51, false_negative: 35, sensitivity: 0.86,  specificity: 0.796, precision: 0.8082706766917294,  accuracy: 0.828,  error: 0.17200000000000004, f1: 0.8333333333333333, myScore1: 1.3272890831730488, myScore2: 0.005088292358343852, myScore3: 0.00556102174714269
2021-12-10 00:56:02,986 INFO - statictics.insert() : History send to GIT
2021-12-10 00:56:02,987 INFO - ada_boost.__init__() : Algorithm initialized
2021-12-10 00:56:02,987 INFO - ada_boost.start() : Training started
2021-12-10 01:24:48,158 INFO - ada_boost.start() : Training completed
2021-12-10 01:24:48,159 INFO - ada_boost.start() : Prediction started
2021-12-10 01:25:13,648 INFO - ada_boost.start() : Prediction completed
2021-12-10 01:25:39,643 INFO - ada_boost.start() : Prediction results: method: AdaBoostClassifier, description: An AdaBoost classifier,  train_time: 1725.171673297882, predict_time: 25.48913335800171,  true_positive: 217, true_negative: 194, false_positive: 56, false_negative: 33, sensitivity: 0.868,  specificity: 0.776, precision: 0.7948717948717948,  accuracy: 0.822,  error: 0.17800000000000005, f1: 0.8298279158699808, myScore1: 1.3027988902311587, myScore2: 0.00048101179071857855, myScore3: 0.03255614477804425
2021-12-10 01:25:42,694 INFO - statictics.insert() : History send to GIT
2021-12-10 01:25:42,694 INFO - gradient_boost.__init__() : Algorithm initialized
2021-12-10 01:25:42,694 INFO - gradient_boost.start() : Training started
2021-12-10 03:54:33,665 INFO - gradient_boost.start() : Training completed
2021-12-10 03:54:33,665 INFO - gradient_boost.start() : Prediction started
2021-12-10 03:54:34,357 INFO - gradient_boost.start() : Prediction completed
2021-12-10 03:54:35,814 INFO - gradient_boost.start() : Prediction results: method: GradientBoostingClassifier, description: An GradientBoost classifier,  train_time: 8930.969446659088, predict_time: 0.6915571689605713,  true_positive: 216, true_negative: 203, false_positive: 47, false_negative: 34, sensitivity: 0.864,  specificity: 0.812, precision: 0.8212927756653993,  accuracy: 0.838,  error: 0.16200000000000003, f1: 0.8421052631578948, myScore1: 1.3718658597627713, myScore2: 9.429046512670704e-05, myScore3: 1.2176943584051068
2021-12-10 03:54:39,062 INFO - statictics.insert() : History send to GIT
2021-12-10 03:54:44,274 INFO - densenet121.__init__() : Algorithm initialized
2021-12-10 03:54:44,274 INFO - densenet121.start() : Training started
2021-12-10 05:52:13,271 INFO - densenet121.start() : Training completed
2021-12-10 05:52:13,271 INFO - densenet121.start() : Training results: {'verbose': 1, 'epochs': 32, 'steps': 46}{'loss': [1.0327085256576538, 0.5015518069267273, 0.45380356907844543, 0.40111660957336426, 0.3612821400165558, 0.36814430356025696, 0.3318956196308136, 0.3131062090396881, 0.30227574706077576, 0.30588534474372864, 0.2987019121646881, 0.25998422503471375, 0.2597103416919708, 0.28618526458740234, 0.24624721705913544, 0.2704158425331116, 0.22907394170761108, 0.2446068674325943, 0.2518124580383301, 0.23797555267810822, 0.22153429687023163, 0.21874253451824188, 0.2141011357307434, 0.20256954431533813, 0.21983246505260468, 0.1960679292678833, 0.20536665618419647, 0.1856556385755539, 0.1913374960422516, 0.1946517527103424, 0.1783525049686432, 0.18789681792259216], 'accuracy': [0.661005437374115, 0.8072206974029541, 0.8201634883880615, 0.8392370343208313, 0.8521798253059387, 0.8508174419403076, 0.8542234301567078, 0.8767030239105225, 0.8732969760894775, 0.8801090121269226, 0.8821526169776917, 0.9032697677612305, 0.8916893601417542, 0.886239767074585, 0.8964577913284302, 0.8944141864776611, 0.9059945344924927, 0.9005449414253235, 0.8998637795448303, 0.9080381393432617, 0.9025885462760925, 0.9202997088432312, 0.9114441275596619, 0.917574942111969, 0.9114441275596619, 0.9243869185447693, 0.9107629656791687, 0.9264305233955383, 0.9325612783432007, 0.9189373254776001, 0.9216621518135071, 0.9243869185447693], 'val_loss': [0.7031207084655762, 0.8635324239730835, 0.8634629845619202, 0.5416232347488403, 0.7519212365150452, 0.39348772168159485, 0.37943029403686523, 0.5617472529411316, 0.9740280508995056, 0.5604791641235352, 0.37427690625190735, 0.3608858287334442, 0.34571823477745056, 0.341668039560318, 0.4858863353729248, 0.30175307393074036, 0.32785913348197937, 0.7295249700546265, 0.34160444140434265, 0.27984121441841125, 0.2858055830001831, 0.7473572492599487, 0.27936071157455444, 0.41130316257476807, 0.3288934528827667, 0.28919872641563416, 0.26230594515800476, 0.25949645042419434, 0.7986417412757874, 0.2905140519142151, 0.5960912108421326, 0.3147507905960083], 'val_accuracy': [0.7099999785423279, 0.6859999895095825, 0.7080000042915344, 0.7760000228881836, 0.7160000205039978, 0.8299999833106995, 0.8339999914169312, 0.7820000052452087, 0.6740000247955322, 0.7940000295639038, 0.8500000238418579, 0.8519999980926514, 0.8619999885559082, 0.8579999804496765, 0.8240000009536743, 0.8740000128746033, 0.8619999885559082, 0.7599999904632568, 0.8619999885559082, 0.8820000290870667, 0.871999979019165, 0.7680000066757202, 0.878000020980835, 0.8399999737739563, 0.871999979019165, 0.8820000290870667, 0.8899999856948853, 0.8939999938011169, 0.7319999933242798, 0.878000020980835, 0.7979999780654907, 0.8799999952316284]}
2021-12-10 05:52:13,828 INFO - densenet121.start() : Model saved
2021-12-10 05:52:13,828 INFO - densenet121.start() : Prediction started
2021-12-10 05:53:12,975 INFO - densenet121.start() : Prediction completed
2021-12-10 05:53:13,477 INFO - densenet121.start() : Prediction results: method: DenseNet121, description: ,  train_time: 7048.995794773102, predict_time: 59.14642667770386,  true_positive: 238, true_negative: 202, false_positive: 48, false_negative: 12, sensitivity: 0.952,  specificity: 0.808, precision: 0.8321678321678322,  accuracy: 0.88,  error: 0.12, f1: 0.8880597014925373, myScore1: 1.6245799672963854, myScore2: 0.00012598386030405098, myScore3: 0.015014596001406538
2021-12-10 05:53:16,490 INFO - statictics.insert() : History send to GIT
2021-12-10 05:53:24,279 INFO - densenet169.__init__() : Algorithm initialized
2021-12-10 05:53:24,279 INFO - densenet169.start() : Training started
2021-12-10 08:14:22,013 INFO - densenet169.start() : Training completed
2021-12-10 08:14:22,013 INFO - densenet169.start() : Training results: {'verbose': 1, 'epochs': 32, 'steps': 46}{'loss': [1.1095130443572998, 0.6164126396179199, 0.5833594799041748, 0.506677508354187, 0.47095465660095215, 0.35422876477241516, 0.4333157241344452, 0.3475283086299896, 0.39663034677505493, 0.28215083479881287, 0.3672521114349365, 0.29384952783584595, 0.2979379892349243, 0.26164674758911133, 0.2905513644218445, 0.24784456193447113, 0.22637639939785004, 0.2486126720905304, 0.23544052243232727, 0.22079673409461975, 0.2108553647994995, 0.2114085853099823, 0.20163321495056152, 0.19132594764232635, 0.1945805549621582, 0.1954677850008011, 0.1645808070898056, 0.20362147688865662, 0.1716327965259552, 0.15900161862373352, 0.1776597499847412, 0.14740435779094696], 'accuracy': [0.6725543737411499, 0.7895095348358154, 0.7861035466194153, 0.8174387216567993, 0.8174387216567993, 0.8610354065895081, 0.8419618606567383, 0.8916893601417542, 0.8542234301567078, 0.8930517435073853, 0.8678473830223083, 0.8855586051940918, 0.8950953483581543, 0.9019073843955994, 0.891008198261261, 0.8937329649925232, 0.9094005227088928, 0.9059945344924927, 0.9039509296417236, 0.9162125587463379, 0.917574942111969, 0.9271117448806763, 0.9209809303283691, 0.9243869185447693, 0.9291552901268005, 0.9271117448806763, 0.9380108714103699, 0.9223433136940002, 0.9373297095298767, 0.9366484880447388, 0.9284741282463074, 0.942098081111908], 'val_loss': [0.7679863572120667, 0.7492035627365112, 0.5184645056724548, 0.46686989068984985, 0.45081090927124023, 0.39077097177505493, 0.9106223583221436, 0.31637728214263916, 0.38358840346336365, 0.39769798517227173, 0.2969017028808594, 1.9561339616775513, 0.30659985542297363, 0.7140468955039978, 0.3101927638053894, 0.30542895197868347, 0.2851134240627289, 0.2816608250141144, 0.249590665102005, 0.4914226830005646, 0.3123636841773987, 0.283426433801651, 0.2820815443992615, 1.9212566614151, 0.2441042959690094, 0.2848133444786072, 0.6424107551574707, 0.2407509684562683, 0.3295722007751465, 0.31866031885147095, 0.2595224976539612, 0.24575874209403992], 'val_accuracy': [0.6679999828338623, 0.6620000004768372, 0.7519999742507935, 0.7919999957084656, 0.8019999861717224, 0.8159999847412109, 0.6620000004768372, 0.8619999885559082, 0.8360000252723694, 0.828000009059906, 0.8740000128746033, 0.6039999723434448, 0.8659999966621399, 0.7279999852180481, 0.8740000128746033, 0.8679999709129333, 0.8880000114440918, 0.8799999952316284, 0.8899999856948853, 0.8100000023841858, 0.8640000224113464, 0.8820000290870667, 0.8820000290870667, 0.593999981880188, 0.906000018119812, 0.878000020980835, 0.7760000228881836, 0.8999999761581421, 0.8700000047683716, 0.8759999871253967, 0.9020000100135803, 0.906000018119812]}
2021-12-10 08:14:22,660 INFO - densenet169.start() : Model saved
2021-12-10 08:14:22,660 INFO - densenet169.start() : Prediction started
2021-12-10 08:15:33,778 INFO - densenet169.start() : Prediction completed
2021-12-10 08:15:34,345 INFO - densenet169.start() : Prediction results: method: DenseNet169, description: ,  train_time: 8457.732333421707, predict_time: 71.11748123168945,  true_positive: 217, true_negative: 236, false_positive: 14, false_negative: 33, sensitivity: 0.868,  specificity: 0.944, precision: 0.9393939393939394,  accuracy: 0.906,  error: 0.09399999999999997, f1: 0.9022869022869023, myScore1: 1.8807126323168881, myScore2: 0.00010668189376500026, myScore3: 0.01268727303976634
2021-12-10 08:15:37,516 INFO - statictics.insert() : History send to GIT
2021-12-10 08:15:46,458 INFO - densenet201.__init__() : Algorithm initialized
2021-12-10 08:15:46,458 INFO - densenet201.start() : Training started
2021-12-10 11:16:30,150 INFO - densenet201.start() : Training completed
2021-12-10 11:16:30,151 INFO - densenet201.start() : Training results: {'verbose': 1, 'epochs': 32, 'steps': 46}{'loss': [0.6437430381774902, 0.3526816666126251, 0.33017295598983765, 0.26674196124076843, 0.2759172022342682, 0.2539516091346741, 0.2419424206018448, 0.2186456173658371, 0.22344429790973663, 0.19849425554275513, 0.18408124148845673, 0.191453754901886, 0.19707030057907104, 0.1792742908000946, 0.16956956684589386, 0.17055293917655945, 0.16903775930404663, 0.16997745633125305, 0.15619032084941864, 0.16387474536895752, 0.14822210371494293, 0.16019582748413086, 0.14578627049922943, 0.13115593791007996, 0.14311452209949493, 0.13483500480651855, 0.11968893557786942, 0.13746212422847748, 0.12348129600286484, 0.1262061893939972, 0.1242566853761673, 0.11903742700815201], 'accuracy': [0.7160326242446899, 0.8405994772911072, 0.8521798253059387, 0.8787465691566467, 0.8835150003433228, 0.891008198261261, 0.8964577913284302, 0.9059945344924927, 0.9053133726119995, 0.9114441275596619, 0.9250681400299072, 0.914850115776062, 0.9141689538955688, 0.916893720626831, 0.9311988949775696, 0.9339237213134766, 0.9339237213134766, 0.9271117448806763, 0.9339237213134766, 0.9264305233955383, 0.9352861046791077, 0.9352861046791077, 0.9373297095298767, 0.9523161053657532, 0.9393733143806458, 0.9414169192314148, 0.9502725005149841, 0.9434604644775391, 0.9523161053657532, 0.9489100575447083, 0.9448229074478149, 0.9516348838806152], 'val_loss': [0.628461480140686, 0.4717797338962555, 0.39802271127700806, 0.3723829686641693, 0.4001009166240692, 0.360786497592926, 0.31870248913764954, 0.32359451055526733, 0.33807989954948425, 0.35393664240837097, 0.3309831917285919, 0.6502949595451355, 0.37126776576042175, 0.78110271692276, 0.2952449917793274, 0.28044599294662476, 0.35481080412864685, 0.3255927562713623, 0.46799832582473755, 0.2813020944595337, 0.2767352759838104, 0.2944336235523224, 0.2619481086730957, 0.48040643334388733, 0.26571348309516907, 0.27541327476501465, 0.2962303161621094, 0.4274585247039795, 0.2856857180595398, 0.28472980856895447, 0.312265545129776, 0.3025725483894348], 'val_accuracy': [0.6959999799728394, 0.777999997138977, 0.8339999914169312, 0.8259999752044678, 0.8220000267028809, 0.8379999995231628, 0.8560000061988831, 0.8619999885559082, 0.8560000061988831, 0.8619999885559082, 0.8500000238418579, 0.7519999742507935, 0.8379999995231628, 0.722000002861023, 0.8859999775886536, 0.8899999856948853, 0.8379999995231628, 0.8619999885559082, 0.7919999957084656, 0.8999999761581421, 0.8920000195503235, 0.8899999856948853, 0.906000018119812, 0.8040000200271606, 0.9039999842643738, 0.8999999761581421, 0.878000020980835, 0.8420000076293945, 0.8980000019073486, 0.8899999856948853, 0.8740000128746033, 0.8799999952316284]}
2021-12-10 11:16:31,282 INFO - densenet201.start() : Model saved
2021-12-10 11:16:31,282 INFO - densenet201.start() : Prediction started
2021-12-10 11:18:03,007 INFO - densenet201.start() : Prediction completed
2021-12-10 11:18:03,593 INFO - densenet201.start() : Prediction results: method: DenseNet201, description: ,  train_time: 10843.692237854004, predict_time: 91.72459554672241,  true_positive: 232, true_negative: 208, false_positive: 42, false_negative: 18, sensitivity: 0.928,  specificity: 0.832, precision: 0.8467153284671532,  accuracy: 0.88,  error: 0.12, f1: 0.8854961832061069, myScore1: 1.6247529577831021, myScore2: 8.166002536617075e-05, myScore3: 0.009653857593245592
2021-12-10 11:18:06,690 INFO - statictics.insert() : History send to GIT
2021-12-10 11:18:10,767 INFO - efficientnetb0.__init__() : Algorithm initialized
2021-12-10 11:18:10,767 INFO - efficientnetb0.start() : Training started
2021-12-10 12:12:54,181 INFO - efficientnetb0.start() : Training completed
2021-12-10 12:12:54,182 INFO - efficientnetb0.start() : Training results: {'verbose': 1, 'epochs': 32, 'steps': 46}{'loss': [0.37387019395828247, 0.2366783320903778, 0.195113405585289, 0.1902157962322235, 0.15807604789733887, 0.1514309197664261, 0.1440005749464035, 0.14010833203792572, 0.12991812825202942, 0.1240861564874649, 0.12514588236808777, 0.11599227041006088, 0.11248135566711426, 0.11104138195514679, 0.10884649306535721, 0.09568040072917938, 0.09693016111850739, 0.0928281769156456, 0.08988629281520844, 0.09485715627670288, 0.08865025639533997, 0.08900000900030136, 0.08997510373592377, 0.07587651908397675, 0.08061345666646957, 0.07754284888505936, 0.08258523046970367, 0.07426874339580536, 0.0756995901465416, 0.07811617851257324, 0.06703077256679535, 0.0711861103773117], 'accuracy': [0.8396739363670349, 0.9141689538955688, 0.9250681400299072, 0.9271117448806763, 0.9352861046791077, 0.9414169192314148, 0.9393733143806458, 0.946185290813446, 0.9495912790298462, 0.9557220935821533, 0.9489100575447083, 0.9570844769477844, 0.9523161053657532, 0.9570844769477844, 0.9564032554626465, 0.9666212797164917, 0.9693460464477539, 0.9666212797164917, 0.9693460464477539, 0.9700272679328918, 0.9693460464477539, 0.970708429813385, 0.968664824962616, 0.9768392443656921, 0.9747956395149231, 0.9693460464477539, 0.973433256149292, 0.9720708727836609, 0.9741144180297852, 0.9720708727836609, 0.9802452325820923, 0.9741144180297852], 'val_loss': [0.3719837963581085, 0.3447222411632538, 0.2823925316333771, 0.2837750017642975, 0.2498624473810196, 0.26700809597969055, 0.23065029084682465, 0.22034087777137756, 0.2085522562265396, 0.19670304656028748, 0.21875083446502686, 0.19574499130249023, 0.21268092095851898, 0.21972894668579102, 0.18783041834831238, 0.18888583779335022, 0.18423433601856232, 0.1751755177974701, 0.17359812557697296, 0.16965636610984802, 0.19533595442771912, 0.1647942066192627, 0.1756218820810318, 0.16128070652484894, 0.1607952117919922, 0.16459594666957855, 0.15598270297050476, 0.17124374210834503, 0.1581275910139084, 0.1528317928314209, 0.1527797430753708, 0.15161629021167755], 'val_accuracy': [0.8399999737739563, 0.8360000252723694, 0.8820000290870667, 0.8799999952316284, 0.8980000019073486, 0.8859999775886536, 0.9100000262260437, 0.9079999923706055, 0.9200000166893005, 0.9279999732971191, 0.9100000262260437, 0.9259999990463257, 0.9139999747276306, 0.9120000004768372, 0.9240000247955322, 0.9240000247955322, 0.9200000166893005, 0.9319999814033508, 0.9279999732971191, 0.9340000152587891, 0.9200000166893005, 0.9319999814033508, 0.9240000247955322, 0.9279999732971191, 0.9359999895095825, 0.9300000071525574, 0.9359999895095825, 0.9240000247955322, 0.9300000071525574, 0.9359999895095825, 0.9359999895095825, 0.9399999976158142]}
2021-12-10 12:12:54,529 INFO - efficientnetb0.start() : Model saved
2021-12-10 12:12:54,529 INFO - efficientnetb0.start() : Prediction started
2021-12-10 12:13:23,444 INFO - efficientnetb0.start() : Prediction completed
2021-12-10 12:13:24,042 INFO - efficientnetb0.start() : Prediction results: method: EfficientNetB0, description: ,  train_time: 3283.413779735565, predict_time: 28.913841485977173,  true_positive: 237, true_negative: 233, false_positive: 17, false_negative: 13, sensitivity: 0.948,  specificity: 0.932, precision: 0.9330708661417323,  accuracy: 0.94,  error: 0.06000000000000005, f1: 0.9404761904761905, myScore1: 2.512211848518934, myScore2: 0.00028643243086831817, myScore3: 0.032526850191535735
2021-12-10 12:13:27,258 INFO - statictics.insert() : History send to GIT
2021-12-10 12:13:32,121 INFO - efficientnetb1.__init__() : Algorithm initialized
2021-12-10 12:13:32,122 INFO - efficientnetb1.start() : Training started
2021-12-10 13:29:11,194 INFO - efficientnetb1.start() : Training completed
2021-12-10 13:29:11,195 INFO - efficientnetb1.start() : Training results: {'verbose': 1, 'epochs': 32, 'steps': 46}{'loss': [0.3281366527080536, 0.2224467247724533, 0.18605631589889526, 0.15524855256080627, 0.14281481504440308, 0.1417408287525177, 0.13016413152217865, 0.11861559748649597, 0.10007137060165405, 0.11484938859939575, 0.09801564365625381, 0.09884347021579742, 0.09994454681873322, 0.09109549224376678, 0.08578544110059738, 0.08757711201906204, 0.08131810277700424, 0.088483527302742, 0.07930422574281693, 0.07615717500448227, 0.07160662859678268, 0.07982264459133148, 0.07090114057064056, 0.06328313797712326, 0.06654473394155502, 0.06554947048425674, 0.06521725654602051, 0.06507457047700882, 0.05805135518312454, 0.057808998972177505, 0.06122342124581337, 0.05986696109175682], 'accuracy': [0.8634510636329651, 0.9107629656791687, 0.9271117448806763, 0.9407356977462769, 0.9434604644775391, 0.9448229074478149, 0.9529972672462463, 0.9570844769477844, 0.9666212797164917, 0.9611716866493225, 0.9652588367462158, 0.9618528485298157, 0.9673024415969849, 0.971389651298523, 0.968664824962616, 0.968664824962616, 0.971389651298523, 0.9720708727836609, 0.970708429813385, 0.9747956395149231, 0.9761580228805542, 0.9679836630821228, 0.975476861000061, 0.9788828492164612, 0.9829699993133545, 0.9795640110969543, 0.9775204062461853, 0.975476861000061, 0.9788828492164612, 0.9836512207984924, 0.9795640110969543, 0.9809264540672302], 'val_loss': [0.3333677351474762, 0.2777920961380005, 0.251777321100235, 0.24529320001602173, 0.2200479656457901, 0.22140195965766907, 0.20675978064537048, 0.20140105485916138, 0.2069912552833557, 0.19324305653572083, 0.1948244720697403, 0.21739909052848816, 0.19192694127559662, 0.19096924364566803, 0.19572313129901886, 0.18528065085411072, 0.18467792868614197, 0.18326565623283386, 0.17711800336837769, 0.1796419769525528, 0.1850999891757965, 0.19532810151576996, 0.17626796662807465, 0.1749172955751419, 0.17771099507808685, 0.17762434482574463, 0.17839795351028442, 0.17663908004760742, 0.19817166030406952, 0.17387884855270386, 0.17746518552303314, 0.17174571752548218], 'val_accuracy': [0.8640000224113464, 0.8920000195503235, 0.8980000019073486, 0.8980000019073486, 0.9160000085830688, 0.9139999747276306, 0.9259999990463257, 0.9279999732971191, 0.9259999990463257, 0.9300000071525574, 0.9279999732971191, 0.9139999747276306, 0.9259999990463257, 0.9240000247955322, 0.9240000247955322, 0.9319999814033508, 0.9300000071525574, 0.9319999814033508, 0.9399999976158142, 0.9279999732971191, 0.9279999732971191, 0.9179999828338623, 0.9319999814033508, 0.9319999814033508, 0.9319999814033508, 0.9319999814033508, 0.9300000071525574, 0.9359999895095825, 0.9240000247955322, 0.9319999814033508, 0.9359999895095825, 0.9380000233650208]}
2021-12-10 13:29:11,537 INFO - efficientnetb1.start() : Model saved
2021-12-10 13:29:11,537 INFO - efficientnetb1.start() : Prediction started
2021-12-10 13:29:51,080 INFO - efficientnetb1.start() : Prediction completed
2021-12-10 13:29:51,684 INFO - efficientnetb1.start() : Prediction results: method: EfficientNetB1, description: ,  train_time: 4539.072146177292, predict_time: 39.54376006126404,  true_positive: 234, true_negative: 235, false_positive: 15, false_negative: 16, sensitivity: 0.936,  specificity: 0.94, precision: 0.9397590361445783,  accuracy: 0.938,  error: 0.062000000000000055, f1: 0.9378757515030061, myScore1: 2.457217005172411, myScore2: 0.00020662279014288518, myScore3: 0.023717414581971505
