2022-01-09 11:42:55,551 INFO - statictics.__init__() : Statistics initialized
2022-01-09 11:42:55,551 INFO - statictics.__init__() : Added link to history
2022-01-09 11:42:55,551 INFO - statictics.__init__() : History send to GIT
2022-01-09 11:42:55,864 INFO - data.__prepare() : Data prepared
2022-01-09 11:42:55,926 INFO - data.__augment() : Data augmented
2022-01-09 11:42:57,020 INFO - data.__copy() : Data copied
2022-01-09 11:42:58,317 INFO - data.__read() : Data prepared for algorithms
2022-01-09 11:42:58,708 INFO - data.__preprocess() : Data prepared for neural networks
2022-01-09 11:44:09,336 INFO - data.__pca() : Data processed by PCA
2022-01-09 11:44:09,338 INFO - discrete_nbc.__init__() : Algorithm initialized
2022-01-09 11:44:09,338 INFO - discrete_nbc.start() : Training started
2022-01-09 11:44:09,354 INFO - discrete_nbc.start() : Training completed
2022-01-09 11:44:09,354 INFO - discrete_nbc.start() : Prediction started
2022-01-09 11:44:09,354 INFO - discrete_nbc.start() : Prediction completed
2022-01-09 11:44:10,192 INFO - discrete_nbc.start() : Prediction results: method: DiscreteNBC, description: DiscreteNBC,  train_time: 0.015659809112548828, predict_time: 0.0,  true_positive: 17, true_negative: 13, false_positive: 12, false_negative: 8, sensitivity: 0.68,  specificity: 0.52, precision: 0.5862068965517241,  accuracy: 0.6,  error: 0.4, f1: 0.6296296296296295, myScore1: 0.8034355044699872, myScore2: 40.20672443095633, myScore3: inf
2022-01-09 11:44:14,338 INFO - statictics.insert() : History send to GIT
2022-01-09 11:44:14,338 INFO - real_boost.__init__() : Algorithm initialized
2022-01-09 11:44:14,338 INFO - real_boost.start() : Training started
2022-01-09 11:44:15,192 INFO - real_boost.start() : Training completed
2022-01-09 11:44:15,192 INFO - real_boost.start() : Prediction started
2022-01-09 11:44:15,192 INFO - real_boost.start() : Prediction completed
2022-01-09 11:44:15,942 INFO - real_boost.start() : Prediction results: method: RealBoost, description: An RealBoost classifier,  train_time: 0.8539247512817383, predict_time: 0.0,  true_positive: 13, true_negative: 21, false_positive: 4, false_negative: 12, sensitivity: 0.52,  specificity: 0.84, precision: 0.7647058823529411,  accuracy: 0.68,  error: 0.31999999999999995, f1: 0.6190476190476191, myScore1: 0.9024943977591038, myScore2: 0.7249439931544678, myScore3: inf
2022-01-09 11:44:19,880 INFO - statictics.insert() : History send to GIT
2022-01-09 11:44:19,880 INFO - bernoulli_nbc.__init__() : Algorithm initialized
2022-01-09 11:44:19,880 INFO - bernoulli_nbc.start() : Training started
2022-01-09 11:44:19,880 INFO - bernoulli_nbc.start() : Training completed
2022-01-09 11:44:19,895 INFO - bernoulli_nbc.start() : Prediction started
2022-01-09 11:44:19,895 INFO - bernoulli_nbc.start() : Prediction completed
2022-01-09 11:44:20,833 INFO - bernoulli_nbc.start() : Prediction results: method: BernoulliNBC, description: Naive Bayes classifier for multivariate Bernoulli models,  train_time: 0.0, predict_time: 0.0,  true_positive: 17, true_negative: 16, false_positive: 9, false_negative: 8, sensitivity: 0.68,  specificity: 0.64, precision: 0.6538461538461539,  accuracy: 0.66,  error: 0.33999999999999997, f1: 0.6666666666666666, myScore1: 0.8908355957767722, myScore2: inf, myScore3: inf
