2022-01-10 14:04:04,006 INFO - statictics.__init__() : Statistics initialized
2022-01-10 14:04:04,006 INFO - statictics.__init__() : Added link to history
2022-01-10 14:04:04,038 INFO - statictics.__init__() : History send to GIT
2022-01-10 14:04:48,538 INFO - data.__prepare() : Data prepared
2022-01-10 14:04:52,084 INFO - data.__augment() : Data augmented
2022-01-10 14:05:53,616 INFO - data.__copy() : Data copied
2022-01-10 14:06:54,400 INFO - data.__read() : Data prepared for algorithms
2022-01-10 14:06:55,499 INFO - data.__preprocess() : Data prepared for neural networks
2022-01-10 14:07:56,347 INFO - data.__pca() : Data processed by PCA
2022-01-10 14:07:56,378 INFO - discrete_nbc.__init__() : Algorithm initialized
2022-01-10 14:07:56,425 INFO - discrete_nbc.start() : Training started
2022-01-10 14:07:59,383 INFO - discrete_nbc.start() : Training completed
2022-01-10 14:07:59,383 INFO - discrete_nbc.start() : Prediction started
2022-01-10 14:08:01,029 INFO - discrete_nbc.start() : Prediction completed
2022-01-10 14:08:03,424 INFO - discrete_nbc.start() : Prediction results: method: DiscreteNBC, description: DiscreteNBC,  train_time: 2.957987070083618, predict_time: 1.6454038619995117,  true_positive: 131, true_negative: 1533, false_positive: 217, false_negative: 744, sensitivity: 0.14971428571428572,  specificity: 0.876, precision: 0.3764367816091954,  accuracy: 0.6339047619047619,  error: 0.36609523809523814, f1: 0.214227309893704, myScore1: 0.5838722035304463, myScore2: 0.07242334223173197, myScore3: 0.1301974031064767
2022-01-10 14:08:07,996 INFO - statictics.insert() : History send to GIT
2022-01-10 14:08:07,996 INFO - real_boost.__init__() : Algorithm initialized
2022-01-10 14:08:07,996 INFO - real_boost.start() : Training started
2022-01-10 14:08:16,229 INFO - real_boost.start() : Training completed
2022-01-10 14:08:16,229 INFO - real_boost.start() : Prediction started
2022-01-10 14:08:16,260 INFO - real_boost.start() : Prediction completed
2022-01-10 14:08:17,125 INFO - real_boost.start() : Prediction results: method: RealBoost, description: An RealBoost classifier,  train_time: 8.233052253723145, predict_time: 0.03125143051147461,  true_positive: 642, true_negative: 1555, false_positive: 195, false_negative: 233, sensitivity: 0.7337142857142858,  specificity: 0.8885714285714286, precision: 0.7670250896057348,  accuracy: 0.836952380952381,  error: 0.163047619047619, f1: 0.75, myScore1: 1.310944075493729, myScore2: 0.09109622736341016, myScore3: 23.998901417476617
2022-01-10 14:08:21,313 INFO - statictics.insert() : History send to GIT
2022-01-10 14:08:21,313 INFO - bernoulli_nbc.__init__() : Algorithm initialized
2022-01-10 14:08:21,313 INFO - bernoulli_nbc.start() : Training started
2022-01-10 14:08:21,379 INFO - bernoulli_nbc.start() : Training completed
2022-01-10 14:08:21,379 INFO - bernoulli_nbc.start() : Prediction started
2022-01-10 14:08:21,399 INFO - bernoulli_nbc.start() : Prediction completed
2022-01-10 14:08:22,239 INFO - bernoulli_nbc.start() : Prediction results: method: BernoulliNBC, description: Naive Bayes classifier for multivariate Bernoulli models,  train_time: 0.06639385223388672, predict_time: 0.01949024200439453,  true_positive: 479, true_negative: 1541, false_positive: 209, false_negative: 396, sensitivity: 0.5474285714285714,  specificity: 0.8805714285714286, precision: 0.6962209302325582,  accuracy: 0.7695238095238095,  error: 0.2304761904761905, f1: 0.6129238643634037, myScore1: 1.0297207036779998, myScore2: 9.231635817789977, myScore3: 31.447729803724638
2022-01-10 14:08:26,185 INFO - statictics.insert() : History send to GIT
2022-01-10 14:08:26,185 INFO - gaussian_nbc.__init__() : Algorithm initialized
2022-01-10 14:08:26,185 INFO - gaussian_nbc.start() : Training started
2022-01-10 14:08:26,216 INFO - gaussian_nbc.start() : Training completed
2022-01-10 14:08:26,216 INFO - gaussian_nbc.start() : Prediction started
2022-01-10 14:08:26,232 INFO - gaussian_nbc.start() : Prediction completed
2022-01-10 14:08:27,131 INFO - gaussian_nbc.start() : Prediction results: method: GaussianNBC, description: Gaussian Naive Bayes (GaussianNB),  train_time: 0.031242847442626953, predict_time: 0.01562190055847168,  true_positive: 633, true_negative: 1361, false_positive: 389, false_negative: 242, sensitivity: 0.7234285714285714,  specificity: 0.7777142857142857, precision: 0.6193737769080235,  accuracy: 0.7596190476190476,  error: 0.24038095238095236, f1: 0.6673695308381655, myScore1: 1.0377046727302912, myScore2: 21.360714066273722, myScore3: 42.72012411935719
2022-01-10 14:08:31,140 INFO - statictics.insert() : History send to GIT
2022-01-10 14:08:31,140 INFO - k_neighbors.__init__() : Algorithm initialized
2022-01-10 14:08:31,140 INFO - k_neighbors.start() : Training started
2022-01-10 14:08:31,148 INFO - k_neighbors.start() : Training completed
2022-01-10 14:08:31,148 INFO - k_neighbors.start() : Prediction started
2022-01-10 14:08:31,886 INFO - k_neighbors.start() : Prediction completed
2022-01-10 14:08:33,513 INFO - k_neighbors.start() : Prediction results: method: KNeighborsClassifier, description: Classifier implementing the k-nearest neighbors vote,  train_time: 0.00780940055847168, predict_time: 0.7381064891815186,  true_positive: 656, true_negative: 1642, false_positive: 108, false_negative: 219, sensitivity: 0.7497142857142857,  specificity: 0.9382857142857143, precision: 0.8586387434554974,  accuracy: 0.8754285714285714,  error: 0.12457142857142856, f1: 0.8004881025015252, myScore1: 1.5452030763171514, myScore2: 102.50314303998039, myScore3: 1.0845157361902904
2022-01-10 14:08:37,596 INFO - statictics.insert() : History send to GIT
2022-01-10 14:08:37,596 INFO - linear_svm.__init__() : Algorithm initialized
2022-01-10 14:08:37,596 INFO - linear_svm.start() : Training started
2022-01-10 14:08:42,644 INFO - linear_svm.start() : Training completed
2022-01-10 14:08:42,644 INFO - linear_svm.start() : Prediction started
2022-01-10 14:08:42,648 INFO - linear_svm.start() : Prediction completed
2022-01-10 14:08:43,488 INFO - linear_svm.start() : Prediction results: method: LinearSVM, description: Linear Support Vector Classification,  train_time: 5.04778790473938, predict_time: 0.004004955291748047,  true_positive: 665, true_negative: 1247, false_positive: 503, false_negative: 210, sensitivity: 0.76,  specificity: 0.7125714285714285, precision: 0.5693493150684932,  accuracy: 0.7283809523809524,  error: 0.27161904761904765, f1: 0.6510034263338229, myScore1: 0.9706945756161238, myScore2: 0.12896806256906995, myScore3: 162.54948655111673
