2022-01-13 23:31:24,395 INFO - statictics.__init__() : Statistics initialized
2022-01-13 23:31:24,395 INFO - statictics.__init__() : Added link to history
2022-01-13 23:31:24,411 INFO - statictics.__init__() : History send to GIT
2022-01-13 23:32:38,857 INFO - data.__prepare() : Data prepared
2022-01-13 23:32:44,180 INFO - data.__augment() : Data augmented
2022-01-13 23:34:01,259 INFO - data.__copy() : Data copied
2022-01-13 23:35:35,537 INFO - data.__read() : Data prepared for algorithms
2022-01-13 23:35:36,865 INFO - data.__preprocess() : Data prepared for neural networks
2022-01-13 23:35:41,093 INFO - densenet121.__init__() : Algorithm initialized
2022-01-13 23:35:41,093 INFO - densenet121.start() : Training started
2022-01-14 00:20:50,821 INFO - densenet121.start() : Training completed
2022-01-14 00:20:50,821 INFO - densenet121.start() : Training results: {'verbose': 1, 'epochs': 1, 'steps': 323}{'loss': [0.6340441703796387], 'accuracy': [0.7547407150268555], 'val_loss': [0.30202192068099976], 'val_accuracy': [0.8779709935188293]}
2022-01-14 00:20:51,420 INFO - densenet121.start() : Model saved
2022-01-14 00:20:51,420 INFO - densenet121.start() : Prediction started
2022-01-14 00:29:12,754 INFO - densenet121.start() : Prediction completed
2022-01-14 00:29:13,723 INFO - densenet121.start() : Prediction results: method: DenseNet121, description: ,  train_time: 2709.7281453609467, predict_time: 501.3345363140106,  true_positive: 537, true_negative: 2492, false_positive: 55, false_negative: 366, sensitivity: 0.5946843853820598,  specificity: 0.9784059678052611, precision: 0.9070945945945946,  accuracy: 0.8779710144927536,  error: 0.12202898550724639, f1: 0.7183946488294315, myScore1: 1.5144903553215174, myScore2: 0.0002651168716165578, myScore3: 0.0014329646110386167
2022-01-14 00:29:18,108 INFO - statictics.insert() : History send to GIT
2022-01-14 00:29:23,587 INFO - densenet169.__init__() : Algorithm initialized
2022-01-14 00:29:23,587 INFO - densenet169.start() : Training started
2022-01-14 02:01:26,391 INFO - densenet169.start() : Training completed
2022-01-14 02:01:26,391 INFO - densenet169.start() : Training results: {'verbose': 1, 'epochs': 1, 'steps': 323}{'loss': [0.6792842745780945], 'accuracy': [0.7644156217575073], 'val_loss': [0.30987656116485596], 'val_accuracy': [0.8750724792480469]}
2022-01-14 02:01:27,329 INFO - densenet169.start() : Model saved
2022-01-14 02:01:27,329 INFO - densenet169.start() : Prediction started
2022-01-14 02:21:59,700 INFO - densenet169.start() : Prediction completed
2022-01-14 02:22:00,981 INFO - densenet169.start() : Prediction results: method: DenseNet169, description: ,  train_time: 5522.803687810898, predict_time: 1232.3713109493256,  true_positive: 501, true_negative: 2518, false_positive: 29, false_negative: 402, sensitivity: 0.5548172757475083,  specificity: 0.9886140557518649, precision: 0.9452830188679245,  accuracy: 0.875072463768116,  error: 0.12492753623188402, f1: 0.6992323796231682, myScore1: 1.4864589083480957, myScore2: 0.00012660822639168015, myScore3: 0.0005673877454064818
2022-01-14 02:22:06,865 INFO - statictics.insert() : History send to GIT
2022-01-14 02:22:13,442 INFO - densenet201.__init__() : Algorithm initialized
2022-01-14 02:22:13,442 INFO - densenet201.start() : Training started
2022-01-14 04:36:48,590 INFO - densenet201.start() : Training completed
2022-01-14 04:36:48,590 INFO - densenet201.start() : Training results: {'verbose': 1, 'epochs': 1, 'steps': 323}{'loss': [0.47349968552589417], 'accuracy': [0.7892801761627197], 'val_loss': [0.4326377511024475], 'val_accuracy': [0.8095652461051941]}
2022-01-14 04:36:49,564 INFO - densenet201.start() : Model saved
2022-01-14 04:36:49,564 INFO - densenet201.start() : Prediction started
2022-01-14 05:05:27,988 INFO - densenet201.start() : Prediction completed
2022-01-14 05:05:28,930 INFO - densenet201.start() : Prediction results: method: DenseNet201, description: ,  train_time: 8075.147953748703, predict_time: 1718.4238135814667,  true_positive: 255, true_negative: 2538, false_positive: 9, false_negative: 648, sensitivity: 0.2823920265780731,  specificity: 0.9964664310954063, precision: 0.9659090909090909,  accuracy: 0.8095652173913044,  error: 0.19043478260869562, f1: 0.4370179948586118, myScore1: 1.0490564292778353, myScore2: 5.4118883933976246e-05, myScore3: 0.00025431327906693594
2022-01-14 05:05:34,158 INFO - statictics.insert() : History send to GIT
2022-01-14 05:05:36,804 INFO - efficientnetb0.__init__() : Algorithm initialized
2022-01-14 05:05:36,804 INFO - efficientnetb0.start() : Training started
2022-01-14 05:18:19,518 INFO - efficientnetb0.start() : Training completed
2022-01-14 05:18:19,518 INFO - efficientnetb0.start() : Training results: {'verbose': 1, 'epochs': 1, 'steps': 323}{'loss': [0.29234620928764343], 'accuracy': [0.8872871398925781], 'val_loss': [0.18759402632713318], 'val_accuracy': [0.9344927668571472]}
2022-01-14 05:18:19,945 INFO - efficientnetb0.start() : Model saved
2022-01-14 05:18:19,945 INFO - efficientnetb0.start() : Prediction started
2022-01-14 05:20:50,957 INFO - efficientnetb0.start() : Prediction completed
2022-01-14 05:20:51,884 INFO - efficientnetb0.start() : Prediction results: method: EfficientNetB0, description: ,  train_time: 762.7141199111938, predict_time: 151.01269006729126,  true_positive: 784, true_negative: 2440, false_positive: 107, false_negative: 119, sensitivity: 0.8682170542635659,  specificity: 0.9579897919120534, precision: 0.8799102132435466,  accuracy: 0.9344927536231884,  error: 0.0655072463768116, f1: 0.8740245261984392, myScore1: 2.3276219169698265, myScore2: 0.0011459398788896233, myScore3: 0.0057877554913363495
2022-01-14 05:20:56,732 INFO - statictics.insert() : History send to GIT
2022-01-14 05:21:00,492 INFO - efficientnetb1.__init__() : Algorithm initialized
2022-01-14 05:21:00,492 INFO - efficientnetb1.start() : Training started
2022-01-14 05:36:17,979 INFO - efficientnetb1.start() : Training completed
2022-01-14 05:36:17,979 INFO - efficientnetb1.start() : Training results: {'verbose': 1, 'epochs': 1, 'steps': 323}{'loss': [0.2666131258010864], 'accuracy': [0.8985100388526917], 'val_loss': [0.15641851723194122], 'val_accuracy': [0.9495652318000793]}
2022-01-14 05:36:18,432 INFO - efficientnetb1.start() : Model saved
2022-01-14 05:36:18,432 INFO - efficientnetb1.start() : Prediction started
2022-01-14 05:39:39,997 INFO - efficientnetb1.start() : Prediction completed
2022-01-14 05:39:40,872 INFO - efficientnetb1.start() : Prediction results: method: EfficientNetB1, description: ,  train_time: 917.4867358207703, predict_time: 201.56478667259216,  true_positive: 794, true_negative: 2482, false_positive: 65, false_negative: 109, sensitivity: 0.8792912513842747,  specificity: 0.9744797801334903, precision: 0.9243306169965075,  accuracy: 0.9495652173913044,  error: 0.050434782608695605, f1: 0.9012485811577753, myScore1: 2.8061495978591022, myScore2: 0.0009823014829217465, myScore3: 0.0044712600649919115
2022-01-14 05:39:45,788 INFO - statictics.insert() : History send to GIT
2022-01-14 05:39:49,422 INFO - efficientnetb2.__init__() : Algorithm initialized
2022-01-14 05:39:49,422 INFO - efficientnetb2.start() : Training started
2022-01-14 05:56:11,530 INFO - efficientnetb2.start() : Training completed
2022-01-14 05:56:11,530 INFO - efficientnetb2.start() : Training results: {'verbose': 1, 'epochs': 1, 'steps': 323}{'loss': [0.28763896226882935], 'accuracy': [0.8841911554336548], 'val_loss': [0.171802818775177], 'val_accuracy': [0.937101423740387]}
2022-01-14 05:56:11,999 INFO - efficientnetb2.start() : Model saved
2022-01-14 05:56:11,999 INFO - efficientnetb2.start() : Prediction started
2022-01-14 05:59:51,226 INFO - efficientnetb2.start() : Prediction completed
2022-01-14 05:59:52,106 INFO - efficientnetb2.start() : Prediction results: method: EfficientNetB2, description: ,  train_time: 982.1078882217407, predict_time: 219.22750401496887,  true_positive: 720, true_negative: 2513, false_positive: 34, false_negative: 183, sensitivity: 0.7973421926910299,  specificity: 0.9866509619159796, precision: 0.9549071618037135,  accuracy: 0.9371014492753623,  error: 0.06289855072463768, f1: 0.8690404345202173, myScore1: 2.391982144980791, myScore2: 0.0008848726753368719, myScore3: 0.003964103128505624
2022-01-14 05:59:57,132 INFO - statictics.insert() : History send to GIT
2022-01-14 06:00:01,293 INFO - efficientnetb3.__init__() : Algorithm initialized
2022-01-14 06:00:01,293 INFO - efficientnetb3.start() : Training started
2022-01-14 06:23:38,212 INFO - efficientnetb3.start() : Training completed
2022-01-14 06:23:38,212 INFO - efficientnetb3.start() : Training results: {'verbose': 1, 'epochs': 1, 'steps': 323}{'loss': [0.2904386818408966], 'accuracy': [0.8875774145126343], 'val_loss': [0.17489390075206757], 'val_accuracy': [0.9339130520820618]}
2022-01-14 06:23:38,733 INFO - efficientnetb3.start() : Model saved
2022-01-14 06:23:38,733 INFO - efficientnetb3.start() : Prediction started
2022-01-14 06:28:25,287 INFO - efficientnetb3.start() : Prediction completed
2022-01-14 06:28:26,057 INFO - efficientnetb3.start() : Prediction results: method: EfficientNetB3, description: ,  train_time: 1416.9189758300781, predict_time: 286.5539586544037,  true_positive: 714, true_negative: 2508, false_positive: 39, false_negative: 189, sensitivity: 0.7906976744186046,  specificity: 0.9846878680800942, precision: 0.9482071713147411,  accuracy: 0.9339130434782609,  error: 0.06608695652173913, f1: 0.8623188405797101, myScore1: 2.3100678907558674, myScore2: 0.0006085872624258809, myScore3: 0.0030092721267190848
2022-01-14 06:28:31,307 INFO - statictics.insert() : History send to GIT
2022-01-14 06:28:36,707 INFO - efficientnetb4.__init__() : Algorithm initialized
2022-01-14 06:28:36,707 INFO - efficientnetb4.start() : Training started
2022-01-14 07:03:12,428 INFO - efficientnetb4.start() : Training completed
2022-01-14 07:03:12,428 INFO - efficientnetb4.start() : Training results: {'verbose': 1, 'epochs': 1, 'steps': 323}{'loss': [0.2938193082809448], 'accuracy': [0.8837074041366577], 'val_loss': [0.18556860089302063], 'val_accuracy': [0.9342029094696045]}
2022-01-14 07:03:13,131 INFO - efficientnetb4.start() : Model saved
2022-01-14 07:03:13,131 INFO - efficientnetb4.start() : Prediction started
2022-01-14 07:11:33,000 INFO - efficientnetb4.start() : Prediction completed
2022-01-14 07:11:33,789 INFO - efficientnetb4.start() : Prediction results: method: EfficientNetB4, description: ,  train_time: 2075.7209374904633, predict_time: 499.8682825565338,  true_positive: 729, true_negative: 2494, false_positive: 53, false_negative: 174, sensitivity: 0.8073089700996677,  specificity: 0.9791912053396152, precision: 0.9322250639386189,  accuracy: 0.9342028985507247,  error: 0.06579710144927531, f1: 0.8652818991097923, myScore1: 2.3177575518940157, myScore2: 0.00041685849166021036, myScore3: 0.001731019809227306
2022-01-14 07:11:38,721 INFO - statictics.insert() : History send to GIT
2022-01-14 07:11:45,844 INFO - efficientnetb5.__init__() : Algorithm initialized
2022-01-14 07:11:45,844 INFO - efficientnetb5.start() : Training started
2022-01-14 08:04:42,952 INFO - efficientnetb5.start() : Training completed
2022-01-14 08:04:42,968 INFO - efficientnetb5.start() : Training results: {'verbose': 1, 'epochs': 1, 'steps': 323}{'loss': [0.3010231554508209], 'accuracy': [0.879643976688385], 'val_loss': [0.18273665010929108], 'val_accuracy': [0.9339130520820618]}
2022-01-14 08:04:43,786 INFO - efficientnetb5.start() : Model saved
2022-01-14 08:04:43,786 INFO - efficientnetb5.start() : Prediction started
2022-01-14 08:16:38,068 INFO - efficientnetb5.start() : Prediction completed
2022-01-14 08:16:38,995 INFO - efficientnetb5.start() : Prediction results: method: EfficientNetB5, description: ,  train_time: 3177.107990503311, predict_time: 714.2821841239929,  true_positive: 714, true_negative: 2508, false_positive: 39, false_negative: 189, sensitivity: 0.7906976744186046,  specificity: 0.9846878680800942, precision: 0.9482071713147411,  accuracy: 0.9339130434782609,  error: 0.06608695652173913, f1: 0.8623188405797101, myScore1: 2.3100678907558674, myScore2: 0.00027141628271914775, myScore3: 0.0012072523433260087
