2022-01-10 11:22:31,131 INFO - statictics.__init__() : Statistics initialized
2022-01-10 11:22:31,131 INFO - statictics.__init__() : Added link to history
2022-01-10 11:22:31,163 INFO - statictics.__init__() : History send to GIT
2022-01-10 11:22:33,069 INFO - data.__prepare() : Data prepared
2022-01-10 11:22:33,600 INFO - data.__augment() : Data augmented
2022-01-10 11:22:43,131 INFO - data.__copy() : Data copied
2022-01-10 11:22:49,163 INFO - data.__read() : Data prepared for algorithms
2022-01-10 11:22:49,491 INFO - data.__preprocess() : Data prepared for neural networks
2022-01-10 11:23:47,881 INFO - data.__pca() : Data processed by PCA
2022-01-10 11:23:47,897 INFO - discrete_nbc.__init__() : Algorithm initialized
2022-01-10 11:23:47,913 INFO - discrete_nbc.start() : Training started
2022-01-10 11:23:48,584 INFO - discrete_nbc.start() : Training completed
2022-01-10 11:23:48,584 INFO - discrete_nbc.start() : Prediction started
2022-01-10 11:23:48,897 INFO - discrete_nbc.start() : Prediction completed
2022-01-10 11:23:50,006 INFO - discrete_nbc.start() : Prediction results: method: DiscreteNBC, description: DiscreteNBC,  train_time: 0.6718652248382568, predict_time: 0.31247830390930176,  true_positive: 80, true_negative: 55, false_positive: 70, false_negative: 45, sensitivity: 0.64,  specificity: 0.44, precision: 0.5333333333333333,  accuracy: 0.54,  error: 0.45999999999999996, f1: 0.5818181818181818, myScore1: 0.7236337285902504, myScore2: 0.8659745441628524, myScore3: 1.8619474521567332
2022-01-10 11:23:58,678 INFO - statictics.insert() : History send to GIT
2022-01-10 11:23:58,678 INFO - real_boost.__init__() : Algorithm initialized
2022-01-10 11:23:58,678 INFO - real_boost.start() : Training started
2022-01-10 11:27:44,194 INFO - real_boost.start() : Training completed
2022-01-10 11:27:44,194 INFO - real_boost.start() : Prediction started
2022-01-10 11:27:44,194 INFO - real_boost.start() : Prediction completed
2022-01-10 11:27:44,991 INFO - real_boost.start() : Prediction results: method: RealBoost, description: An RealBoost classifier,  train_time: 225.4998917579651, predict_time: 0.0,  true_positive: 109, true_negative: 53, false_positive: 72, false_negative: 16, sensitivity: 0.872,  specificity: 0.424, precision: 0.6022099447513812,  accuracy: 0.648,  error: 0.352, f1: 0.7124183006535947, myScore1: 0.8949210538928447, myScore2: 0.003159284446212736, myScore3: inf
2022-01-10 11:27:50,084 INFO - statictics.insert() : History send to GIT
2022-01-10 11:27:50,084 INFO - bernoulli_nbc.__init__() : Algorithm initialized
2022-01-10 11:27:50,100 INFO - bernoulli_nbc.start() : Training started
2022-01-10 11:27:50,100 INFO - bernoulli_nbc.start() : Training completed
2022-01-10 11:27:50,100 INFO - bernoulli_nbc.start() : Prediction started
2022-01-10 11:27:50,116 INFO - bernoulli_nbc.start() : Prediction completed
2022-01-10 11:27:50,881 INFO - bernoulli_nbc.start() : Prediction results: method: BernoulliNBC, description: Naive Bayes classifier for multivariate Bernoulli models,  train_time: 0.0, predict_time: 0.01562786102294922,  true_positive: 93, true_negative: 68, false_positive: 57, false_negative: 32, sensitivity: 0.744,  specificity: 0.544, precision: 0.62,  accuracy: 0.644,  error: 0.356, f1: 0.6763636363636364, myScore1: 0.8742806945863126, myScore2: inf, myScore3: 43.27934804196231
2022-01-10 11:27:55,163 INFO - statictics.insert() : History send to GIT
2022-01-10 11:27:55,163 INFO - gaussian_nbc.__init__() : Algorithm initialized
2022-01-10 11:27:55,163 INFO - gaussian_nbc.start() : Training started
2022-01-10 11:27:55,178 INFO - gaussian_nbc.start() : Training completed
2022-01-10 11:27:55,178 INFO - gaussian_nbc.start() : Prediction started
2022-01-10 11:27:55,178 INFO - gaussian_nbc.start() : Prediction completed
2022-01-10 11:27:55,991 INFO - gaussian_nbc.start() : Prediction results: method: GaussianNBC, description: Gaussian Naive Bayes (GaussianNB),  train_time: 0.015624761581420898, predict_time: 0.0,  true_positive: 107, true_negative: 27, false_positive: 98, false_negative: 18, sensitivity: 0.856,  specificity: 0.216, precision: 0.5219512195121951,  accuracy: 0.536,  error: 0.46399999999999997, f1: 0.6484848484848486, myScore1: 0.7527547875729542, myScore2: 41.50366359867848, myScore3: inf
2022-01-10 11:28:00,480 INFO - statictics.insert() : History send to GIT
2022-01-10 11:28:00,480 INFO - k_neighbors.__init__() : Algorithm initialized
2022-01-10 11:28:00,480 INFO - k_neighbors.start() : Training started
2022-01-10 11:28:00,480 INFO - k_neighbors.start() : Training completed
2022-01-10 11:28:00,480 INFO - k_neighbors.start() : Prediction started
2022-01-10 11:28:00,507 INFO - k_neighbors.start() : Prediction completed
2022-01-10 11:28:01,366 INFO - k_neighbors.start() : Prediction results: method: KNeighborsClassifier, description: Classifier implementing the k-nearest neighbors vote,  train_time: 0.0, predict_time: 0.026703357696533203,  true_positive: 115, true_negative: 51, false_positive: 74, false_negative: 10, sensitivity: 0.92,  specificity: 0.408, precision: 0.6084656084656085,  accuracy: 0.664,  error: 0.33599999999999997, f1: 0.7324840764331211, myScore1: 0.9239076466821691, myScore2: inf, myScore3: 27.430410990158617
2022-01-10 11:28:05,492 INFO - statictics.insert() : History send to GIT
2022-01-10 11:28:05,492 INFO - linear_svm.__init__() : Algorithm initialized
2022-01-10 11:28:05,492 INFO - linear_svm.start() : Training started
2022-01-10 11:28:05,808 INFO - linear_svm.start() : Training completed
2022-01-10 11:28:05,808 INFO - linear_svm.start() : Prediction started
2022-01-10 11:28:05,812 INFO - linear_svm.start() : Prediction completed
2022-01-10 11:28:06,577 INFO - linear_svm.start() : Prediction results: method: LinearSVM, description: Linear Support Vector Classification,  train_time: 0.31636548042297363, predict_time: 0.003904104232788086,  true_positive: 109, true_negative: 88, false_positive: 37, false_negative: 16, sensitivity: 0.872,  specificity: 0.704, precision: 0.7465753424657534,  accuracy: 0.788,  error: 0.21199999999999997, f1: 0.8044280442804429, myScore1: 1.1849696695943441, myScore2: 2.5427175025699404, myScore3: 206.04676420382526
2022-01-10 11:28:10,964 INFO - statictics.insert() : History send to GIT
2022-01-10 11:28:10,964 INFO - nonlinear_svm.__init__() : Algorithm initialized
2022-01-10 11:28:10,964 INFO - nonlinear_svm.start() : Training started
2022-01-10 11:28:11,027 INFO - nonlinear_svm.start() : Training completed
2022-01-10 11:28:11,027 INFO - nonlinear_svm.start() : Prediction started
2022-01-10 11:28:11,078 INFO - nonlinear_svm.start() : Prediction completed
2022-01-10 11:28:12,127 INFO - nonlinear_svm.start() : Prediction results: method: NonLinearSVM, description: Non Linear Support Vector Classification,  train_time: 0.06252312660217285, predict_time: 0.05076432228088379,  true_positive: 118, true_negative: 65, false_positive: 60, false_negative: 7, sensitivity: 0.944,  specificity: 0.52, precision: 0.6629213483146067,  accuracy: 0.732,  error: 0.268, f1: 0.7788778877887788, myScore1: 1.0484654070840589, myScore2: 12.457436633722514, myScore3: 15.343017552350524
2022-01-10 11:28:16,418 INFO - statictics.insert() : History send to GIT
2022-01-10 11:28:16,418 INFO - lp.__init__() : Algorithm initialized
2022-01-10 11:28:16,418 INFO - lp.start() : Training started
2022-01-10 11:28:16,437 INFO - lp.start() : Training completed
2022-01-10 11:28:16,437 INFO - lp.start() : Prediction started
2022-01-10 11:28:16,441 INFO - lp.start() : Prediction completed
2022-01-10 11:28:17,214 INFO - lp.start() : Prediction results: method: LP, description: Linear perceptron classifier,  train_time: 0.019515514373779297, predict_time: 0.0039055347442626953,  true_positive: 112, true_negative: 77, false_positive: 48, false_negative: 13, sensitivity: 0.896,  specificity: 0.616, precision: 0.7,  accuracy: 0.756,  error: 0.244, f1: 0.7859649122807016, myScore1: 1.0996185217141212, myScore2: 40.27385070294177, myScore3: 201.24386639634918
2022-01-10 11:28:21,366 INFO - statictics.insert() : History send to GIT
2022-01-10 11:28:21,366 INFO - mlp.__init__() : Algorithm initialized
2022-01-10 11:28:21,366 INFO - mlp.start() : Training started
2022-01-10 11:28:21,975 INFO - mlp.start() : Training completed
2022-01-10 11:28:21,975 INFO - mlp.start() : Prediction started
2022-01-10 11:28:21,975 INFO - mlp.start() : Prediction completed
2022-01-10 11:28:22,741 INFO - mlp.start() : Prediction results: method: MLP, description: Multi-layer Perceptron classifier.,  train_time: 0.6096475124359131, predict_time: 0.0,  true_positive: 93, true_negative: 84, false_positive: 41, false_negative: 32, sensitivity: 0.744,  specificity: 0.672, precision: 0.6940298507462687,  accuracy: 0.708,  error: 0.29200000000000004, f1: 0.718146718146718, myScore1: 0.9833420975726435, myScore2: 1.177970390262538, myScore3: inf
2022-01-10 11:28:27,272 INFO - statictics.insert() : History send to GIT
2022-01-10 11:28:27,272 INFO - ada_boost.__init__() : Algorithm initialized
2022-01-10 11:28:27,272 INFO - ada_boost.start() : Training started
2022-01-10 11:29:13,647 INFO - ada_boost.start() : Training completed
2022-01-10 11:29:13,647 INFO - ada_boost.start() : Prediction started
2022-01-10 11:29:14,131 INFO - ada_boost.start() : Prediction completed
2022-01-10 11:29:15,397 INFO - ada_boost.start() : Prediction results: method: AdaBoostClassifier, description: An AdaBoost classifier,  train_time: 46.374929428100586, predict_time: 0.48442745208740234,  true_positive: 116, true_negative: 68, false_positive: 57, false_negative: 9, sensitivity: 0.928,  specificity: 0.544, precision: 0.6705202312138728,  accuracy: 0.736,  error: 0.264, f1: 0.7785234899328859, myScore1: 1.055901646875709, myScore2: 0.0167875940628633, myScore3: 1.6071002718326985
