2022-01-09 18:59:20,913 INFO - statictics.__init__() : Statistics initialized
2022-01-09 18:59:20,928 INFO - statictics.__init__() : Added link to history
2022-01-09 18:59:20,944 INFO - statictics.__init__() : History send to GIT
2022-01-09 18:59:27,866 INFO - data.__prepare() : Data prepared
2022-01-09 18:59:33,366 INFO - data.__augment() : Data augmented
2022-01-09 18:59:40,334 INFO - data.__copy() : Data copied
2022-01-09 18:59:46,085 INFO - data.__read() : Data prepared for algorithms
2022-01-09 18:59:46,600 INFO - data.__preprocess() : Data prepared for neural networks
2022-01-09 18:59:46,600 INFO - discrete_nbc.__init__() : Algorithm initialized
2022-01-09 18:59:52,553 INFO - discrete_nbc.start() : Training started
2022-01-09 19:05:53,069 INFO - discrete_nbc.start() : Training completed
2022-01-09 19:05:53,069 INFO - discrete_nbc.start() : Prediction started
2022-01-09 19:09:08,366 INFO - discrete_nbc.start() : Prediction completed
2022-01-09 19:12:25,710 INFO - discrete_nbc.start() : Prediction results: method: DiscreteNBC, description: DiscreteNBC,  train_time: 360.5153214931488, predict_time: 195.29687786102295,  true_positive: 103, true_negative: 58, false_positive: 67, false_negative: 22, sensitivity: 0.824,  specificity: 0.464, precision: 0.6058823529411764,  accuracy: 0.644,  error: 0.356, f1: 0.6983050847457626, myScore1: 0.8838396540714933, myScore2: 0.0019369636825796684, myScore3: 0.003575608030163647
2022-01-09 19:12:30,600 INFO - statictics.insert() : History send to GIT
2022-01-09 19:12:30,600 INFO - real_boost.__init__() : Algorithm initialized
2022-01-09 19:12:30,600 INFO - real_boost.start() : Training started
2022-01-09 20:26:07,612 INFO - real_boost.start() : Training completed
2022-01-09 20:26:07,612 INFO - real_boost.start() : Prediction started
2022-01-09 20:26:07,643 INFO - real_boost.start() : Prediction completed
2022-01-09 20:26:08,471 INFO - real_boost.start() : Prediction results: method: RealBoost, description: An RealBoost classifier,  train_time: 4417.011823892593, predict_time: 0.031247854232788086,  true_positive: 107, true_negative: 70, false_positive: 55, false_negative: 18, sensitivity: 0.856,  specificity: 0.56, precision: 0.6604938271604939,  accuracy: 0.708,  error: 0.29200000000000004, f1: 0.7456445993031359, myScore1: 0.9937374357922748, myScore2: 0.00016881199983884566, myScore3: 23.862265669453162
2022-01-09 20:26:12,841 INFO - statictics.insert() : History send to GIT
2022-01-09 20:26:12,841 INFO - bernoulli_nbc.__init__() : Algorithm initialized
2022-01-09 20:26:12,841 INFO - bernoulli_nbc.start() : Training started
2022-01-09 20:26:15,424 INFO - bernoulli_nbc.start() : Training completed
2022-01-09 20:26:15,424 INFO - bernoulli_nbc.start() : Prediction started
2022-01-09 20:26:15,892 INFO - bernoulli_nbc.start() : Prediction completed
2022-01-09 20:26:17,147 INFO - bernoulli_nbc.start() : Prediction results: method: BernoulliNBC, description: Naive Bayes classifier for multivariate Bernoulli models,  train_time: 2.582876682281494, predict_time: 0.46871519088745117,  true_positive: 106, true_negative: 23, false_positive: 102, false_negative: 19, sensitivity: 0.848,  specificity: 0.184, precision: 0.5096153846153846,  accuracy: 0.516,  error: 0.484, f1: 0.6366366366366366, myScore1: 0.7306914270277907, myScore2: 0.24648355881794784, myScore3: 1.358259021712627
