2021-11-29 06:17:50,521 INFO - statictics.__init__() : Statistics initialized
2021-11-29 06:17:50,522 INFO - statictics.__init__() : Added link to history
2021-11-29 06:17:50,559 INFO - statictics.__init__() : History send to GIT
2021-11-29 06:17:55,634 INFO - data.__prepare() : Data prepared
2021-11-29 06:17:59,651 INFO - data.__augment() : Data augmented
2021-11-29 06:18:03,251 INFO - data.__copy() : Data copied
2021-11-29 06:18:09,000 INFO - data.__read() : Data prepared for algorithms
2021-11-29 06:18:09,196 INFO - data.__preprocess() : Data prepared for neural networks
2021-11-29 06:18:09,197 INFO - discrete_nbc.__init__() : Algorithm initialized
2021-11-29 06:18:29,559 INFO - discrete_nbc.start() : Training started
2021-11-29 06:28:54,756 INFO - discrete_nbc.start() : Training completed
2021-11-29 06:28:54,757 INFO - discrete_nbc.start() : Prediction started
2021-11-29 06:33:27,989 INFO - discrete_nbc.start() : Prediction completed
2021-11-29 06:38:04,907 INFO - discrete_nbc.start() : Prediction results: method: DiscreteNBC, description: DiscreteNBC,  train_time: 625.1967387199402, predict_time: 273.2321925163269,  true_positive: 217, true_negative: 146, false_positive: 104, false_negative: 33, sensitivity: 0.868,  specificity: 0.584, precision: 0.67601246105919,  accuracy: 0.726,  error: 0.274, f1: 0.7600700525394045, myScore1: 1.0303997760252563, myScore2: 0.0012157293943912933, myScore3: 0.0027817734269873296
2021-11-29 06:38:28,239 INFO - statictics.insert() : History send to GIT
2021-11-29 06:38:28,240 INFO - real_boost.__init__() : Algorithm initialized
2021-11-29 06:38:28,241 INFO - real_boost.start() : Training started
2021-11-29 07:58:32,035 INFO - real_boost.start() : Training completed
2021-11-29 07:58:32,036 INFO - real_boost.start() : Prediction started
2021-11-29 07:58:32,134 INFO - real_boost.start() : Prediction completed
2021-11-29 07:58:32,869 INFO - real_boost.start() : Prediction results: method: RealBoost, description: An RealBoost classifier,  train_time: 4803.794079780579, predict_time: 0.09740614891052246,  true_positive: 207, true_negative: 188, false_positive: 62, false_negative: 43, sensitivity: 0.828,  specificity: 0.752, precision: 0.7695167286245354,  accuracy: 0.79,  error: 0.20999999999999996, f1: 0.7976878612716762, myScore1: 1.188986079688768, myScore2: 0.00016605371671304277, myScore3: 8.189296776371217
