2022-01-09 21:18:32,291 INFO - statictics.__init__() : Statistics initialized
2022-01-09 21:18:32,291 INFO - statictics.__init__() : Added link to history
2022-01-09 21:18:32,322 INFO - statictics.__init__() : History send to GIT
2022-01-09 21:18:34,280 INFO - data.__prepare() : Data prepared
2022-01-09 21:18:34,847 INFO - data.__augment() : Data augmented
2022-01-09 21:18:41,249 INFO - data.__copy() : Data copied
2022-01-09 21:18:47,024 INFO - data.__read() : Data prepared for algorithms
2022-01-09 21:18:47,352 INFO - data.__preprocess() : Data prepared for neural networks
2022-01-09 21:19:47,548 INFO - data.__pca() : Data processed by PCA
2022-01-09 21:19:47,564 INFO - discrete_nbc.__init__() : Algorithm initialized
2022-01-09 21:19:47,564 INFO - discrete_nbc.start() : Training started
2022-01-09 21:19:47,595 INFO - discrete_nbc.start() : Training completed
2022-01-09 21:19:47,595 INFO - discrete_nbc.start() : Prediction started
2022-01-09 21:19:47,626 INFO - discrete_nbc.start() : Prediction completed
2022-01-09 21:19:48,398 INFO - discrete_nbc.start() : Prediction results: method: DiscreteNBC, description: DiscreteNBC,  train_time: 0.03124856948852539, predict_time: 0.03124690055847168,  true_positive: 61, true_negative: 54, false_positive: 71, false_negative: 64, sensitivity: 0.488,  specificity: 0.432, precision: 0.4621212121212121,  accuracy: 0.46,  error: 0.54, f1: 0.47470817120622566, myScore1: 0.6067513920004193, myScore2: 15.191356883730007, myScore3: 15.19216827019096
2022-01-09 21:19:52,528 INFO - statictics.insert() : History send to GIT
2022-01-09 21:19:52,528 INFO - real_boost.__init__() : Algorithm initialized
2022-01-09 21:19:52,528 INFO - real_boost.start() : Training started
2022-01-09 21:19:53,048 INFO - real_boost.start() : Training completed
2022-01-09 21:19:53,048 INFO - real_boost.start() : Prediction started
2022-01-09 21:19:53,048 INFO - real_boost.start() : Prediction completed
2022-01-09 21:19:53,892 INFO - real_boost.start() : Prediction results: method: RealBoost, description: An RealBoost classifier,  train_time: 0.5205371379852295, predict_time: 0.0,  true_positive: 106, true_negative: 68, false_positive: 57, false_negative: 19, sensitivity: 0.848,  specificity: 0.544, precision: 0.6503067484662577,  accuracy: 0.696,  error: 0.30400000000000005, f1: 0.736111111111111, myScore1: 0.970833598823234, myScore2: 1.4141375463819426, myScore3: inf
2022-01-09 21:19:57,981 INFO - statictics.insert() : History send to GIT
2022-01-09 21:19:57,981 INFO - bernoulli_nbc.__init__() : Algorithm initialized
2022-01-09 21:19:57,981 INFO - bernoulli_nbc.start() : Training started
2022-01-09 21:19:57,981 INFO - bernoulli_nbc.start() : Training completed
2022-01-09 21:19:57,981 INFO - bernoulli_nbc.start() : Prediction started
2022-01-09 21:19:57,981 INFO - bernoulli_nbc.start() : Prediction completed
2022-01-09 21:19:58,715 INFO - bernoulli_nbc.start() : Prediction results: method: BernoulliNBC, description: Naive Bayes classifier for multivariate Bernoulli models,  train_time: 0.0, predict_time: 0.0,  true_positive: 110, true_negative: 51, false_positive: 74, false_negative: 15, sensitivity: 0.88,  specificity: 0.408, precision: 0.5978260869565217,  accuracy: 0.644,  error: 0.356, f1: 0.7119741100323623, myScore1: 0.8898685401163278, myScore2: inf, myScore3: inf
