2022-01-12 10:20:45,952 INFO - statictics.__init__() : Statistics initialized
2022-01-12 10:20:45,952 INFO - statictics.__init__() : Added link to history
2022-01-12 10:20:45,968 INFO - statictics.__init__() : History send to GIT
2022-01-12 10:21:11,858 INFO - data.__prepare() : Data prepared
2022-01-12 10:21:18,108 INFO - data.__augment() : Data augmented
2022-01-12 10:22:42,463 INFO - data.__copy() : Data copied
2022-01-12 10:24:03,370 INFO - data.__read() : Data prepared for algorithms
2022-01-12 10:24:06,229 INFO - data.__preprocess() : Data prepared for neural networks
2022-01-12 10:24:06,229 INFO - discrete_nbc.__init__() : Algorithm initialized
2022-01-12 10:25:40,917 INFO - discrete_nbc.start() : Training started
2022-01-12 11:43:04,986 INFO - discrete_nbc.start() : Training completed
2022-01-12 11:43:04,986 INFO - discrete_nbc.start() : Prediction started
2022-01-12 12:26:31,345 INFO - discrete_nbc.start() : Prediction completed
2022-01-12 13:09:49,119 INFO - discrete_nbc.start() : Prediction results: method: DiscreteNBC, description: DiscreteNBC,  train_time: 4644.06830406189, predict_time: 2606.35923743248,  true_positive: 749, true_negative: 2067, false_positive: 480, false_negative: 154, sensitivity: 0.8294573643410853,  specificity: 0.8115429917550059, precision: 0.6094385679414158,  accuracy: 0.816231884057971,  error: 0.18376811594202902, f1: 0.7026266416510321, myScore1: 1.2021444394899534, myScore2: 0.00015129550119589896, myScore3: 0.00026958165687980464
2022-01-12 13:09:56,467 INFO - statictics.insert() : History send to GIT
2022-01-12 13:09:56,467 INFO - real_boost.__init__() : Algorithm initialized
2022-01-12 13:09:56,467 INFO - real_boost.start() : Training started
2022-01-12 17:00:31,131 INFO - real_boost.start() : Training completed
2022-01-12 17:00:31,131 INFO - real_boost.start() : Prediction started
2022-01-12 17:00:31,981 INFO - real_boost.start() : Prediction completed
2022-01-12 17:00:34,470 INFO - real_boost.start() : Prediction results: method: RealBoost, description: An RealBoost classifier,  train_time: 13834.6642639637, predict_time: 0.849586009979248,  true_positive: 672, true_negative: 2428, false_positive: 119, false_negative: 231, sensitivity: 0.7441860465116279,  specificity: 0.9532783667059286, precision: 0.8495575221238938,  accuracy: 0.8985507246376812,  error: 0.10144927536231885, f1: 0.7933884297520661, myScore1: 1.7269657665882319, myScore2: 5.7347862919859285e-05, myScore3: 0.9338529830210427
2022-01-12 17:00:39,495 INFO - statictics.insert() : History send to GIT
2022-01-12 17:00:39,495 INFO - bernoulli_nbc.__init__() : Algorithm initialized
2022-01-12 17:00:39,495 INFO - bernoulli_nbc.start() : Training started
2022-01-12 17:02:19,176 INFO - bernoulli_nbc.start() : Training completed
2022-01-12 17:02:19,176 INFO - bernoulli_nbc.start() : Prediction started
2022-01-12 17:02:25,857 INFO - bernoulli_nbc.start() : Prediction completed
2022-01-12 17:02:33,738 INFO - bernoulli_nbc.start() : Prediction results: method: BernoulliNBC, description: Naive Bayes classifier for multivariate Bernoulli models,  train_time: 99.68067812919617, predict_time: 6.681330442428589,  true_positive: 721, true_negative: 1672, false_positive: 875, false_negative: 182, sensitivity: 0.7984496124031008,  specificity: 0.6564585787200629, precision: 0.4517543859649123,  accuracy: 0.6936231884057971,  error: 0.30637681159420294, f1: 0.5770308123249299, myScore1: 0.8749394415576424, myScore2: 0.005788793005371011, myScore3: 0.08636465705402017
2022-01-12 17:02:41,278 INFO - statictics.insert() : History send to GIT
2022-01-12 17:02:41,278 INFO - complement_nbc.__init__() : Algorithm initialized
2022-01-12 17:02:41,278 INFO - complement_nbc.start() : Training started
2022-01-12 17:04:19,433 INFO - complement_nbc.start() : Training completed
2022-01-12 17:04:19,433 INFO - complement_nbc.start() : Prediction started
2022-01-12 17:04:23,313 INFO - complement_nbc.start() : Prediction completed
2022-01-12 17:04:28,136 INFO - complement_nbc.start() : Prediction results: method: ComplementNBC, description: The Complement Naive Bayes classifier described in Rennie et al,  train_time: 98.15489268302917, predict_time: 3.8795711994171143,  true_positive: 755, true_negative: 1530, false_positive: 1017, false_negative: 148, sensitivity: 0.8361018826135105,  specificity: 0.6007067137809188, precision: 0.4260722347629797,  accuracy: 0.6623188405797101,  error: 0.33768115942028987, f1: 0.5644859813084111, myScore1: 0.8309002968837115, myScore2: 0.005750971407317425, myScore3: 0.14550215791714874
2022-01-12 17:04:38,780 INFO - statictics.insert() : History send to GIT
2022-01-12 17:04:38,780 INFO - gaussian_nbc.__init__() : Algorithm initialized
2022-01-12 17:04:38,780 INFO - gaussian_nbc.start() : Training started
2022-01-12 17:05:26,516 INFO - gaussian_nbc.start() : Training completed
2022-01-12 17:05:26,516 INFO - gaussian_nbc.start() : Prediction started
2022-01-12 17:05:49,350 INFO - gaussian_nbc.start() : Prediction completed
2022-01-12 17:06:13,426 INFO - gaussian_nbc.start() : Prediction results: method: GaussianNBC, description: Gaussian Naive Bayes (GaussianNB),  train_time: 47.7364022731781, predict_time: 22.83374261856079,  true_positive: 723, true_negative: 1799, false_positive: 748, false_negative: 180, sensitivity: 0.8006644518272426,  specificity: 0.7063211621515508, precision: 0.49150237933378654,  accuracy: 0.7310144927536232,  error: 0.2689855072463768, f1: 0.6090985678180287, myScore1: 0.949266773894945, myScore2: 0.012759624496466632, myScore3: 0.02667537153208133
2022-01-12 17:06:17,765 INFO - statictics.insert() : History send to GIT
2022-01-12 17:06:17,765 INFO - multinomial_nbc.__init__() : Algorithm initialized
2022-01-12 17:06:17,765 INFO - multinomial_nbc.start() : Training started
2022-01-12 17:07:55,486 INFO - multinomial_nbc.start() : Training completed
2022-01-12 17:07:55,486 INFO - multinomial_nbc.start() : Prediction started
2022-01-12 17:07:58,585 INFO - multinomial_nbc.start() : Prediction completed
2022-01-12 17:08:03,862 INFO - multinomial_nbc.start() : Prediction results: method: MultinomialNBC, description: Naive Bayes classifier for multinomial models,  train_time: 97.72075390815735, predict_time: 3.099398374557495,  true_positive: 755, true_negative: 1530, false_positive: 1017, false_negative: 148, sensitivity: 0.8361018826135105,  specificity: 0.6007067137809188, precision: 0.4260722347629797,  accuracy: 0.6623188405797101,  error: 0.33768115942028987, f1: 0.5644859813084111, myScore1: 0.8309002968837115, myScore2: 0.005776520940873441, myScore3: 0.182127598033926
2022-01-12 17:08:08,044 INFO - statictics.insert() : History send to GIT
2022-01-12 17:08:08,044 INFO - k_neighbors.__init__() : Algorithm initialized
2022-01-12 17:08:08,044 INFO - k_neighbors.start() : Training started
2022-01-12 17:08:08,872 INFO - k_neighbors.start() : Training completed
2022-01-12 17:08:08,872 INFO - k_neighbors.start() : Prediction started
2022-01-12 17:09:21,114 INFO - k_neighbors.start() : Prediction completed
2022-01-12 17:10:32,654 INFO - k_neighbors.start() : Prediction results: method: KNeighborsClassifier, description: Classifier implementing the k-nearest neighbors vote,  train_time: 0.8280727863311768, predict_time: 72.24186515808105,  true_positive: 606, true_negative: 2443, false_positive: 104, false_negative: 297, sensitivity: 0.6710963455149501,  specificity: 0.9591676482135846, precision: 0.8535211267605634,  accuracy: 0.883768115942029,  error: 0.11623188405797102, f1: 0.7513949163050216, myScore1: 1.5728019089776686, myScore2: 0.9074020167165731, myScore3: 0.010401100728238463
2022-01-12 17:10:37,304 INFO - statictics.insert() : History send to GIT
2022-01-12 17:10:37,304 INFO - nonlinear_svm.__init__() : Algorithm initialized
2022-01-12 17:10:37,304 INFO - nonlinear_svm.start() : Training started
2022-01-13 01:47:29,906 INFO - nonlinear_svm.start() : Training completed
2022-01-13 01:47:29,906 INFO - nonlinear_svm.start() : Prediction started
2022-01-13 08:12:04,079 INFO - nonlinear_svm.start() : Prediction completed
2022-01-13 14:40:31,105 INFO - nonlinear_svm.start() : Prediction results: method: NonLinearSVM, description: Non Linear Support Vector Classification,  train_time: 31012.602252960205, predict_time: 23074.172699689865,  true_positive: 743, true_negative: 2473, false_positive: 74, false_negative: 160, sensitivity: 0.82281284606866,  specificity: 0.9709462112288968, precision: 0.9094247246022031,  accuracy: 0.9321739130434783,  error: 0.0678260869565217, f1: 0.8639534883720931, myScore1: 2.269871488039346, myScore2: 2.785814235532677e-05, myScore3: 3.7442446999788006e-05
