2022-01-16 01:55:55,235 INFO - statictics.__init__() : Statistics initialized
2022-01-16 01:55:55,236 INFO - statictics.__init__() : Added link to history
2022-01-16 01:55:55,282 INFO - statictics.__init__() : History send to GIT
2022-01-16 01:57:19,699 INFO - data.__prepare() : Data prepared
2022-01-16 01:58:14,427 INFO - data.__augment() : Data augmented
2022-01-16 01:59:41,092 INFO - data.__copy() : Data copied
2022-01-16 02:01:48,207 INFO - data.__read() : Data prepared for algorithms
2022-01-16 02:01:51,053 INFO - data.__preprocess() : Data prepared for neural networks
2022-01-16 02:02:39,048 INFO - data.__pca() : Data processed by PCA
2022-01-16 02:02:39,064 INFO - discrete_nbc.__init__() : Algorithm initialized
2022-01-16 02:02:39,177 INFO - discrete_nbc.start() : Training started
2022-01-16 02:02:48,081 INFO - discrete_nbc.start() : Training completed
2022-01-16 02:02:48,081 INFO - discrete_nbc.start() : Prediction started
2022-01-16 02:02:51,131 INFO - discrete_nbc.start() : Prediction completed
2022-01-16 02:02:55,727 INFO - discrete_nbc.start() : Prediction results: method: DiscreteNBC, description: DiscreteNBC,  train_time: 8.904465198516846, predict_time: 3.0492522716522217,  true_positive: 234, true_negative: 1966, false_positive: 581, false_negative: 669, sensitivity: 0.2591362126245847,  specificity: 0.7718884962701217, precision: 0.2871165644171779,  accuracy: 0.6376811594202898,  error: 0.3623188405797102, f1: 0.2724097788125727, myScore1: 0.6077871326795037, myScore2: 0.030592491827352655, myScore3: 0.08933658305187353
2022-01-16 02:03:00,660 INFO - statictics.insert() : History send to GIT
2022-01-16 02:03:00,660 INFO - real_boost.__init__() : Algorithm initialized
2022-01-16 02:03:00,660 INFO - real_boost.start() : Training started
2022-01-16 02:03:14,017 INFO - real_boost.start() : Training completed
2022-01-16 02:03:14,017 INFO - real_boost.start() : Prediction started
2022-01-16 02:03:14,063 INFO - real_boost.start() : Prediction completed
2022-01-16 02:03:14,953 INFO - real_boost.start() : Prediction results: method: RealBoost, description: An RealBoost classifier,  train_time: 13.356334447860718, predict_time: 0.04598879814147949,  true_positive: 567, true_negative: 2394, false_positive: 153, false_negative: 336, sensitivity: 0.627906976744186,  specificity: 0.9399293286219081, precision: 0.7875,  accuracy: 0.8582608695652174,  error: 0.1417391304347826, f1: 0.6987060998151572, myScore1: 1.376234239793348, myScore2: 0.05231271368223853, myScore3: 15.192962809457741
2022-01-16 02:03:18,597 INFO - statictics.insert() : History send to GIT
2022-01-16 02:03:18,597 INFO - bernoulli_nbc.__init__() : Algorithm initialized
2022-01-16 02:03:18,598 INFO - bernoulli_nbc.start() : Training started
2022-01-16 02:03:18,701 INFO - bernoulli_nbc.start() : Training completed
2022-01-16 02:03:18,702 INFO - bernoulli_nbc.start() : Prediction started
2022-01-16 02:03:18,723 INFO - bernoulli_nbc.start() : Prediction completed
2022-01-16 02:03:19,560 INFO - bernoulli_nbc.start() : Prediction results: method: BernoulliNBC, description: Naive Bayes classifier for multivariate Bernoulli models,  train_time: 0.10293793678283691, predict_time: 0.020985126495361328,  true_positive: 396, true_negative: 2383, false_positive: 164, false_negative: 507, sensitivity: 0.43853820598006643,  specificity: 0.9356105221829604, precision: 0.7071428571428572,  accuracy: 0.8055072463768116,  error: 0.1944927536231884, f1: 0.5413533834586467, myScore1: 1.0735145480719595, myScore2: 5.259026947477228, myScore3: 25.797003586245264
