2022-01-10 10:56:30,100 INFO - statictics.__init__() : Statistics initialized
2022-01-10 10:56:30,100 INFO - statictics.__init__() : Added link to history
2022-01-10 10:56:30,131 INFO - statictics.__init__() : History send to GIT
2022-01-10 10:56:31,787 INFO - data.__prepare() : Data prepared
2022-01-10 10:56:32,366 INFO - data.__augment() : Data augmented
2022-01-10 10:56:38,069 INFO - data.__copy() : Data copied
2022-01-10 10:56:44,163 INFO - data.__read() : Data prepared for algorithms
2022-01-10 10:56:44,506 INFO - data.__preprocess() : Data prepared for neural networks
2022-01-10 10:57:42,928 INFO - data.__pca() : Data processed by PCA
2022-01-10 10:57:42,944 INFO - discrete_nbc.__init__() : Algorithm initialized
2022-01-10 10:57:42,944 INFO - discrete_nbc.start() : Training started
2022-01-10 10:57:43,116 INFO - discrete_nbc.start() : Training completed
2022-01-10 10:57:43,116 INFO - discrete_nbc.start() : Prediction started
2022-01-10 10:57:43,194 INFO - discrete_nbc.start() : Prediction completed
2022-01-10 10:57:44,084 INFO - discrete_nbc.start() : Prediction results: method: DiscreteNBC, description: DiscreteNBC,  train_time: 0.17183184623718262, predict_time: 0.07815337181091309,  true_positive: 56, true_negative: 66, false_positive: 59, false_negative: 69, sensitivity: 0.448,  specificity: 0.528, precision: 0.48695652173913045,  accuracy: 0.488,  error: 0.512, f1: 0.4666666666666667, myScore1: 0.6237414855072464, myScore2: 2.715833396927588, myScore3: 5.971164850004627
2022-01-10 10:57:48,288 INFO - statictics.insert() : History send to GIT
2022-01-10 10:57:48,288 INFO - real_boost.__init__() : Algorithm initialized
2022-01-10 10:57:48,288 INFO - real_boost.start() : Training started
2022-01-10 10:58:02,319 INFO - real_boost.start() : Training completed
2022-01-10 10:58:02,319 INFO - real_boost.start() : Prediction started
2022-01-10 10:58:02,334 INFO - real_boost.start() : Prediction completed
2022-01-10 10:58:03,084 INFO - real_boost.start() : Prediction results: method: RealBoost, description: An RealBoost classifier,  train_time: 14.03123426437378, predict_time: 0.015620231628417969,  true_positive: 102, true_negative: 62, false_positive: 63, false_negative: 23, sensitivity: 0.816,  specificity: 0.496, precision: 0.6181818181818182,  accuracy: 0.656,  error: 0.344, f1: 0.7034482758620689, myScore1: 0.9010399941678211, myScore2: 0.05013445450398972, myScore3: 45.034433073468755
2022-01-10 10:58:07,272 INFO - statictics.insert() : History send to GIT
2022-01-10 10:58:07,272 INFO - bernoulli_nbc.__init__() : Algorithm initialized
2022-01-10 10:58:07,272 INFO - bernoulli_nbc.start() : Training started
2022-01-10 10:58:07,272 INFO - bernoulli_nbc.start() : Training completed
2022-01-10 10:58:07,272 INFO - bernoulli_nbc.start() : Prediction started
2022-01-10 10:58:07,272 INFO - bernoulli_nbc.start() : Prediction completed
2022-01-10 10:58:08,147 INFO - bernoulli_nbc.start() : Prediction results: method: BernoulliNBC, description: Naive Bayes classifier for multivariate Bernoulli models,  train_time: 0.0, predict_time: 0.0,  true_positive: 108, true_negative: 60, false_positive: 65, false_negative: 17, sensitivity: 0.864,  specificity: 0.48, precision: 0.6242774566473989,  accuracy: 0.672,  error: 0.32799999999999996, f1: 0.7248322147651007, myScore1: 0.9313219018277781, myScore2: inf, myScore3: inf
2022-01-10 10:58:12,209 INFO - statictics.insert() : History send to GIT
2022-01-10 10:58:12,209 INFO - gaussian_nbc.__init__() : Algorithm initialized
2022-01-10 10:58:12,209 INFO - gaussian_nbc.start() : Training started
2022-01-10 10:58:12,209 INFO - gaussian_nbc.start() : Training completed
2022-01-10 10:58:12,209 INFO - gaussian_nbc.start() : Prediction started
2022-01-10 10:58:12,209 INFO - gaussian_nbc.start() : Prediction completed
2022-01-10 10:58:12,959 INFO - gaussian_nbc.start() : Prediction results: method: GaussianNBC, description: Gaussian Naive Bayes (GaussianNB),  train_time: 0.0, predict_time: 0.0,  true_positive: 122, true_negative: 36, false_positive: 89, false_negative: 3, sensitivity: 0.976,  specificity: 0.288, precision: 0.5781990521327014,  accuracy: 0.632,  error: 0.368, f1: 0.7261904761904762, myScore1: 0.882254273743291, myScore2: inf, myScore3: inf
2022-01-10 10:58:17,147 INFO - statictics.insert() : History send to GIT
2022-01-10 10:58:17,147 INFO - k_neighbors.__init__() : Algorithm initialized
2022-01-10 10:58:17,147 INFO - k_neighbors.start() : Training started
2022-01-10 10:58:17,147 INFO - k_neighbors.start() : Training completed
2022-01-10 10:58:17,147 INFO - k_neighbors.start() : Prediction started
2022-01-10 10:58:17,163 INFO - k_neighbors.start() : Prediction completed
2022-01-10 10:58:17,959 INFO - k_neighbors.start() : Prediction results: method: KNeighborsClassifier, description: Classifier implementing the k-nearest neighbors vote,  train_time: 0.0, predict_time: 0.015677213668823242,  true_positive: 115, true_negative: 52, false_positive: 73, false_negative: 10, sensitivity: 0.92,  specificity: 0.416, precision: 0.6117021276595744,  accuracy: 0.668,  error: 0.33199999999999996, f1: 0.7348242811501596, myScore1: 0.9301871726181457, myScore2: inf, myScore3: 46.87212260246733
