2022-01-09 23:00:39,491 INFO - statictics.__init__() : Statistics initialized
2022-01-09 23:00:39,491 INFO - statictics.__init__() : Added link to history
2022-01-09 23:00:39,506 INFO - statictics.__init__() : History send to GIT
2022-01-09 23:00:41,194 INFO - data.__prepare() : Data prepared
2022-01-09 23:00:42,491 INFO - data.__augment() : Data augmented
2022-01-09 23:00:49,303 INFO - data.__copy() : Data copied
2022-01-09 23:00:55,038 INFO - data.__read() : Data prepared for algorithms
2022-01-09 23:00:55,444 INFO - data.__preprocess() : Data prepared for neural networks
2022-01-09 23:01:54,153 INFO - data.__pca() : Data processed by PCA
2022-01-09 23:01:54,160 INFO - discrete_nbc.__init__() : Algorithm initialized
2022-01-09 23:01:54,160 INFO - discrete_nbc.start() : Training started
2022-01-09 23:01:54,235 INFO - discrete_nbc.start() : Training completed
2022-01-09 23:01:54,235 INFO - discrete_nbc.start() : Prediction started
2022-01-09 23:01:54,270 INFO - discrete_nbc.start() : Prediction completed
2022-01-09 23:01:55,155 INFO - discrete_nbc.start() : Prediction results: method: DiscreteNBC, description: DiscreteNBC,  train_time: 0.0742042064666748, predict_time: 0.03514432907104492,  true_positive: 61, true_negative: 54, false_positive: 71, false_negative: 64, sensitivity: 0.488,  specificity: 0.432, precision: 0.4621212121212121,  accuracy: 0.46,  error: 0.54, f1: 0.47470817120622566, myScore1: 0.6067513920004193, myScore2: 6.39732157798113, myScore3: 13.507390345867584
2022-01-09 23:01:58,811 INFO - statictics.insert() : History send to GIT
2022-01-09 23:01:58,811 INFO - real_boost.__init__() : Algorithm initialized
2022-01-09 23:01:58,811 INFO - real_boost.start() : Training started
2022-01-09 23:01:59,464 INFO - real_boost.start() : Training completed
2022-01-09 23:01:59,464 INFO - real_boost.start() : Prediction started
2022-01-09 23:01:59,468 INFO - real_boost.start() : Prediction completed
2022-01-09 23:02:00,269 INFO - real_boost.start() : Prediction results: method: RealBoost, description: An RealBoost classifier,  train_time: 0.6532790660858154, predict_time: 0.003901243209838867,  true_positive: 106, true_negative: 68, false_positive: 57, false_negative: 19, sensitivity: 0.848,  specificity: 0.544, precision: 0.6503067484662577,  accuracy: 0.696,  error: 0.30400000000000005, f1: 0.736111111111111, myScore1: 0.970833598823234, myScore2: 1.1267942741860562, myScore3: 188.6862908866209
2022-01-09 23:02:04,041 INFO - statictics.insert() : History send to GIT
2022-01-09 23:02:04,045 INFO - bernoulli_nbc.__init__() : Algorithm initialized
2022-01-09 23:02:04,045 INFO - bernoulli_nbc.start() : Training started
2022-01-09 23:02:04,045 INFO - bernoulli_nbc.start() : Training completed
2022-01-09 23:02:04,045 INFO - bernoulli_nbc.start() : Prediction started
2022-01-09 23:02:04,045 INFO - bernoulli_nbc.start() : Prediction completed
2022-01-09 23:02:04,898 INFO - bernoulli_nbc.start() : Prediction results: method: BernoulliNBC, description: Naive Bayes classifier for multivariate Bernoulli models,  train_time: 0.0, predict_time: 0.0,  true_positive: 110, true_negative: 51, false_positive: 74, false_negative: 15, sensitivity: 0.88,  specificity: 0.408, precision: 0.5978260869565217,  accuracy: 0.644,  error: 0.356, f1: 0.7119741100323623, myScore1: 0.8898685401163278, myScore2: inf, myScore3: inf
2022-01-09 23:02:08,609 INFO - statictics.insert() : History send to GIT
2022-01-09 23:02:08,609 INFO - gaussian_nbc.__init__() : Algorithm initialized
2022-01-09 23:02:08,609 INFO - gaussian_nbc.start() : Training started
2022-01-09 23:02:08,612 INFO - gaussian_nbc.start() : Training completed
2022-01-09 23:02:08,612 INFO - gaussian_nbc.start() : Prediction started
2022-01-09 23:02:08,612 INFO - gaussian_nbc.start() : Prediction completed
2022-01-09 23:02:09,445 INFO - gaussian_nbc.start() : Prediction results: method: GaussianNBC, description: Gaussian Naive Bayes (GaussianNB),  train_time: 0.003896474838256836, predict_time: 0.0,  true_positive: 102, true_negative: 31, false_positive: 94, false_negative: 23, sensitivity: 0.816,  specificity: 0.248, precision: 0.5204081632653061,  accuracy: 0.532,  error: 0.46799999999999997, f1: 0.6355140186915887, myScore1: 0.7430730393475388, myScore2: 163.09973631855874, myScore3: inf
